2019-06-10 18:38:38,825 ttest3_提交订单.py[line:19] INFO 本次接口测试请求地址为：http://192.168.3.214:8802//zlead/order/addOrder

2019-06-10 18:38:38,907 ttest3_提交订单.py[line:49] INFO 第1条用例"提交订单成功"开始执行
2019-06-10 18:38:38,984 ttest3_提交订单.py[line:52] INFO 请求数据:{'goodsId': '3511', 'buyNum': '1', 'buyType': '1', 'addressId': '1638', 'storeBuyType': '1', 'orderType': '0'}
2019-06-10 18:38:39,027 ttest3_提交订单.py[line:54] INFO 返回数据:{'code': 4, 'message': '库存不足，无法购买', 'data': '', 'success': False}
2019-06-10 18:38:39,076 ttest3_提交订单.py[line:57] INFO 预期结果：提交订单成功
2019-06-10 18:38:39,108 ttest3_提交订单.py[line:68] INFO 第1条用例执行结束，执行结果:失败
2019-06-10 18:38:39,126 ttest3_提交订单.py[line:49] INFO 第2条用例"提交订单成功"开始执行
2019-06-10 18:38:39,137 ttest3_提交订单.py[line:52] INFO 请求数据:{'goodsId': '3511', 'buyNum': '1', 'buyType': '1', 'addressId': '1638', 'storeBuyType': '1', 'orderType': '0'}
2019-06-10 18:38:39,171 ttest3_提交订单.py[line:54] INFO 返回数据:{'code': 4, 'message': '库存不足，无法购买', 'data': '', 'success': False}
2019-06-10 18:38:39,191 ttest3_提交订单.py[line:57] INFO 预期结果：提交订单成功
2019-06-10 18:38:39,207 ttest3_提交订单.py[line:68] INFO 第2条用例执行结束，执行结果:失败
2019-06-10 18:38:39,218 ttest3_提交订单.py[line:71] INFO 提交订单接口测试结果:用例总数1条，其中通过用例0条，失败用例1条
2019-06-10 18:38:39,234 ttest3_添加地址.py[line:22] INFO 本次接口测试请求地址为：http://192.168.3.214:8802/zlead/memaddr/addOrUpdateMemberAddress

2019-06-10 18:38:39,234 ttest3_添加地址.py[line:22] INFO 本次接口测试请求地址为：http://192.168.3.214:8802/zlead/memaddr/addOrUpdateMemberAddress

2019-06-10 18:38:39,339 ttest3_添加地址.py[line:53] INFO 获取cookie成功，cookies=<RequestsCookieJar[<Cookie JSESSIONID=D61AF5E7B9BDEE4CB9B6336A4800B2D7 for 192.168.3.214/>]>
2019-06-10 18:38:39,339 ttest3_添加地址.py[line:53] INFO 获取cookie成功，cookies=<RequestsCookieJar[<Cookie JSESSIONID=D61AF5E7B9BDEE4CB9B6336A4800B2D7 for 192.168.3.214/>]>
2019-06-10 18:38:39,428 ttest3_添加地址.py[line:55] INFO 登录成功
2019-06-10 18:38:39,428 ttest3_添加地址.py[line:55] INFO 登录成功
2019-06-10 18:38:39,466 ttest3_添加地址.py[line:60] INFO 第1条用例"添加购物车成功"开始执行
2019-06-10 18:38:39,466 ttest3_添加地址.py[line:60] INFO 第1条用例"添加购物车成功"开始执行
2019-06-10 18:38:39,492 ttest3_添加地址.py[line:65] INFO 请求数据:{'memberName': '徐徐', 'phone': '13100000000', 'provinceName': '上海市', 'cityName': '市辖区', 'countyName': '黄浦区', 'detailAddress': '泛太平洋大厦', 'isDefault': '1', 'type': '1'}
2019-06-10 18:38:39,492 ttest3_添加地址.py[line:65] INFO 请求数据:{'memberName': '徐徐', 'phone': '13100000000', 'provinceName': '上海市', 'cityName': '市辖区', 'countyName': '黄浦区', 'detailAddress': '泛太平洋大厦', 'isDefault': '1', 'type': '1'}
2019-06-10 18:38:39,625 ttest3_添加地址.py[line:69] INFO 返回数据:{"code":1,"message":"地址添加成功！","data":"","success":true}
2019-06-10 18:38:39,625 ttest3_添加地址.py[line:69] INFO 返回数据:{"code":1,"message":"地址添加成功！","data":"","success":true}
2019-06-10 18:38:39,707 ttest3_添加地址.py[line:74] INFO 地址添加成功！
2019-06-10 18:38:39,707 ttest3_添加地址.py[line:74] INFO 地址添加成功！
2019-06-10 18:38:39,743 ttest3_添加地址.py[line:79] INFO 第1条用例执行结束，执行结果:通过!

2019-06-10 18:38:39,743 ttest3_添加地址.py[line:79] INFO 第1条用例执行结束，执行结果:通过!

2019-06-10 18:38:39,775 ttest3_添加地址.py[line:92] INFO 加入购物车模块测试结果:用例总数1其中通过用例1条，失败用例0条
2019-06-10 18:38:39,775 ttest3_添加地址.py[line:92] INFO 加入购物车模块测试结果:用例总数1其中通过用例1条，失败用例0条
