2019-06-10 18:39:15,012 test2_登录_商城端.py[line:19] INFO 本次接口测试请求地址为：http://192.168.3.214:8802/zlead/member/login

2019-06-10 18:39:15,051 test2_登录_商城端.py[line:40] INFO 第1条用例"用户名和密码正确"开始执行
2019-06-10 18:39:15,060 test2_登录_商城端.py[line:42] INFO 请求数据:{'account': '15500000000', 'password': '111111'}
2019-06-10 18:39:15,132 test2_登录_商城端.py[line:44] INFO 返回数据:{'code': 1, 'message': '登录成功', 'data': {'headImg': None, 'memberType': 3, 'memberId': 2723, 'username': '15500000000'}, 'success': True}
2019-06-10 18:39:15,234 test2_登录_商城端.py[line:51] INFO 第1条用例执行结束，执行结果:通过!

2019-06-10 18:39:15,251 test2_登录_商城端.py[line:40] INFO 第2条用例"用户名错误"开始执行
2019-06-10 18:39:15,264 test2_登录_商城端.py[line:42] INFO 请求数据:{'account': '15500000001', 'password': '111111'}
2019-06-10 18:39:15,337 test2_登录_商城端.py[line:44] INFO 返回数据:{'code': 2, 'message': '登录用户不存在', 'data': '', 'success': False}
2019-06-10 18:39:15,402 test2_登录_商城端.py[line:51] INFO 第2条用例执行结束，执行结果:通过!

2019-06-10 18:39:15,421 test2_登录_商城端.py[line:40] INFO 第3条用例"密码错误"开始执行
2019-06-10 18:39:15,433 test2_登录_商城端.py[line:42] INFO 请求数据:{'account': '15500000000', 'password': '111112'}
2019-06-10 18:39:15,507 test2_登录_商城端.py[line:44] INFO 返回数据:{'code': 2, 'message': '用户名或密码错误', 'data': '', 'success': False}
2019-06-10 18:39:15,586 test2_登录_商城端.py[line:51] INFO 第3条用例执行结束，执行结果:通过!

2019-06-10 18:39:15,601 test2_登录_商城端.py[line:40] INFO 第4条用例"用户名为10位"开始执行
2019-06-10 18:39:15,614 test2_登录_商城端.py[line:42] INFO 请求数据:{'account': '1550010000', 'password': '111111'}
2019-06-10 18:39:15,688 test2_登录_商城端.py[line:44] INFO 返回数据:{'code': 2, 'message': '登录用户不存在', 'data': '', 'success': False}
2019-06-10 18:39:15,782 test2_登录_商城端.py[line:51] INFO 第4条用例执行结束，执行结果:通过!

2019-06-10 18:39:15,798 test2_登录_商城端.py[line:40] INFO 第5条用例"用户名为11位"开始执行
2019-06-10 18:39:15,813 test2_登录_商城端.py[line:42] INFO 请求数据:{'account': '155000000000', 'password': '111111'}
2019-06-10 18:39:15,888 test2_登录_商城端.py[line:44] INFO 返回数据:{'code': 2, 'message': '登录用户不存在', 'data': '', 'success': False}
2019-06-10 18:39:15,991 test2_登录_商城端.py[line:51] INFO 第5条用例执行结束，执行结果:通过!

2019-06-10 18:39:16,008 test2_登录_商城端.py[line:40] INFO 第6条用例"用户名为空"开始执行
2019-06-10 18:39:16,022 test2_登录_商城端.py[line:42] INFO 请求数据:{'account': 'None', 'password': '111111'}
2019-06-10 18:39:16,098 test2_登录_商城端.py[line:44] INFO 返回数据:{'code': 2, 'message': '登录用户不存在', 'data': '', 'success': False}
2019-06-10 18:39:16,188 test2_登录_商城端.py[line:51] INFO 第6条用例执行结束，执行结果:通过!

2019-06-10 18:39:16,202 test2_登录_商城端.py[line:40] INFO 第7条用例"密码为空"开始执行
2019-06-10 18:39:16,216 test2_登录_商城端.py[line:42] INFO 请求数据:{'account': '15500000000', 'password': 'None'}
2019-06-10 18:39:16,292 test2_登录_商城端.py[line:44] INFO 返回数据:{'code': 2, 'message': '用户名或密码错误', 'data': '', 'success': False}
2019-06-10 18:39:16,402 test2_登录_商城端.py[line:51] INFO 第7条用例执行结束，执行结果:通过!

2019-06-10 18:39:16,423 test2_登录_商城端.py[line:40] INFO 第8条用例"用户名和密码正确"开始执行
2019-06-10 18:39:16,438 test2_登录_商城端.py[line:42] INFO 请求数据:{'account': '15500000000', 'password': '111111'}
2019-06-10 18:39:16,516 test2_登录_商城端.py[line:44] INFO 返回数据:{'code': 1, 'message': '登录成功', 'data': {'headImg': None, 'memberType': 3, 'memberId': 2723, 'username': '15500000000'}, 'success': True}
2019-06-10 18:39:16,597 test2_登录_商城端.py[line:51] INFO 第8条用例执行结束，执行结果:通过!

2019-06-10 18:39:16,619 test2_登录_商城端.py[line:59] INFO 登录接口测试结果:用例总数8条，其中通过用例8条，失败用例0条
2019-06-10 18:39:16,638 test2_登录_工厂PC端.py[line:22] INFO 本次接口测试请求地址为：http://192.168.3.214:8803//zlead/login.do

2019-06-10 18:39:16,638 test2_登录_工厂PC端.py[line:22] INFO 本次接口测试请求地址为：http://192.168.3.214:8803//zlead/login.do

2019-06-10 18:39:16,714 test2_登录_工厂PC端.py[line:45] INFO 登录URL：http://192.168.3.214:8803//zlead/login.do
2019-06-10 18:39:16,714 test2_登录_工厂PC端.py[line:45] INFO 登录URL：http://192.168.3.214:8803//zlead/login.do
2019-06-10 18:39:16,760 test2_登录_工厂PC端.py[line:49] INFO 第1条用例"用户名和密码正确"开始执行
2019-06-10 18:39:16,760 test2_登录_工厂PC端.py[line:49] INFO 第1条用例"用户名和密码正确"开始执行
2019-06-10 18:39:16,788 test2_登录_工厂PC端.py[line:51] INFO 请求数据:{'loginName': '12345678901', 'userPwd': '96e79218965eb72c92a549dd5a330112', 'tid': 'b2b145bc3b824d368d6dfeeb1aca611a', 'rdmCode': ''}
2019-06-10 18:39:16,788 test2_登录_工厂PC端.py[line:51] INFO 请求数据:{'loginName': '12345678901', 'userPwd': '96e79218965eb72c92a549dd5a330112', 'tid': 'b2b145bc3b824d368d6dfeeb1aca611a', 'rdmCode': ''}
2019-06-10 18:39:16,839 test2_登录_工厂PC端.py[line:53] INFO 返回数据:{'state': True, 'data': 'dbd118be31fd6ade7d3bd5ce38a1dd4cd0b8eb41'}
2019-06-10 18:39:16,839 test2_登录_工厂PC端.py[line:53] INFO 返回数据:{'state': True, 'data': 'dbd118be31fd6ade7d3bd5ce38a1dd4cd0b8eb41'}
2019-06-10 18:39:16,875 test2_登录_工厂PC端.py[line:57] INFO True
2019-06-10 18:39:16,875 test2_登录_工厂PC端.py[line:57] INFO True
2019-06-10 18:39:16,905 test2_登录_工厂PC端.py[line:58] INFO True
2019-06-10 18:39:16,905 test2_登录_工厂PC端.py[line:58] INFO True
2019-06-10 18:39:16,938 test2_登录_工厂PC端.py[line:62] INFO 第1条用例执行结束，执行结果:通过!

2019-06-10 18:39:16,938 test2_登录_工厂PC端.py[line:62] INFO 第1条用例执行结束，执行结果:通过!

2019-06-10 18:39:16,966 test2_登录_工厂PC端.py[line:70] INFO 登录接口测试结果:用例总数1条，其中通过用例1条，失败用例0条
2019-06-10 18:39:16,966 test2_登录_工厂PC端.py[line:70] INFO 登录接口测试结果:用例总数1条，其中通过用例1条，失败用例0条
2019-06-10 18:39:17,026 test3_发送验证码.py[line:18] INFO 本次接口测试请求地址为：http://192.168.3.214:8802/zlead/member/sendVerifyCode

2019-06-10 18:39:17,026 test3_发送验证码.py[line:18] INFO 本次接口测试请求地址为：http://192.168.3.214:8802/zlead/member/sendVerifyCode

2019-06-10 18:39:17,026 test3_发送验证码.py[line:18] INFO 本次接口测试请求地址为：http://192.168.3.214:8802/zlead/member/sendVerifyCode

2019-06-10 18:39:17,071 test3_发送验证码.py[line:39] INFO 第1条用例"发送验证码成功"执行开始
2019-06-10 18:39:17,071 test3_发送验证码.py[line:39] INFO 第1条用例"发送验证码成功"执行开始
2019-06-10 18:39:17,071 test3_发送验证码.py[line:39] INFO 第1条用例"发送验证码成功"执行开始
2019-06-10 18:39:17,110 test3_发送验证码.py[line:41] INFO 发出请求数据：http://192.168.3.214:8802/zlead/member/sendVerifyCode{'phone': '15500000000'}
2019-06-10 18:39:17,110 test3_发送验证码.py[line:41] INFO 发出请求数据：http://192.168.3.214:8802/zlead/member/sendVerifyCode{'phone': '15500000000'}
2019-06-10 18:39:17,110 test3_发送验证码.py[line:41] INFO 发出请求数据：http://192.168.3.214:8802/zlead/member/sendVerifyCode{'phone': '15500000000'}
2019-06-10 18:39:20,698 test3_发送验证码.py[line:43] INFO 返回请求数据：{'code': 1, 'message': '验证码发送成功', 'data': '', 'success': True}
2019-06-10 18:39:20,698 test3_发送验证码.py[line:43] INFO 返回请求数据：{'code': 1, 'message': '验证码发送成功', 'data': '', 'success': True}
2019-06-10 18:39:20,698 test3_发送验证码.py[line:43] INFO 返回请求数据：{'code': 1, 'message': '验证码发送成功', 'data': '', 'success': True}
2019-06-10 18:39:20,788 test3_发送验证码.py[line:47] INFO 第1条用例执行结束，执行结果:通过!

2019-06-10 18:39:20,788 test3_发送验证码.py[line:47] INFO 第1条用例执行结束，执行结果:通过!

2019-06-10 18:39:20,788 test3_发送验证码.py[line:47] INFO 第1条用例执行结束，执行结果:通过!

2019-06-10 18:39:20,825 test3_发送验证码.py[line:55] INFO 发送验证码接口测试结果:用例总数1条，其中通过用例1条，失败用例0条
2019-06-10 18:39:20,825 test3_发送验证码.py[line:55] INFO 发送验证码接口测试结果:用例总数1条，其中通过用例1条，失败用例0条
2019-06-10 18:39:20,825 test3_发送验证码.py[line:55] INFO 发送验证码接口测试结果:用例总数1条，其中通过用例1条，失败用例0条
2019-06-10 18:39:20,863 test3_提交订单.py[line:19] INFO 本次接口测试请求地址为：http://192.168.3.214:8802//zlead/order/addOrder

2019-06-10 18:39:20,863 test3_提交订单.py[line:19] INFO 本次接口测试请求地址为：http://192.168.3.214:8802//zlead/order/addOrder

2019-06-10 18:39:20,863 test3_提交订单.py[line:19] INFO 本次接口测试请求地址为：http://192.168.3.214:8802//zlead/order/addOrder

2019-06-10 18:39:20,863 test3_提交订单.py[line:19] INFO 本次接口测试请求地址为：http://192.168.3.214:8802//zlead/order/addOrder

2019-06-10 18:39:20,985 test3_提交订单.py[line:49] INFO 第1条用例"提交订单成功"开始执行
2019-06-10 18:39:20,985 test3_提交订单.py[line:49] INFO 第1条用例"提交订单成功"开始执行
2019-06-10 18:39:20,985 test3_提交订单.py[line:49] INFO 第1条用例"提交订单成功"开始执行
2019-06-10 18:39:20,985 test3_提交订单.py[line:49] INFO 第1条用例"提交订单成功"开始执行
2019-06-10 18:39:21,097 test3_提交订单.py[line:52] INFO 请求数据:{'goodsId': '3511', 'buyNum': '1', 'buyType': '1', 'addressId': '1638', 'storeBuyType': '1', 'orderType': '0'}
2019-06-10 18:39:21,097 test3_提交订单.py[line:52] INFO 请求数据:{'goodsId': '3511', 'buyNum': '1', 'buyType': '1', 'addressId': '1638', 'storeBuyType': '1', 'orderType': '0'}
2019-06-10 18:39:21,097 test3_提交订单.py[line:52] INFO 请求数据:{'goodsId': '3511', 'buyNum': '1', 'buyType': '1', 'addressId': '1638', 'storeBuyType': '1', 'orderType': '0'}
2019-06-10 18:39:21,097 test3_提交订单.py[line:52] INFO 请求数据:{'goodsId': '3511', 'buyNum': '1', 'buyType': '1', 'addressId': '1638', 'storeBuyType': '1', 'orderType': '0'}
2019-06-10 18:39:21,181 test3_提交订单.py[line:54] INFO 返回数据:{'code': 4, 'message': '库存不足，无法购买', 'data': '', 'success': False}
2019-06-10 18:39:21,181 test3_提交订单.py[line:54] INFO 返回数据:{'code': 4, 'message': '库存不足，无法购买', 'data': '', 'success': False}
2019-06-10 18:39:21,181 test3_提交订单.py[line:54] INFO 返回数据:{'code': 4, 'message': '库存不足，无法购买', 'data': '', 'success': False}
2019-06-10 18:39:21,181 test3_提交订单.py[line:54] INFO 返回数据:{'code': 4, 'message': '库存不足，无法购买', 'data': '', 'success': False}
2019-06-10 18:39:21,253 test3_提交订单.py[line:57] INFO 预期结果：提交订单成功
2019-06-10 18:39:21,253 test3_提交订单.py[line:57] INFO 预期结果：提交订单成功
2019-06-10 18:39:21,253 test3_提交订单.py[line:57] INFO 预期结果：提交订单成功
2019-06-10 18:39:21,253 test3_提交订单.py[line:57] INFO 预期结果：提交订单成功
2019-06-10 18:39:21,317 test3_提交订单.py[line:68] INFO 第1条用例执行结束，执行结果:失败
2019-06-10 18:39:21,317 test3_提交订单.py[line:68] INFO 第1条用例执行结束，执行结果:失败
2019-06-10 18:39:21,317 test3_提交订单.py[line:68] INFO 第1条用例执行结束，执行结果:失败
2019-06-10 18:39:21,317 test3_提交订单.py[line:68] INFO 第1条用例执行结束，执行结果:失败
2019-06-10 18:39:21,376 test3_提交订单.py[line:49] INFO 第2条用例"提交订单成功"开始执行
2019-06-10 18:39:21,376 test3_提交订单.py[line:49] INFO 第2条用例"提交订单成功"开始执行
2019-06-10 18:39:21,376 test3_提交订单.py[line:49] INFO 第2条用例"提交订单成功"开始执行
2019-06-10 18:39:21,376 test3_提交订单.py[line:49] INFO 第2条用例"提交订单成功"开始执行
2019-06-10 18:39:21,436 test3_提交订单.py[line:52] INFO 请求数据:{'goodsId': '3511', 'buyNum': '1', 'buyType': '1', 'addressId': '1638', 'storeBuyType': '1', 'orderType': '0'}
2019-06-10 18:39:21,436 test3_提交订单.py[line:52] INFO 请求数据:{'goodsId': '3511', 'buyNum': '1', 'buyType': '1', 'addressId': '1638', 'storeBuyType': '1', 'orderType': '0'}
2019-06-10 18:39:21,436 test3_提交订单.py[line:52] INFO 请求数据:{'goodsId': '3511', 'buyNum': '1', 'buyType': '1', 'addressId': '1638', 'storeBuyType': '1', 'orderType': '0'}
2019-06-10 18:39:21,436 test3_提交订单.py[line:52] INFO 请求数据:{'goodsId': '3511', 'buyNum': '1', 'buyType': '1', 'addressId': '1638', 'storeBuyType': '1', 'orderType': '0'}
2019-06-10 18:39:21,527 test3_提交订单.py[line:54] INFO 返回数据:{'code': 4, 'message': '库存不足，无法购买', 'data': '', 'success': False}
2019-06-10 18:39:21,527 test3_提交订单.py[line:54] INFO 返回数据:{'code': 4, 'message': '库存不足，无法购买', 'data': '', 'success': False}
2019-06-10 18:39:21,527 test3_提交订单.py[line:54] INFO 返回数据:{'code': 4, 'message': '库存不足，无法购买', 'data': '', 'success': False}
2019-06-10 18:39:21,527 test3_提交订单.py[line:54] INFO 返回数据:{'code': 4, 'message': '库存不足，无法购买', 'data': '', 'success': False}
2019-06-10 18:39:21,599 test3_提交订单.py[line:57] INFO 预期结果：提交订单成功
2019-06-10 18:39:21,599 test3_提交订单.py[line:57] INFO 预期结果：提交订单成功
2019-06-10 18:39:21,599 test3_提交订单.py[line:57] INFO 预期结果：提交订单成功
2019-06-10 18:39:21,599 test3_提交订单.py[line:57] INFO 预期结果：提交订单成功
2019-06-10 18:39:21,668 test3_提交订单.py[line:68] INFO 第2条用例执行结束，执行结果:失败
2019-06-10 18:39:21,668 test3_提交订单.py[line:68] INFO 第2条用例执行结束，执行结果:失败
2019-06-10 18:39:21,668 test3_提交订单.py[line:68] INFO 第2条用例执行结束，执行结果:失败
2019-06-10 18:39:21,668 test3_提交订单.py[line:68] INFO 第2条用例执行结束，执行结果:失败
2019-06-10 18:39:21,729 test3_提交订单.py[line:71] INFO 提交订单接口测试结果:用例总数1条，其中通过用例0条，失败用例1条
2019-06-10 18:39:21,729 test3_提交订单.py[line:71] INFO 提交订单接口测试结果:用例总数1条，其中通过用例0条，失败用例1条
2019-06-10 18:39:21,729 test3_提交订单.py[line:71] INFO 提交订单接口测试结果:用例总数1条，其中通过用例0条，失败用例1条
2019-06-10 18:39:21,729 test3_提交订单.py[line:71] INFO 提交订单接口测试结果:用例总数1条，其中通过用例0条，失败用例1条
2019-06-10 18:39:21,794 test3_查询购物车.py[line:19] INFO 本次接口测试请求地址为：http://192.168.3.214:8802/zlead/shopcart/shoppingCartGoods

2019-06-10 18:39:21,794 test3_查询购物车.py[line:19] INFO 本次接口测试请求地址为：http://192.168.3.214:8802/zlead/shopcart/shoppingCartGoods

2019-06-10 18:39:21,794 test3_查询购物车.py[line:19] INFO 本次接口测试请求地址为：http://192.168.3.214:8802/zlead/shopcart/shoppingCartGoods

2019-06-10 18:39:21,794 test3_查询购物车.py[line:19] INFO 本次接口测试请求地址为：http://192.168.3.214:8802/zlead/shopcart/shoppingCartGoods

2019-06-10 18:39:21,794 test3_查询购物车.py[line:19] INFO 本次接口测试请求地址为：http://192.168.3.214:8802/zlead/shopcart/shoppingCartGoods

2019-06-10 18:39:21,977 test3_查询购物车.py[line:52] INFO 请求数据:{'code': 1, 'message': '返回购物车信息!', 'data': [{'goodsList': [{'goodsImg': 'http://210.22.139.138:58803/myapp/uploads/attach/201904/d1/7038e72a94d142f4983ba78b86c76beb.jpg', 'goodsId': 3423, 'count': 1, 'isMarketable': 1, 'facId': 35, 'shopName': '龙华建材经销公司商城', 'agentDiscount': 0.5, 'prodType': 0, 'thisGoodsModel': '', 'modelName': '网络特供110', 'specNames': '19*19', 'goodsPointPrice': 0.0, 'goodsPrice': 10.0, 'thisGoodsAttr': ['黄'], 'storeName': None, 'id': 14437, 'shopId': 710, 'stock': 10, 'goodsName': '金刚石小锯片锋利耐磨云石片波纹型瓷砖大理'}], 'shopName': '龙华建材经销公司', 'facId': {'factory_id': 35}, 'shopId': 710}], 'success': True}
2019-06-10 18:39:21,977 test3_查询购物车.py[line:52] INFO 请求数据:{'code': 1, 'message': '返回购物车信息!', 'data': [{'goodsList': [{'goodsImg': 'http://210.22.139.138:58803/myapp/uploads/attach/201904/d1/7038e72a94d142f4983ba78b86c76beb.jpg', 'goodsId': 3423, 'count': 1, 'isMarketable': 1, 'facId': 35, 'shopName': '龙华建材经销公司商城', 'agentDiscount': 0.5, 'prodType': 0, 'thisGoodsModel': '', 'modelName': '网络特供110', 'specNames': '19*19', 'goodsPointPrice': 0.0, 'goodsPrice': 10.0, 'thisGoodsAttr': ['黄'], 'storeName': None, 'id': 14437, 'shopId': 710, 'stock': 10, 'goodsName': '金刚石小锯片锋利耐磨云石片波纹型瓷砖大理'}], 'shopName': '龙华建材经销公司', 'facId': {'factory_id': 35}, 'shopId': 710}], 'success': True}
2019-06-10 18:39:21,977 test3_查询购物车.py[line:52] INFO 请求数据:{'code': 1, 'message': '返回购物车信息!', 'data': [{'goodsList': [{'goodsImg': 'http://210.22.139.138:58803/myapp/uploads/attach/201904/d1/7038e72a94d142f4983ba78b86c76beb.jpg', 'goodsId': 3423, 'count': 1, 'isMarketable': 1, 'facId': 35, 'shopName': '龙华建材经销公司商城', 'agentDiscount': 0.5, 'prodType': 0, 'thisGoodsModel': '', 'modelName': '网络特供110', 'specNames': '19*19', 'goodsPointPrice': 0.0, 'goodsPrice': 10.0, 'thisGoodsAttr': ['黄'], 'storeName': None, 'id': 14437, 'shopId': 710, 'stock': 10, 'goodsName': '金刚石小锯片锋利耐磨云石片波纹型瓷砖大理'}], 'shopName': '龙华建材经销公司', 'facId': {'factory_id': 35}, 'shopId': 710}], 'success': True}
2019-06-10 18:39:21,977 test3_查询购物车.py[line:52] INFO 请求数据:{'code': 1, 'message': '返回购物车信息!', 'data': [{'goodsList': [{'goodsImg': 'http://210.22.139.138:58803/myapp/uploads/attach/201904/d1/7038e72a94d142f4983ba78b86c76beb.jpg', 'goodsId': 3423, 'count': 1, 'isMarketable': 1, 'facId': 35, 'shopName': '龙华建材经销公司商城', 'agentDiscount': 0.5, 'prodType': 0, 'thisGoodsModel': '', 'modelName': '网络特供110', 'specNames': '19*19', 'goodsPointPrice': 0.0, 'goodsPrice': 10.0, 'thisGoodsAttr': ['黄'], 'storeName': None, 'id': 14437, 'shopId': 710, 'stock': 10, 'goodsName': '金刚石小锯片锋利耐磨云石片波纹型瓷砖大理'}], 'shopName': '龙华建材经销公司', 'facId': {'factory_id': 35}, 'shopId': 710}], 'success': True}
2019-06-10 18:39:21,977 test3_查询购物车.py[line:52] INFO 请求数据:{'code': 1, 'message': '返回购物车信息!', 'data': [{'goodsList': [{'goodsImg': 'http://210.22.139.138:58803/myapp/uploads/attach/201904/d1/7038e72a94d142f4983ba78b86c76beb.jpg', 'goodsId': 3423, 'count': 1, 'isMarketable': 1, 'facId': 35, 'shopName': '龙华建材经销公司商城', 'agentDiscount': 0.5, 'prodType': 0, 'thisGoodsModel': '', 'modelName': '网络特供110', 'specNames': '19*19', 'goodsPointPrice': 0.0, 'goodsPrice': 10.0, 'thisGoodsAttr': ['黄'], 'storeName': None, 'id': 14437, 'shopId': 710, 'stock': 10, 'goodsName': '金刚石小锯片锋利耐磨云石片波纹型瓷砖大理'}], 'shopName': '龙华建材经销公司', 'facId': {'factory_id': 35}, 'shopId': 710}], 'success': True}
2019-06-10 18:39:22,285 test3_查询购物车.py[line:62] INFO 执行SQL查询:SELECT sum(count) from t_shopping_cart where member_id = (SELECT id from t_member where member_id = '15500000000') and is_buy = '0'
2019-06-10 18:39:22,285 test3_查询购物车.py[line:62] INFO 执行SQL查询:SELECT sum(count) from t_shopping_cart where member_id = (SELECT id from t_member where member_id = '15500000000') and is_buy = '0'
2019-06-10 18:39:22,285 test3_查询购物车.py[line:62] INFO 执行SQL查询:SELECT sum(count) from t_shopping_cart where member_id = (SELECT id from t_member where member_id = '15500000000') and is_buy = '0'
2019-06-10 18:39:22,285 test3_查询购物车.py[line:62] INFO 执行SQL查询:SELECT sum(count) from t_shopping_cart where member_id = (SELECT id from t_member where member_id = '15500000000') and is_buy = '0'
2019-06-10 18:39:22,285 test3_查询购物车.py[line:62] INFO 执行SQL查询:SELECT sum(count) from t_shopping_cart where member_id = (SELECT id from t_member where member_id = '15500000000') and is_buy = '0'
2019-06-10 18:39:22,536 test3_查询购物车.py[line:67] INFO 查询购物车成功
2019-06-10 18:39:22,536 test3_查询购物车.py[line:67] INFO 查询购物车成功
2019-06-10 18:39:22,536 test3_查询购物车.py[line:67] INFO 查询购物车成功
2019-06-10 18:39:22,536 test3_查询购物车.py[line:67] INFO 查询购物车成功
2019-06-10 18:39:22,536 test3_查询购物车.py[line:67] INFO 查询购物车成功
2019-06-10 18:39:22,645 test3_查询购物车.py[line:72] INFO 查看购物车接口测试结果:用例总数1条，其中通过用例1条，失败用例0条
2019-06-10 18:39:22,645 test3_查询购物车.py[line:72] INFO 查看购物车接口测试结果:用例总数1条，其中通过用例1条，失败用例0条
2019-06-10 18:39:22,645 test3_查询购物车.py[line:72] INFO 查看购物车接口测试结果:用例总数1条，其中通过用例1条，失败用例0条
2019-06-10 18:39:22,645 test3_查询购物车.py[line:72] INFO 查看购物车接口测试结果:用例总数1条，其中通过用例1条，失败用例0条
2019-06-10 18:39:22,645 test3_查询购物车.py[line:72] INFO 查看购物车接口测试结果:用例总数1条，其中通过用例1条，失败用例0条
2019-06-10 18:39:22,741 test3_添加地址.py[line:22] INFO 本次接口测试请求地址为：http://192.168.3.214:8802/zlead/memaddr/addOrUpdateMemberAddress

2019-06-10 18:39:22,741 test3_添加地址.py[line:22] INFO 本次接口测试请求地址为：http://192.168.3.214:8802/zlead/memaddr/addOrUpdateMemberAddress

2019-06-10 18:39:22,741 test3_添加地址.py[line:22] INFO 本次接口测试请求地址为：http://192.168.3.214:8802/zlead/memaddr/addOrUpdateMemberAddress

2019-06-10 18:39:22,741 test3_添加地址.py[line:22] INFO 本次接口测试请求地址为：http://192.168.3.214:8802/zlead/memaddr/addOrUpdateMemberAddress

2019-06-10 18:39:22,741 test3_添加地址.py[line:22] INFO 本次接口测试请求地址为：http://192.168.3.214:8802/zlead/memaddr/addOrUpdateMemberAddress

2019-06-10 18:39:22,741 test3_添加地址.py[line:22] INFO 本次接口测试请求地址为：http://192.168.3.214:8802/zlead/memaddr/addOrUpdateMemberAddress

2019-06-10 18:39:22,892 test3_添加地址.py[line:53] INFO 获取cookie成功，cookies=<RequestsCookieJar[<Cookie JSESSIONID=9C14270181B9183D097161A6965D01C1 for 192.168.3.214/>]>
2019-06-10 18:39:22,892 test3_添加地址.py[line:53] INFO 获取cookie成功，cookies=<RequestsCookieJar[<Cookie JSESSIONID=9C14270181B9183D097161A6965D01C1 for 192.168.3.214/>]>
2019-06-10 18:39:22,892 test3_添加地址.py[line:53] INFO 获取cookie成功，cookies=<RequestsCookieJar[<Cookie JSESSIONID=9C14270181B9183D097161A6965D01C1 for 192.168.3.214/>]>
2019-06-10 18:39:22,892 test3_添加地址.py[line:53] INFO 获取cookie成功，cookies=<RequestsCookieJar[<Cookie JSESSIONID=9C14270181B9183D097161A6965D01C1 for 192.168.3.214/>]>
2019-06-10 18:39:22,892 test3_添加地址.py[line:53] INFO 获取cookie成功，cookies=<RequestsCookieJar[<Cookie JSESSIONID=9C14270181B9183D097161A6965D01C1 for 192.168.3.214/>]>
2019-06-10 18:39:22,892 test3_添加地址.py[line:53] INFO 获取cookie成功，cookies=<RequestsCookieJar[<Cookie JSESSIONID=9C14270181B9183D097161A6965D01C1 for 192.168.3.214/>]>
2019-06-10 18:39:23,049 test3_添加地址.py[line:55] INFO 登录成功
2019-06-10 18:39:23,049 test3_添加地址.py[line:55] INFO 登录成功
2019-06-10 18:39:23,049 test3_添加地址.py[line:55] INFO 登录成功
2019-06-10 18:39:23,049 test3_添加地址.py[line:55] INFO 登录成功
2019-06-10 18:39:23,049 test3_添加地址.py[line:55] INFO 登录成功
2019-06-10 18:39:23,049 test3_添加地址.py[line:55] INFO 登录成功
2019-06-10 18:39:23,145 test3_添加地址.py[line:60] INFO 第1条用例"添加购物车成功"开始执行
2019-06-10 18:39:23,145 test3_添加地址.py[line:60] INFO 第1条用例"添加购物车成功"开始执行
2019-06-10 18:39:23,145 test3_添加地址.py[line:60] INFO 第1条用例"添加购物车成功"开始执行
2019-06-10 18:39:23,145 test3_添加地址.py[line:60] INFO 第1条用例"添加购物车成功"开始执行
2019-06-10 18:39:23,145 test3_添加地址.py[line:60] INFO 第1条用例"添加购物车成功"开始执行
2019-06-10 18:39:23,145 test3_添加地址.py[line:60] INFO 第1条用例"添加购物车成功"开始执行
2019-06-10 18:39:23,225 test3_添加地址.py[line:65] INFO 请求数据:{'memberName': '徐徐', 'phone': '13100000000', 'provinceName': '上海市', 'cityName': '市辖区', 'countyName': '黄浦区', 'detailAddress': '泛太平洋大厦', 'isDefault': '1', 'type': '1'}
2019-06-10 18:39:23,225 test3_添加地址.py[line:65] INFO 请求数据:{'memberName': '徐徐', 'phone': '13100000000', 'provinceName': '上海市', 'cityName': '市辖区', 'countyName': '黄浦区', 'detailAddress': '泛太平洋大厦', 'isDefault': '1', 'type': '1'}
2019-06-10 18:39:23,225 test3_添加地址.py[line:65] INFO 请求数据:{'memberName': '徐徐', 'phone': '13100000000', 'provinceName': '上海市', 'cityName': '市辖区', 'countyName': '黄浦区', 'detailAddress': '泛太平洋大厦', 'isDefault': '1', 'type': '1'}
2019-06-10 18:39:23,225 test3_添加地址.py[line:65] INFO 请求数据:{'memberName': '徐徐', 'phone': '13100000000', 'provinceName': '上海市', 'cityName': '市辖区', 'countyName': '黄浦区', 'detailAddress': '泛太平洋大厦', 'isDefault': '1', 'type': '1'}
2019-06-10 18:39:23,225 test3_添加地址.py[line:65] INFO 请求数据:{'memberName': '徐徐', 'phone': '13100000000', 'provinceName': '上海市', 'cityName': '市辖区', 'countyName': '黄浦区', 'detailAddress': '泛太平洋大厦', 'isDefault': '1', 'type': '1'}
2019-06-10 18:39:23,225 test3_添加地址.py[line:65] INFO 请求数据:{'memberName': '徐徐', 'phone': '13100000000', 'provinceName': '上海市', 'cityName': '市辖区', 'countyName': '黄浦区', 'detailAddress': '泛太平洋大厦', 'isDefault': '1', 'type': '1'}
2019-06-10 18:39:23,453 test3_添加地址.py[line:69] INFO 返回数据:{"code":1,"message":"地址添加成功！","data":"","success":true}
2019-06-10 18:39:23,453 test3_添加地址.py[line:69] INFO 返回数据:{"code":1,"message":"地址添加成功！","data":"","success":true}
2019-06-10 18:39:23,453 test3_添加地址.py[line:69] INFO 返回数据:{"code":1,"message":"地址添加成功！","data":"","success":true}
2019-06-10 18:39:23,453 test3_添加地址.py[line:69] INFO 返回数据:{"code":1,"message":"地址添加成功！","data":"","success":true}
2019-06-10 18:39:23,453 test3_添加地址.py[line:69] INFO 返回数据:{"code":1,"message":"地址添加成功！","data":"","success":true}
2019-06-10 18:39:23,453 test3_添加地址.py[line:69] INFO 返回数据:{"code":1,"message":"地址添加成功！","data":"","success":true}
2019-06-10 18:39:23,643 test3_添加地址.py[line:74] INFO 地址添加成功！
2019-06-10 18:39:23,643 test3_添加地址.py[line:74] INFO 地址添加成功！
2019-06-10 18:39:23,643 test3_添加地址.py[line:74] INFO 地址添加成功！
2019-06-10 18:39:23,643 test3_添加地址.py[line:74] INFO 地址添加成功！
2019-06-10 18:39:23,643 test3_添加地址.py[line:74] INFO 地址添加成功！
2019-06-10 18:39:23,643 test3_添加地址.py[line:74] INFO 地址添加成功！
2019-06-10 18:39:23,763 test3_添加地址.py[line:79] INFO 第1条用例执行结束，执行结果:通过!

2019-06-10 18:39:23,763 test3_添加地址.py[line:79] INFO 第1条用例执行结束，执行结果:通过!

2019-06-10 18:39:23,763 test3_添加地址.py[line:79] INFO 第1条用例执行结束，执行结果:通过!

2019-06-10 18:39:23,763 test3_添加地址.py[line:79] INFO 第1条用例执行结束，执行结果:通过!

2019-06-10 18:39:23,763 test3_添加地址.py[line:79] INFO 第1条用例执行结束，执行结果:通过!

2019-06-10 18:39:23,763 test3_添加地址.py[line:79] INFO 第1条用例执行结束，执行结果:通过!

2019-06-10 18:39:23,856 test3_添加地址.py[line:92] INFO 加入购物车模块测试结果:用例总数1其中通过用例1条，失败用例0条
2019-06-10 18:39:23,856 test3_添加地址.py[line:92] INFO 加入购物车模块测试结果:用例总数1其中通过用例1条，失败用例0条
2019-06-10 18:39:23,856 test3_添加地址.py[line:92] INFO 加入购物车模块测试结果:用例总数1其中通过用例1条，失败用例0条
2019-06-10 18:39:23,856 test3_添加地址.py[line:92] INFO 加入购物车模块测试结果:用例总数1其中通过用例1条，失败用例0条
2019-06-10 18:39:23,856 test3_添加地址.py[line:92] INFO 加入购物车模块测试结果:用例总数1其中通过用例1条，失败用例0条
2019-06-10 18:39:23,856 test3_添加地址.py[line:92] INFO 加入购物车模块测试结果:用例总数1其中通过用例1条，失败用例0条
2019-06-10 18:39:23,944 test3_立即购买商品详情页.py[line:19] INFO 本次接口测试请求地址为：http://192.168.3.214:8802//zlead/order/newConfirmOrder

2019-06-10 18:39:23,944 test3_立即购买商品详情页.py[line:19] INFO 本次接口测试请求地址为：http://192.168.3.214:8802//zlead/order/newConfirmOrder

2019-06-10 18:39:23,944 test3_立即购买商品详情页.py[line:19] INFO 本次接口测试请求地址为：http://192.168.3.214:8802//zlead/order/newConfirmOrder

2019-06-10 18:39:23,944 test3_立即购买商品详情页.py[line:19] INFO 本次接口测试请求地址为：http://192.168.3.214:8802//zlead/order/newConfirmOrder

2019-06-10 18:39:23,944 test3_立即购买商品详情页.py[line:19] INFO 本次接口测试请求地址为：http://192.168.3.214:8802//zlead/order/newConfirmOrder

2019-06-10 18:39:23,944 test3_立即购买商品详情页.py[line:19] INFO 本次接口测试请求地址为：http://192.168.3.214:8802//zlead/order/newConfirmOrder

2019-06-10 18:39:23,944 test3_立即购买商品详情页.py[line:19] INFO 本次接口测试请求地址为：http://192.168.3.214:8802//zlead/order/newConfirmOrder

2019-06-10 18:39:24,157 test3_立即购买商品详情页.py[line:47] INFO 第1条用例"提交订单成功"开始执行
2019-06-10 18:39:24,157 test3_立即购买商品详情页.py[line:47] INFO 第1条用例"提交订单成功"开始执行
2019-06-10 18:39:24,157 test3_立即购买商品详情页.py[line:47] INFO 第1条用例"提交订单成功"开始执行
2019-06-10 18:39:24,157 test3_立即购买商品详情页.py[line:47] INFO 第1条用例"提交订单成功"开始执行
2019-06-10 18:39:24,157 test3_立即购买商品详情页.py[line:47] INFO 第1条用例"提交订单成功"开始执行
2019-06-10 18:39:24,157 test3_立即购买商品详情页.py[line:47] INFO 第1条用例"提交订单成功"开始执行
2019-06-10 18:39:24,157 test3_立即购买商品详情页.py[line:47] INFO 第1条用例"提交订单成功"开始执行
2019-06-10 18:39:24,240 test3_立即购买商品详情页.py[line:50] INFO 请求数据:{'goodsId': 3511, 'buyNum': 1}
2019-06-10 18:39:24,240 test3_立即购买商品详情页.py[line:50] INFO 请求数据:{'goodsId': 3511, 'buyNum': 1}
2019-06-10 18:39:24,240 test3_立即购买商品详情页.py[line:50] INFO 请求数据:{'goodsId': 3511, 'buyNum': 1}
2019-06-10 18:39:24,240 test3_立即购买商品详情页.py[line:50] INFO 请求数据:{'goodsId': 3511, 'buyNum': 1}
2019-06-10 18:39:24,240 test3_立即购买商品详情页.py[line:50] INFO 请求数据:{'goodsId': 3511, 'buyNum': 1}
2019-06-10 18:39:24,240 test3_立即购买商品详情页.py[line:50] INFO 请求数据:{'goodsId': 3511, 'buyNum': 1}
2019-06-10 18:39:24,240 test3_立即购买商品详情页.py[line:50] INFO 请求数据:{'goodsId': 3511, 'buyNum': 1}
2019-06-10 18:39:24,345 test3_立即购买商品详情页.py[line:55] INFO 返回数据:{'code': 4, 'message': '库存不足，无法购买', 'data': '', 'success': False}
2019-06-10 18:39:24,345 test3_立即购买商品详情页.py[line:55] INFO 返回数据:{'code': 4, 'message': '库存不足，无法购买', 'data': '', 'success': False}
2019-06-10 18:39:24,345 test3_立即购买商品详情页.py[line:55] INFO 返回数据:{'code': 4, 'message': '库存不足，无法购买', 'data': '', 'success': False}
2019-06-10 18:39:24,345 test3_立即购买商品详情页.py[line:55] INFO 返回数据:{'code': 4, 'message': '库存不足，无法购买', 'data': '', 'success': False}
2019-06-10 18:39:24,345 test3_立即购买商品详情页.py[line:55] INFO 返回数据:{'code': 4, 'message': '库存不足，无法购买', 'data': '', 'success': False}
2019-06-10 18:39:24,345 test3_立即购买商品详情页.py[line:55] INFO 返回数据:{'code': 4, 'message': '库存不足，无法购买', 'data': '', 'success': False}
2019-06-10 18:39:24,345 test3_立即购买商品详情页.py[line:55] INFO 返回数据:{'code': 4, 'message': '库存不足，无法购买', 'data': '', 'success': False}
2019-06-10 18:39:24,453 test3_立即购买商品详情页.py[line:67] INFO 第1条用例执行结束，执行结果:失败
2019-06-10 18:39:24,453 test3_立即购买商品详情页.py[line:67] INFO 第1条用例执行结束，执行结果:失败
2019-06-10 18:39:24,453 test3_立即购买商品详情页.py[line:67] INFO 第1条用例执行结束，执行结果:失败
2019-06-10 18:39:24,453 test3_立即购买商品详情页.py[line:67] INFO 第1条用例执行结束，执行结果:失败
2019-06-10 18:39:24,453 test3_立即购买商品详情页.py[line:67] INFO 第1条用例执行结束，执行结果:失败
2019-06-10 18:39:24,453 test3_立即购买商品详情页.py[line:67] INFO 第1条用例执行结束，执行结果:失败
2019-06-10 18:39:24,453 test3_立即购买商品详情页.py[line:67] INFO 第1条用例执行结束，执行结果:失败
2019-06-10 18:39:24,562 test3_立即购买商品详情页.py[line:47] INFO 第2条用例"提交订单成功"开始执行
2019-06-10 18:39:24,562 test3_立即购买商品详情页.py[line:47] INFO 第2条用例"提交订单成功"开始执行
2019-06-10 18:39:24,562 test3_立即购买商品详情页.py[line:47] INFO 第2条用例"提交订单成功"开始执行
2019-06-10 18:39:24,562 test3_立即购买商品详情页.py[line:47] INFO 第2条用例"提交订单成功"开始执行
2019-06-10 18:39:24,562 test3_立即购买商品详情页.py[line:47] INFO 第2条用例"提交订单成功"开始执行
2019-06-10 18:39:24,562 test3_立即购买商品详情页.py[line:47] INFO 第2条用例"提交订单成功"开始执行
2019-06-10 18:39:24,562 test3_立即购买商品详情页.py[line:47] INFO 第2条用例"提交订单成功"开始执行
2019-06-10 18:39:24,669 test3_立即购买商品详情页.py[line:50] INFO 请求数据:{'goodsId': 3511, 'buyNum': 1}
2019-06-10 18:39:24,669 test3_立即购买商品详情页.py[line:50] INFO 请求数据:{'goodsId': 3511, 'buyNum': 1}
2019-06-10 18:39:24,669 test3_立即购买商品详情页.py[line:50] INFO 请求数据:{'goodsId': 3511, 'buyNum': 1}
2019-06-10 18:39:24,669 test3_立即购买商品详情页.py[line:50] INFO 请求数据:{'goodsId': 3511, 'buyNum': 1}
2019-06-10 18:39:24,669 test3_立即购买商品详情页.py[line:50] INFO 请求数据:{'goodsId': 3511, 'buyNum': 1}
2019-06-10 18:39:24,669 test3_立即购买商品详情页.py[line:50] INFO 请求数据:{'goodsId': 3511, 'buyNum': 1}
2019-06-10 18:39:24,669 test3_立即购买商品详情页.py[line:50] INFO 请求数据:{'goodsId': 3511, 'buyNum': 1}
2019-06-10 18:39:24,789 test3_立即购买商品详情页.py[line:55] INFO 返回数据:{'code': 4, 'message': '库存不足，无法购买', 'data': '', 'success': False}
2019-06-10 18:39:24,789 test3_立即购买商品详情页.py[line:55] INFO 返回数据:{'code': 4, 'message': '库存不足，无法购买', 'data': '', 'success': False}
2019-06-10 18:39:24,789 test3_立即购买商品详情页.py[line:55] INFO 返回数据:{'code': 4, 'message': '库存不足，无法购买', 'data': '', 'success': False}
2019-06-10 18:39:24,789 test3_立即购买商品详情页.py[line:55] INFO 返回数据:{'code': 4, 'message': '库存不足，无法购买', 'data': '', 'success': False}
2019-06-10 18:39:24,789 test3_立即购买商品详情页.py[line:55] INFO 返回数据:{'code': 4, 'message': '库存不足，无法购买', 'data': '', 'success': False}
2019-06-10 18:39:24,789 test3_立即购买商品详情页.py[line:55] INFO 返回数据:{'code': 4, 'message': '库存不足，无法购买', 'data': '', 'success': False}
2019-06-10 18:39:24,789 test3_立即购买商品详情页.py[line:55] INFO 返回数据:{'code': 4, 'message': '库存不足，无法购买', 'data': '', 'success': False}
2019-06-10 18:39:24,904 test3_立即购买商品详情页.py[line:67] INFO 第2条用例执行结束，执行结果:失败
2019-06-10 18:39:24,904 test3_立即购买商品详情页.py[line:67] INFO 第2条用例执行结束，执行结果:失败
2019-06-10 18:39:24,904 test3_立即购买商品详情页.py[line:67] INFO 第2条用例执行结束，执行结果:失败
2019-06-10 18:39:24,904 test3_立即购买商品详情页.py[line:67] INFO 第2条用例执行结束，执行结果:失败
2019-06-10 18:39:24,904 test3_立即购买商品详情页.py[line:67] INFO 第2条用例执行结束，执行结果:失败
2019-06-10 18:39:24,904 test3_立即购买商品详情页.py[line:67] INFO 第2条用例执行结束，执行结果:失败
2019-06-10 18:39:24,904 test3_立即购买商品详情页.py[line:67] INFO 第2条用例执行结束，执行结果:失败
2019-06-10 18:39:25,013 test3_立即购买商品详情页.py[line:70] INFO 立即购买(商品详情)接口测试结果:用例总数2条，其中通过用例0条，失败用例2条
2019-06-10 18:39:25,013 test3_立即购买商品详情页.py[line:70] INFO 立即购买(商品详情)接口测试结果:用例总数2条，其中通过用例0条，失败用例2条
2019-06-10 18:39:25,013 test3_立即购买商品详情页.py[line:70] INFO 立即购买(商品详情)接口测试结果:用例总数2条，其中通过用例0条，失败用例2条
2019-06-10 18:39:25,013 test3_立即购买商品详情页.py[line:70] INFO 立即购买(商品详情)接口测试结果:用例总数2条，其中通过用例0条，失败用例2条
2019-06-10 18:39:25,013 test3_立即购买商品详情页.py[line:70] INFO 立即购买(商品详情)接口测试结果:用例总数2条，其中通过用例0条，失败用例2条
2019-06-10 18:39:25,013 test3_立即购买商品详情页.py[line:70] INFO 立即购买(商品详情)接口测试结果:用例总数2条，其中通过用例0条，失败用例2条
2019-06-10 18:39:25,013 test3_立即购买商品详情页.py[line:70] INFO 立即购买(商品详情)接口测试结果:用例总数2条，其中通过用例0条，失败用例2条
2019-06-10 18:39:25,120 test3_购物车流程.py[line:21] INFO 本次接口测试请求地址为：http://192.168.3.214:8802//zlead/shopcart/deleteShoppingCart

2019-06-10 18:39:25,120 test3_购物车流程.py[line:21] INFO 本次接口测试请求地址为：http://192.168.3.214:8802//zlead/shopcart/deleteShoppingCart

2019-06-10 18:39:25,120 test3_购物车流程.py[line:21] INFO 本次接口测试请求地址为：http://192.168.3.214:8802//zlead/shopcart/deleteShoppingCart

2019-06-10 18:39:25,120 test3_购物车流程.py[line:21] INFO 本次接口测试请求地址为：http://192.168.3.214:8802//zlead/shopcart/deleteShoppingCart

2019-06-10 18:39:25,120 test3_购物车流程.py[line:21] INFO 本次接口测试请求地址为：http://192.168.3.214:8802//zlead/shopcart/deleteShoppingCart

2019-06-10 18:39:25,120 test3_购物车流程.py[line:21] INFO 本次接口测试请求地址为：http://192.168.3.214:8802//zlead/shopcart/deleteShoppingCart

2019-06-10 18:39:25,120 test3_购物车流程.py[line:21] INFO 本次接口测试请求地址为：http://192.168.3.214:8802//zlead/shopcart/deleteShoppingCart

2019-06-10 18:39:25,120 test3_购物车流程.py[line:21] INFO 本次接口测试请求地址为：http://192.168.3.214:8802//zlead/shopcart/deleteShoppingCart

2019-06-10 18:39:25,225 test3_购物车流程.py[line:35] INFO 开始登录
2019-06-10 18:39:25,225 test3_购物车流程.py[line:35] INFO 开始登录
2019-06-10 18:39:25,225 test3_购物车流程.py[line:35] INFO 开始登录
2019-06-10 18:39:25,225 test3_购物车流程.py[line:35] INFO 开始登录
2019-06-10 18:39:25,225 test3_购物车流程.py[line:35] INFO 开始登录
2019-06-10 18:39:25,225 test3_购物车流程.py[line:35] INFO 开始登录
2019-06-10 18:39:25,225 test3_购物车流程.py[line:35] INFO 开始登录
2019-06-10 18:39:25,225 test3_购物车流程.py[line:35] INFO 开始登录
2019-06-10 18:39:25,308 test3_购物车流程.py[line:39] INFO 请求数据信息为：{'account': '15500000000', 'password': '111111'}
2019-06-10 18:39:25,308 test3_购物车流程.py[line:39] INFO 请求数据信息为：{'account': '15500000000', 'password': '111111'}
2019-06-10 18:39:25,308 test3_购物车流程.py[line:39] INFO 请求数据信息为：{'account': '15500000000', 'password': '111111'}
2019-06-10 18:39:25,308 test3_购物车流程.py[line:39] INFO 请求数据信息为：{'account': '15500000000', 'password': '111111'}
2019-06-10 18:39:25,308 test3_购物车流程.py[line:39] INFO 请求数据信息为：{'account': '15500000000', 'password': '111111'}
2019-06-10 18:39:25,308 test3_购物车流程.py[line:39] INFO 请求数据信息为：{'account': '15500000000', 'password': '111111'}
2019-06-10 18:39:25,308 test3_购物车流程.py[line:39] INFO 请求数据信息为：{'account': '15500000000', 'password': '111111'}
2019-06-10 18:39:25,308 test3_购物车流程.py[line:39] INFO 请求数据信息为：{'account': '15500000000', 'password': '111111'}
2019-06-10 18:39:25,452 test3_购物车流程.py[line:41] INFO 返回数据信息为：{'code': 1, 'message': '登录成功', 'data': {'headImg': None, 'memberType': 3, 'memberId': 2723, 'username': '15500000000'}, 'success': True}
2019-06-10 18:39:25,452 test3_购物车流程.py[line:41] INFO 返回数据信息为：{'code': 1, 'message': '登录成功', 'data': {'headImg': None, 'memberType': 3, 'memberId': 2723, 'username': '15500000000'}, 'success': True}
2019-06-10 18:39:25,452 test3_购物车流程.py[line:41] INFO 返回数据信息为：{'code': 1, 'message': '登录成功', 'data': {'headImg': None, 'memberType': 3, 'memberId': 2723, 'username': '15500000000'}, 'success': True}
2019-06-10 18:39:25,452 test3_购物车流程.py[line:41] INFO 返回数据信息为：{'code': 1, 'message': '登录成功', 'data': {'headImg': None, 'memberType': 3, 'memberId': 2723, 'username': '15500000000'}, 'success': True}
2019-06-10 18:39:25,452 test3_购物车流程.py[line:41] INFO 返回数据信息为：{'code': 1, 'message': '登录成功', 'data': {'headImg': None, 'memberType': 3, 'memberId': 2723, 'username': '15500000000'}, 'success': True}
2019-06-10 18:39:25,452 test3_购物车流程.py[line:41] INFO 返回数据信息为：{'code': 1, 'message': '登录成功', 'data': {'headImg': None, 'memberType': 3, 'memberId': 2723, 'username': '15500000000'}, 'success': True}
2019-06-10 18:39:25,452 test3_购物车流程.py[line:41] INFO 返回数据信息为：{'code': 1, 'message': '登录成功', 'data': {'headImg': None, 'memberType': 3, 'memberId': 2723, 'username': '15500000000'}, 'success': True}
2019-06-10 18:39:25,452 test3_购物车流程.py[line:41] INFO 返回数据信息为：{'code': 1, 'message': '登录成功', 'data': {'headImg': None, 'memberType': 3, 'memberId': 2723, 'username': '15500000000'}, 'success': True}
2019-06-10 18:39:25,648 test3_购物车流程.py[line:44] INFO 登录成功
2019-06-10 18:39:25,648 test3_购物车流程.py[line:44] INFO 登录成功
2019-06-10 18:39:25,648 test3_购物车流程.py[line:44] INFO 登录成功
2019-06-10 18:39:25,648 test3_购物车流程.py[line:44] INFO 登录成功
2019-06-10 18:39:25,648 test3_购物车流程.py[line:44] INFO 登录成功
2019-06-10 18:39:25,648 test3_购物车流程.py[line:44] INFO 登录成功
2019-06-10 18:39:25,648 test3_购物车流程.py[line:44] INFO 登录成功
2019-06-10 18:39:25,648 test3_购物车流程.py[line:44] INFO 登录成功
2019-06-10 18:39:25,790 test3_购物车流程.py[line:48] INFO 加入购物车开始
2019-06-10 18:39:25,790 test3_购物车流程.py[line:48] INFO 加入购物车开始
2019-06-10 18:39:25,790 test3_购物车流程.py[line:48] INFO 加入购物车开始
2019-06-10 18:39:25,790 test3_购物车流程.py[line:48] INFO 加入购物车开始
2019-06-10 18:39:25,790 test3_购物车流程.py[line:48] INFO 加入购物车开始
2019-06-10 18:39:25,790 test3_购物车流程.py[line:48] INFO 加入购物车开始
2019-06-10 18:39:25,790 test3_购物车流程.py[line:48] INFO 加入购物车开始
2019-06-10 18:39:25,790 test3_购物车流程.py[line:48] INFO 加入购物车开始
2019-06-10 18:39:25,948 test3_购物车流程.py[line:54] INFO 添加购物车成功
2019-06-10 18:39:25,948 test3_购物车流程.py[line:54] INFO 添加购物车成功
2019-06-10 18:39:25,948 test3_购物车流程.py[line:54] INFO 添加购物车成功
2019-06-10 18:39:25,948 test3_购物车流程.py[line:54] INFO 添加购物车成功
2019-06-10 18:39:25,948 test3_购物车流程.py[line:54] INFO 添加购物车成功
2019-06-10 18:39:25,948 test3_购物车流程.py[line:54] INFO 添加购物车成功
2019-06-10 18:39:25,948 test3_购物车流程.py[line:54] INFO 添加购物车成功
2019-06-10 18:39:25,948 test3_购物车流程.py[line:54] INFO 添加购物车成功
2019-06-10 18:39:26,021 test3_购物车流程.py[line:59] INFO 查询购物车开始
2019-06-10 18:39:26,021 test3_购物车流程.py[line:59] INFO 查询购物车开始
2019-06-10 18:39:26,021 test3_购物车流程.py[line:59] INFO 查询购物车开始
2019-06-10 18:39:26,021 test3_购物车流程.py[line:59] INFO 查询购物车开始
2019-06-10 18:39:26,021 test3_购物车流程.py[line:59] INFO 查询购物车开始
2019-06-10 18:39:26,021 test3_购物车流程.py[line:59] INFO 查询购物车开始
2019-06-10 18:39:26,021 test3_购物车流程.py[line:59] INFO 查询购物车开始
2019-06-10 18:39:26,021 test3_购物车流程.py[line:59] INFO 查询购物车开始
2019-06-10 18:39:26,135 test3_购物车流程.py[line:61] INFO 返回数据:{'code': 1, 'message': '返回购物车信息!', 'data': [{'goodsList': [{'goodsImg': 'http://210.22.139.138:58803/myapp/uploads/attach/201904/d2/0f9158d4d7654ce8a723810ad2ce2108.jpg', 'goodsId': 3748, 'count': 1, 'isMarketable': 1, 'facId': 43, 'shopName': '施勤丰五金厂商城', 'agentDiscount': 0.6, 'prodType': 0, 'thisGoodsModel': '', 'modelName': '重口味', 'specNames': None, 'goodsPointPrice': 0.0, 'goodsPrice': 6.6, 'thisGoodsAttr': ['200', '黑'], 'storeName': None, 'id': 14505, 'shopId': 722, 'stock': 138, 'goodsName': '天业乐哈哈后来就好了回来后回来了回来了呵'}], 'shopName': '施勤丰五金厂', 'facId': {'factory_id': 43}, 'shopId': 722}, {'goodsList': [{'goodsImg': 'http://210.22.139.138:58803/myapp/uploads/attach/201904/d1/7038e72a94d142f4983ba78b86c76beb.jpg', 'goodsId': 3423, 'count': 1, 'isMarketable': 1, 'facId': 35, 'shopName': '龙华建材经销公司商城', 'agentDiscount': 0.5, 'prodType': 0, 'thisGoodsModel': '', 'modelName': '网络特供110', 'specNames': '19*19', 'goodsPointPrice': 0.0, 'goodsPrice': 10.0, 'thisGoodsAttr': ['黄'], 'storeName': None, 'id': 14437, 'shopId': 710, 'stock': 10, 'goodsName': '金刚石小锯片锋利耐磨云石片波纹型瓷砖大理'}], 'shopName': '龙华建材经销公司', 'facId': {'factory_id': 35}, 'shopId': 710}], 'success': True}
2019-06-10 18:39:26,135 test3_购物车流程.py[line:61] INFO 返回数据:{'code': 1, 'message': '返回购物车信息!', 'data': [{'goodsList': [{'goodsImg': 'http://210.22.139.138:58803/myapp/uploads/attach/201904/d2/0f9158d4d7654ce8a723810ad2ce2108.jpg', 'goodsId': 3748, 'count': 1, 'isMarketable': 1, 'facId': 43, 'shopName': '施勤丰五金厂商城', 'agentDiscount': 0.6, 'prodType': 0, 'thisGoodsModel': '', 'modelName': '重口味', 'specNames': None, 'goodsPointPrice': 0.0, 'goodsPrice': 6.6, 'thisGoodsAttr': ['200', '黑'], 'storeName': None, 'id': 14505, 'shopId': 722, 'stock': 138, 'goodsName': '天业乐哈哈后来就好了回来后回来了回来了呵'}], 'shopName': '施勤丰五金厂', 'facId': {'factory_id': 43}, 'shopId': 722}, {'goodsList': [{'goodsImg': 'http://210.22.139.138:58803/myapp/uploads/attach/201904/d1/7038e72a94d142f4983ba78b86c76beb.jpg', 'goodsId': 3423, 'count': 1, 'isMarketable': 1, 'facId': 35, 'shopName': '龙华建材经销公司商城', 'agentDiscount': 0.5, 'prodType': 0, 'thisGoodsModel': '', 'modelName': '网络特供110', 'specNames': '19*19', 'goodsPointPrice': 0.0, 'goodsPrice': 10.0, 'thisGoodsAttr': ['黄'], 'storeName': None, 'id': 14437, 'shopId': 710, 'stock': 10, 'goodsName': '金刚石小锯片锋利耐磨云石片波纹型瓷砖大理'}], 'shopName': '龙华建材经销公司', 'facId': {'factory_id': 35}, 'shopId': 710}], 'success': True}
2019-06-10 18:39:26,135 test3_购物车流程.py[line:61] INFO 返回数据:{'code': 1, 'message': '返回购物车信息!', 'data': [{'goodsList': [{'goodsImg': 'http://210.22.139.138:58803/myapp/uploads/attach/201904/d2/0f9158d4d7654ce8a723810ad2ce2108.jpg', 'goodsId': 3748, 'count': 1, 'isMarketable': 1, 'facId': 43, 'shopName': '施勤丰五金厂商城', 'agentDiscount': 0.6, 'prodType': 0, 'thisGoodsModel': '', 'modelName': '重口味', 'specNames': None, 'goodsPointPrice': 0.0, 'goodsPrice': 6.6, 'thisGoodsAttr': ['200', '黑'], 'storeName': None, 'id': 14505, 'shopId': 722, 'stock': 138, 'goodsName': '天业乐哈哈后来就好了回来后回来了回来了呵'}], 'shopName': '施勤丰五金厂', 'facId': {'factory_id': 43}, 'shopId': 722}, {'goodsList': [{'goodsImg': 'http://210.22.139.138:58803/myapp/uploads/attach/201904/d1/7038e72a94d142f4983ba78b86c76beb.jpg', 'goodsId': 3423, 'count': 1, 'isMarketable': 1, 'facId': 35, 'shopName': '龙华建材经销公司商城', 'agentDiscount': 0.5, 'prodType': 0, 'thisGoodsModel': '', 'modelName': '网络特供110', 'specNames': '19*19', 'goodsPointPrice': 0.0, 'goodsPrice': 10.0, 'thisGoodsAttr': ['黄'], 'storeName': None, 'id': 14437, 'shopId': 710, 'stock': 10, 'goodsName': '金刚石小锯片锋利耐磨云石片波纹型瓷砖大理'}], 'shopName': '龙华建材经销公司', 'facId': {'factory_id': 35}, 'shopId': 710}], 'success': True}
2019-06-10 18:39:26,135 test3_购物车流程.py[line:61] INFO 返回数据:{'code': 1, 'message': '返回购物车信息!', 'data': [{'goodsList': [{'goodsImg': 'http://210.22.139.138:58803/myapp/uploads/attach/201904/d2/0f9158d4d7654ce8a723810ad2ce2108.jpg', 'goodsId': 3748, 'count': 1, 'isMarketable': 1, 'facId': 43, 'shopName': '施勤丰五金厂商城', 'agentDiscount': 0.6, 'prodType': 0, 'thisGoodsModel': '', 'modelName': '重口味', 'specNames': None, 'goodsPointPrice': 0.0, 'goodsPrice': 6.6, 'thisGoodsAttr': ['200', '黑'], 'storeName': None, 'id': 14505, 'shopId': 722, 'stock': 138, 'goodsName': '天业乐哈哈后来就好了回来后回来了回来了呵'}], 'shopName': '施勤丰五金厂', 'facId': {'factory_id': 43}, 'shopId': 722}, {'goodsList': [{'goodsImg': 'http://210.22.139.138:58803/myapp/uploads/attach/201904/d1/7038e72a94d142f4983ba78b86c76beb.jpg', 'goodsId': 3423, 'count': 1, 'isMarketable': 1, 'facId': 35, 'shopName': '龙华建材经销公司商城', 'agentDiscount': 0.5, 'prodType': 0, 'thisGoodsModel': '', 'modelName': '网络特供110', 'specNames': '19*19', 'goodsPointPrice': 0.0, 'goodsPrice': 10.0, 'thisGoodsAttr': ['黄'], 'storeName': None, 'id': 14437, 'shopId': 710, 'stock': 10, 'goodsName': '金刚石小锯片锋利耐磨云石片波纹型瓷砖大理'}], 'shopName': '龙华建材经销公司', 'facId': {'factory_id': 35}, 'shopId': 710}], 'success': True}
2019-06-10 18:39:26,135 test3_购物车流程.py[line:61] INFO 返回数据:{'code': 1, 'message': '返回购物车信息!', 'data': [{'goodsList': [{'goodsImg': 'http://210.22.139.138:58803/myapp/uploads/attach/201904/d2/0f9158d4d7654ce8a723810ad2ce2108.jpg', 'goodsId': 3748, 'count': 1, 'isMarketable': 1, 'facId': 43, 'shopName': '施勤丰五金厂商城', 'agentDiscount': 0.6, 'prodType': 0, 'thisGoodsModel': '', 'modelName': '重口味', 'specNames': None, 'goodsPointPrice': 0.0, 'goodsPrice': 6.6, 'thisGoodsAttr': ['200', '黑'], 'storeName': None, 'id': 14505, 'shopId': 722, 'stock': 138, 'goodsName': '天业乐哈哈后来就好了回来后回来了回来了呵'}], 'shopName': '施勤丰五金厂', 'facId': {'factory_id': 43}, 'shopId': 722}, {'goodsList': [{'goodsImg': 'http://210.22.139.138:58803/myapp/uploads/attach/201904/d1/7038e72a94d142f4983ba78b86c76beb.jpg', 'goodsId': 3423, 'count': 1, 'isMarketable': 1, 'facId': 35, 'shopName': '龙华建材经销公司商城', 'agentDiscount': 0.5, 'prodType': 0, 'thisGoodsModel': '', 'modelName': '网络特供110', 'specNames': '19*19', 'goodsPointPrice': 0.0, 'goodsPrice': 10.0, 'thisGoodsAttr': ['黄'], 'storeName': None, 'id': 14437, 'shopId': 710, 'stock': 10, 'goodsName': '金刚石小锯片锋利耐磨云石片波纹型瓷砖大理'}], 'shopName': '龙华建材经销公司', 'facId': {'factory_id': 35}, 'shopId': 710}], 'success': True}
2019-06-10 18:39:26,135 test3_购物车流程.py[line:61] INFO 返回数据:{'code': 1, 'message': '返回购物车信息!', 'data': [{'goodsList': [{'goodsImg': 'http://210.22.139.138:58803/myapp/uploads/attach/201904/d2/0f9158d4d7654ce8a723810ad2ce2108.jpg', 'goodsId': 3748, 'count': 1, 'isMarketable': 1, 'facId': 43, 'shopName': '施勤丰五金厂商城', 'agentDiscount': 0.6, 'prodType': 0, 'thisGoodsModel': '', 'modelName': '重口味', 'specNames': None, 'goodsPointPrice': 0.0, 'goodsPrice': 6.6, 'thisGoodsAttr': ['200', '黑'], 'storeName': None, 'id': 14505, 'shopId': 722, 'stock': 138, 'goodsName': '天业乐哈哈后来就好了回来后回来了回来了呵'}], 'shopName': '施勤丰五金厂', 'facId': {'factory_id': 43}, 'shopId': 722}, {'goodsList': [{'goodsImg': 'http://210.22.139.138:58803/myapp/uploads/attach/201904/d1/7038e72a94d142f4983ba78b86c76beb.jpg', 'goodsId': 3423, 'count': 1, 'isMarketable': 1, 'facId': 35, 'shopName': '龙华建材经销公司商城', 'agentDiscount': 0.5, 'prodType': 0, 'thisGoodsModel': '', 'modelName': '网络特供110', 'specNames': '19*19', 'goodsPointPrice': 0.0, 'goodsPrice': 10.0, 'thisGoodsAttr': ['黄'], 'storeName': None, 'id': 14437, 'shopId': 710, 'stock': 10, 'goodsName': '金刚石小锯片锋利耐磨云石片波纹型瓷砖大理'}], 'shopName': '龙华建材经销公司', 'facId': {'factory_id': 35}, 'shopId': 710}], 'success': True}
2019-06-10 18:39:26,135 test3_购物车流程.py[line:61] INFO 返回数据:{'code': 1, 'message': '返回购物车信息!', 'data': [{'goodsList': [{'goodsImg': 'http://210.22.139.138:58803/myapp/uploads/attach/201904/d2/0f9158d4d7654ce8a723810ad2ce2108.jpg', 'goodsId': 3748, 'count': 1, 'isMarketable': 1, 'facId': 43, 'shopName': '施勤丰五金厂商城', 'agentDiscount': 0.6, 'prodType': 0, 'thisGoodsModel': '', 'modelName': '重口味', 'specNames': None, 'goodsPointPrice': 0.0, 'goodsPrice': 6.6, 'thisGoodsAttr': ['200', '黑'], 'storeName': None, 'id': 14505, 'shopId': 722, 'stock': 138, 'goodsName': '天业乐哈哈后来就好了回来后回来了回来了呵'}], 'shopName': '施勤丰五金厂', 'facId': {'factory_id': 43}, 'shopId': 722}, {'goodsList': [{'goodsImg': 'http://210.22.139.138:58803/myapp/uploads/attach/201904/d1/7038e72a94d142f4983ba78b86c76beb.jpg', 'goodsId': 3423, 'count': 1, 'isMarketable': 1, 'facId': 35, 'shopName': '龙华建材经销公司商城', 'agentDiscount': 0.5, 'prodType': 0, 'thisGoodsModel': '', 'modelName': '网络特供110', 'specNames': '19*19', 'goodsPointPrice': 0.0, 'goodsPrice': 10.0, 'thisGoodsAttr': ['黄'], 'storeName': None, 'id': 14437, 'shopId': 710, 'stock': 10, 'goodsName': '金刚石小锯片锋利耐磨云石片波纹型瓷砖大理'}], 'shopName': '龙华建材经销公司', 'facId': {'factory_id': 35}, 'shopId': 710}], 'success': True}
2019-06-10 18:39:26,135 test3_购物车流程.py[line:61] INFO 返回数据:{'code': 1, 'message': '返回购物车信息!', 'data': [{'goodsList': [{'goodsImg': 'http://210.22.139.138:58803/myapp/uploads/attach/201904/d2/0f9158d4d7654ce8a723810ad2ce2108.jpg', 'goodsId': 3748, 'count': 1, 'isMarketable': 1, 'facId': 43, 'shopName': '施勤丰五金厂商城', 'agentDiscount': 0.6, 'prodType': 0, 'thisGoodsModel': '', 'modelName': '重口味', 'specNames': None, 'goodsPointPrice': 0.0, 'goodsPrice': 6.6, 'thisGoodsAttr': ['200', '黑'], 'storeName': None, 'id': 14505, 'shopId': 722, 'stock': 138, 'goodsName': '天业乐哈哈后来就好了回来后回来了回来了呵'}], 'shopName': '施勤丰五金厂', 'facId': {'factory_id': 43}, 'shopId': 722}, {'goodsList': [{'goodsImg': 'http://210.22.139.138:58803/myapp/uploads/attach/201904/d1/7038e72a94d142f4983ba78b86c76beb.jpg', 'goodsId': 3423, 'count': 1, 'isMarketable': 1, 'facId': 35, 'shopName': '龙华建材经销公司商城', 'agentDiscount': 0.5, 'prodType': 0, 'thisGoodsModel': '', 'modelName': '网络特供110', 'specNames': '19*19', 'goodsPointPrice': 0.0, 'goodsPrice': 10.0, 'thisGoodsAttr': ['黄'], 'storeName': None, 'id': 14437, 'shopId': 710, 'stock': 10, 'goodsName': '金刚石小锯片锋利耐磨云石片波纹型瓷砖大理'}], 'shopName': '龙华建材经销公司', 'facId': {'factory_id': 35}, 'shopId': 710}], 'success': True}
2019-06-10 18:39:26,743 test3_购物车流程.py[line:66] INFO 查询购物车成功
2019-06-10 18:39:26,743 test3_购物车流程.py[line:66] INFO 查询购物车成功
2019-06-10 18:39:26,743 test3_购物车流程.py[line:66] INFO 查询购物车成功
2019-06-10 18:39:26,743 test3_购物车流程.py[line:66] INFO 查询购物车成功
2019-06-10 18:39:26,743 test3_购物车流程.py[line:66] INFO 查询购物车成功
2019-06-10 18:39:26,743 test3_购物车流程.py[line:66] INFO 查询购物车成功
2019-06-10 18:39:26,743 test3_购物车流程.py[line:66] INFO 查询购物车成功
2019-06-10 18:39:26,743 test3_购物车流程.py[line:66] INFO 查询购物车成功
2019-06-10 18:39:27,062 test3_购物车流程.py[line:70] INFO 删除购物车开始
2019-06-10 18:39:27,062 test3_购物车流程.py[line:70] INFO 删除购物车开始
2019-06-10 18:39:27,062 test3_购物车流程.py[line:70] INFO 删除购物车开始
2019-06-10 18:39:27,062 test3_购物车流程.py[line:70] INFO 删除购物车开始
2019-06-10 18:39:27,062 test3_购物车流程.py[line:70] INFO 删除购物车开始
2019-06-10 18:39:27,062 test3_购物车流程.py[line:70] INFO 删除购物车开始
2019-06-10 18:39:27,062 test3_购物车流程.py[line:70] INFO 删除购物车开始
2019-06-10 18:39:27,062 test3_购物车流程.py[line:70] INFO 删除购物车开始
2019-06-10 18:39:27,318 test3_购物车流程.py[line:72] INFO 返回数据信息为：{'code': 1, 'message': '删除购物车成功', 'data': '', 'success': True}
2019-06-10 18:39:27,318 test3_购物车流程.py[line:72] INFO 返回数据信息为：{'code': 1, 'message': '删除购物车成功', 'data': '', 'success': True}
2019-06-10 18:39:27,318 test3_购物车流程.py[line:72] INFO 返回数据信息为：{'code': 1, 'message': '删除购物车成功', 'data': '', 'success': True}
2019-06-10 18:39:27,318 test3_购物车流程.py[line:72] INFO 返回数据信息为：{'code': 1, 'message': '删除购物车成功', 'data': '', 'success': True}
2019-06-10 18:39:27,318 test3_购物车流程.py[line:72] INFO 返回数据信息为：{'code': 1, 'message': '删除购物车成功', 'data': '', 'success': True}
2019-06-10 18:39:27,318 test3_购物车流程.py[line:72] INFO 返回数据信息为：{'code': 1, 'message': '删除购物车成功', 'data': '', 'success': True}
2019-06-10 18:39:27,318 test3_购物车流程.py[line:72] INFO 返回数据信息为：{'code': 1, 'message': '删除购物车成功', 'data': '', 'success': True}
2019-06-10 18:39:27,318 test3_购物车流程.py[line:72] INFO 返回数据信息为：{'code': 1, 'message': '删除购物车成功', 'data': '', 'success': True}
2019-06-10 18:39:27,524 test3_购物车流程.py[line:74] INFO 删除购物车开始
2019-06-10 18:39:27,524 test3_购物车流程.py[line:74] INFO 删除购物车开始
2019-06-10 18:39:27,524 test3_购物车流程.py[line:74] INFO 删除购物车开始
2019-06-10 18:39:27,524 test3_购物车流程.py[line:74] INFO 删除购物车开始
2019-06-10 18:39:27,524 test3_购物车流程.py[line:74] INFO 删除购物车开始
2019-06-10 18:39:27,524 test3_购物车流程.py[line:74] INFO 删除购物车开始
2019-06-10 18:39:27,524 test3_购物车流程.py[line:74] INFO 删除购物车开始
2019-06-10 18:39:27,524 test3_购物车流程.py[line:74] INFO 删除购物车开始
2019-06-10 18:39:27,684 test3_购物车流程.py[line:81] INFO 删除购物车接口测试结果:用例总数1条，其中通过用例1条，失败用例0条
2019-06-10 18:39:27,684 test3_购物车流程.py[line:81] INFO 删除购物车接口测试结果:用例总数1条，其中通过用例1条，失败用例0条
2019-06-10 18:39:27,684 test3_购物车流程.py[line:81] INFO 删除购物车接口测试结果:用例总数1条，其中通过用例1条，失败用例0条
2019-06-10 18:39:27,684 test3_购物车流程.py[line:81] INFO 删除购物车接口测试结果:用例总数1条，其中通过用例1条，失败用例0条
2019-06-10 18:39:27,684 test3_购物车流程.py[line:81] INFO 删除购物车接口测试结果:用例总数1条，其中通过用例1条，失败用例0条
2019-06-10 18:39:27,684 test3_购物车流程.py[line:81] INFO 删除购物车接口测试结果:用例总数1条，其中通过用例1条，失败用例0条
2019-06-10 18:39:27,684 test3_购物车流程.py[line:81] INFO 删除购物车接口测试结果:用例总数1条，其中通过用例1条，失败用例0条
2019-06-10 18:39:27,684 test3_购物车流程.py[line:81] INFO 删除购物车接口测试结果:用例总数1条，其中通过用例1条，失败用例0条
2019-06-10 18:39:27,774 test9_加入购物车.py[line:21] INFO 本次接口测试请求地址为：http://192.168.3.214:8802/zlead/shopcart/addShoppingCart

2019-06-10 18:39:27,774 test9_加入购物车.py[line:21] INFO 本次接口测试请求地址为：http://192.168.3.214:8802/zlead/shopcart/addShoppingCart

2019-06-10 18:39:27,774 test9_加入购物车.py[line:21] INFO 本次接口测试请求地址为：http://192.168.3.214:8802/zlead/shopcart/addShoppingCart

2019-06-10 18:39:27,774 test9_加入购物车.py[line:21] INFO 本次接口测试请求地址为：http://192.168.3.214:8802/zlead/shopcart/addShoppingCart

2019-06-10 18:39:27,774 test9_加入购物车.py[line:21] INFO 本次接口测试请求地址为：http://192.168.3.214:8802/zlead/shopcart/addShoppingCart

2019-06-10 18:39:27,774 test9_加入购物车.py[line:21] INFO 本次接口测试请求地址为：http://192.168.3.214:8802/zlead/shopcart/addShoppingCart

2019-06-10 18:39:27,774 test9_加入购物车.py[line:21] INFO 本次接口测试请求地址为：http://192.168.3.214:8802/zlead/shopcart/addShoppingCart

2019-06-10 18:39:27,774 test9_加入购物车.py[line:21] INFO 本次接口测试请求地址为：http://192.168.3.214:8802/zlead/shopcart/addShoppingCart

2019-06-10 18:39:27,774 test9_加入购物车.py[line:21] INFO 本次接口测试请求地址为：http://192.168.3.214:8802/zlead/shopcart/addShoppingCart

2019-06-10 18:39:27,945 test9_加入购物车.py[line:47] INFO 获取cookie成功，cookies=<RequestsCookieJar[<Cookie JSESSIONID=75AF67F5A30ACFEF57A687C1BF6E0743 for 192.168.3.214/>]>
2019-06-10 18:39:27,945 test9_加入购物车.py[line:47] INFO 获取cookie成功，cookies=<RequestsCookieJar[<Cookie JSESSIONID=75AF67F5A30ACFEF57A687C1BF6E0743 for 192.168.3.214/>]>
2019-06-10 18:39:27,945 test9_加入购物车.py[line:47] INFO 获取cookie成功，cookies=<RequestsCookieJar[<Cookie JSESSIONID=75AF67F5A30ACFEF57A687C1BF6E0743 for 192.168.3.214/>]>
2019-06-10 18:39:27,945 test9_加入购物车.py[line:47] INFO 获取cookie成功，cookies=<RequestsCookieJar[<Cookie JSESSIONID=75AF67F5A30ACFEF57A687C1BF6E0743 for 192.168.3.214/>]>
2019-06-10 18:39:27,945 test9_加入购物车.py[line:47] INFO 获取cookie成功，cookies=<RequestsCookieJar[<Cookie JSESSIONID=75AF67F5A30ACFEF57A687C1BF6E0743 for 192.168.3.214/>]>
2019-06-10 18:39:27,945 test9_加入购物车.py[line:47] INFO 获取cookie成功，cookies=<RequestsCookieJar[<Cookie JSESSIONID=75AF67F5A30ACFEF57A687C1BF6E0743 for 192.168.3.214/>]>
2019-06-10 18:39:27,945 test9_加入购物车.py[line:47] INFO 获取cookie成功，cookies=<RequestsCookieJar[<Cookie JSESSIONID=75AF67F5A30ACFEF57A687C1BF6E0743 for 192.168.3.214/>]>
2019-06-10 18:39:27,945 test9_加入购物车.py[line:47] INFO 获取cookie成功，cookies=<RequestsCookieJar[<Cookie JSESSIONID=75AF67F5A30ACFEF57A687C1BF6E0743 for 192.168.3.214/>]>
2019-06-10 18:39:27,945 test9_加入购物车.py[line:47] INFO 获取cookie成功，cookies=<RequestsCookieJar[<Cookie JSESSIONID=75AF67F5A30ACFEF57A687C1BF6E0743 for 192.168.3.214/>]>
2019-06-10 18:39:28,169 test9_加入购物车.py[line:49] INFO 登录成功
2019-06-10 18:39:28,169 test9_加入购物车.py[line:49] INFO 登录成功
2019-06-10 18:39:28,169 test9_加入购物车.py[line:49] INFO 登录成功
2019-06-10 18:39:28,169 test9_加入购物车.py[line:49] INFO 登录成功
2019-06-10 18:39:28,169 test9_加入购物车.py[line:49] INFO 登录成功
2019-06-10 18:39:28,169 test9_加入购物车.py[line:49] INFO 登录成功
2019-06-10 18:39:28,169 test9_加入购物车.py[line:49] INFO 登录成功
2019-06-10 18:39:28,169 test9_加入购物车.py[line:49] INFO 登录成功
2019-06-10 18:39:28,169 test9_加入购物车.py[line:49] INFO 登录成功
2019-06-10 18:39:28,311 test9_加入购物车.py[line:54] INFO 第1条用例"添加购物车成功"开始执行
2019-06-10 18:39:28,311 test9_加入购物车.py[line:54] INFO 第1条用例"添加购物车成功"开始执行
2019-06-10 18:39:28,311 test9_加入购物车.py[line:54] INFO 第1条用例"添加购物车成功"开始执行
2019-06-10 18:39:28,311 test9_加入购物车.py[line:54] INFO 第1条用例"添加购物车成功"开始执行
2019-06-10 18:39:28,311 test9_加入购物车.py[line:54] INFO 第1条用例"添加购物车成功"开始执行
2019-06-10 18:39:28,311 test9_加入购物车.py[line:54] INFO 第1条用例"添加购物车成功"开始执行
2019-06-10 18:39:28,311 test9_加入购物车.py[line:54] INFO 第1条用例"添加购物车成功"开始执行
2019-06-10 18:39:28,311 test9_加入购物车.py[line:54] INFO 第1条用例"添加购物车成功"开始执行
2019-06-10 18:39:28,311 test9_加入购物车.py[line:54] INFO 第1条用例"添加购物车成功"开始执行
2019-06-10 18:39:28,447 test9_加入购物车.py[line:58] INFO 请求数据:{'goodsId': '3581', 'count': '1', 'buyType': '0'}
2019-06-10 18:39:28,447 test9_加入购物车.py[line:58] INFO 请求数据:{'goodsId': '3581', 'count': '1', 'buyType': '0'}
2019-06-10 18:39:28,447 test9_加入购物车.py[line:58] INFO 请求数据:{'goodsId': '3581', 'count': '1', 'buyType': '0'}
2019-06-10 18:39:28,447 test9_加入购物车.py[line:58] INFO 请求数据:{'goodsId': '3581', 'count': '1', 'buyType': '0'}
2019-06-10 18:39:28,447 test9_加入购物车.py[line:58] INFO 请求数据:{'goodsId': '3581', 'count': '1', 'buyType': '0'}
2019-06-10 18:39:28,447 test9_加入购物车.py[line:58] INFO 请求数据:{'goodsId': '3581', 'count': '1', 'buyType': '0'}
2019-06-10 18:39:28,447 test9_加入购物车.py[line:58] INFO 请求数据:{'goodsId': '3581', 'count': '1', 'buyType': '0'}
2019-06-10 18:39:28,447 test9_加入购物车.py[line:58] INFO 请求数据:{'goodsId': '3581', 'count': '1', 'buyType': '0'}
2019-06-10 18:39:28,447 test9_加入购物车.py[line:58] INFO 请求数据:{'goodsId': '3581', 'count': '1', 'buyType': '0'}
2019-06-10 18:39:28,597 test9_加入购物车.py[line:62] INFO 返回数据:{'code': 1, 'message': '添加购物车成功！', 'data': '', 'success': True}
2019-06-10 18:39:28,597 test9_加入购物车.py[line:62] INFO 返回数据:{'code': 1, 'message': '添加购物车成功！', 'data': '', 'success': True}
2019-06-10 18:39:28,597 test9_加入购物车.py[line:62] INFO 返回数据:{'code': 1, 'message': '添加购物车成功！', 'data': '', 'success': True}
2019-06-10 18:39:28,597 test9_加入购物车.py[line:62] INFO 返回数据:{'code': 1, 'message': '添加购物车成功！', 'data': '', 'success': True}
2019-06-10 18:39:28,597 test9_加入购物车.py[line:62] INFO 返回数据:{'code': 1, 'message': '添加购物车成功！', 'data': '', 'success': True}
2019-06-10 18:39:28,597 test9_加入购物车.py[line:62] INFO 返回数据:{'code': 1, 'message': '添加购物车成功！', 'data': '', 'success': True}
2019-06-10 18:39:28,597 test9_加入购物车.py[line:62] INFO 返回数据:{'code': 1, 'message': '添加购物车成功！', 'data': '', 'success': True}
2019-06-10 18:39:28,597 test9_加入购物车.py[line:62] INFO 返回数据:{'code': 1, 'message': '添加购物车成功！', 'data': '', 'success': True}
2019-06-10 18:39:28,597 test9_加入购物车.py[line:62] INFO 返回数据:{'code': 1, 'message': '添加购物车成功！', 'data': '', 'success': True}
2019-06-10 18:39:28,747 test9_加入购物车.py[line:66] INFO 添加购物车成功！
2019-06-10 18:39:28,747 test9_加入购物车.py[line:66] INFO 添加购物车成功！
2019-06-10 18:39:28,747 test9_加入购物车.py[line:66] INFO 添加购物车成功！
2019-06-10 18:39:28,747 test9_加入购物车.py[line:66] INFO 添加购物车成功！
2019-06-10 18:39:28,747 test9_加入购物车.py[line:66] INFO 添加购物车成功！
2019-06-10 18:39:28,747 test9_加入购物车.py[line:66] INFO 添加购物车成功！
2019-06-10 18:39:28,747 test9_加入购物车.py[line:66] INFO 添加购物车成功！
2019-06-10 18:39:28,747 test9_加入购物车.py[line:66] INFO 添加购物车成功！
2019-06-10 18:39:28,747 test9_加入购物车.py[line:66] INFO 添加购物车成功！
2019-06-10 18:39:28,873 test9_加入购物车.py[line:70] INFO 第1条用例执行结束，执行结果:通过!

2019-06-10 18:39:28,873 test9_加入购物车.py[line:70] INFO 第1条用例执行结束，执行结果:通过!

2019-06-10 18:39:28,873 test9_加入购物车.py[line:70] INFO 第1条用例执行结束，执行结果:通过!

2019-06-10 18:39:28,873 test9_加入购物车.py[line:70] INFO 第1条用例执行结束，执行结果:通过!

2019-06-10 18:39:28,873 test9_加入购物车.py[line:70] INFO 第1条用例执行结束，执行结果:通过!

2019-06-10 18:39:28,873 test9_加入购物车.py[line:70] INFO 第1条用例执行结束，执行结果:通过!

2019-06-10 18:39:28,873 test9_加入购物车.py[line:70] INFO 第1条用例执行结束，执行结果:通过!

2019-06-10 18:39:28,873 test9_加入购物车.py[line:70] INFO 第1条用例执行结束，执行结果:通过!

2019-06-10 18:39:28,873 test9_加入购物车.py[line:70] INFO 第1条用例执行结束，执行结果:通过!

2019-06-10 18:39:28,966 test9_加入购物车.py[line:54] INFO 第2条用例"添加购物车失败"开始执行
2019-06-10 18:39:28,966 test9_加入购物车.py[line:54] INFO 第2条用例"添加购物车失败"开始执行
2019-06-10 18:39:28,966 test9_加入购物车.py[line:54] INFO 第2条用例"添加购物车失败"开始执行
2019-06-10 18:39:28,966 test9_加入购物车.py[line:54] INFO 第2条用例"添加购物车失败"开始执行
2019-06-10 18:39:28,966 test9_加入购物车.py[line:54] INFO 第2条用例"添加购物车失败"开始执行
2019-06-10 18:39:28,966 test9_加入购物车.py[line:54] INFO 第2条用例"添加购物车失败"开始执行
2019-06-10 18:39:28,966 test9_加入购物车.py[line:54] INFO 第2条用例"添加购物车失败"开始执行
2019-06-10 18:39:28,966 test9_加入购物车.py[line:54] INFO 第2条用例"添加购物车失败"开始执行
2019-06-10 18:39:28,966 test9_加入购物车.py[line:54] INFO 第2条用例"添加购物车失败"开始执行
2019-06-10 18:39:29,079 test9_加入购物车.py[line:58] INFO 请求数据:{'goodsId': '4102', 'count': '10', 'buyType': '0'}
2019-06-10 18:39:29,079 test9_加入购物车.py[line:58] INFO 请求数据:{'goodsId': '4102', 'count': '10', 'buyType': '0'}
2019-06-10 18:39:29,079 test9_加入购物车.py[line:58] INFO 请求数据:{'goodsId': '4102', 'count': '10', 'buyType': '0'}
2019-06-10 18:39:29,079 test9_加入购物车.py[line:58] INFO 请求数据:{'goodsId': '4102', 'count': '10', 'buyType': '0'}
2019-06-10 18:39:29,079 test9_加入购物车.py[line:58] INFO 请求数据:{'goodsId': '4102', 'count': '10', 'buyType': '0'}
2019-06-10 18:39:29,079 test9_加入购物车.py[line:58] INFO 请求数据:{'goodsId': '4102', 'count': '10', 'buyType': '0'}
2019-06-10 18:39:29,079 test9_加入购物车.py[line:58] INFO 请求数据:{'goodsId': '4102', 'count': '10', 'buyType': '0'}
2019-06-10 18:39:29,079 test9_加入购物车.py[line:58] INFO 请求数据:{'goodsId': '4102', 'count': '10', 'buyType': '0'}
2019-06-10 18:39:29,079 test9_加入购物车.py[line:58] INFO 请求数据:{'goodsId': '4102', 'count': '10', 'buyType': '0'}
2019-06-10 18:39:29,229 test9_加入购物车.py[line:62] INFO 返回数据:{'code': 2, 'message': '库存不足，无法加入购物车', 'data': '', 'success': False}
2019-06-10 18:39:29,229 test9_加入购物车.py[line:62] INFO 返回数据:{'code': 2, 'message': '库存不足，无法加入购物车', 'data': '', 'success': False}
2019-06-10 18:39:29,229 test9_加入购物车.py[line:62] INFO 返回数据:{'code': 2, 'message': '库存不足，无法加入购物车', 'data': '', 'success': False}
2019-06-10 18:39:29,229 test9_加入购物车.py[line:62] INFO 返回数据:{'code': 2, 'message': '库存不足，无法加入购物车', 'data': '', 'success': False}
2019-06-10 18:39:29,229 test9_加入购物车.py[line:62] INFO 返回数据:{'code': 2, 'message': '库存不足，无法加入购物车', 'data': '', 'success': False}
2019-06-10 18:39:29,229 test9_加入购物车.py[line:62] INFO 返回数据:{'code': 2, 'message': '库存不足，无法加入购物车', 'data': '', 'success': False}
2019-06-10 18:39:29,229 test9_加入购物车.py[line:62] INFO 返回数据:{'code': 2, 'message': '库存不足，无法加入购物车', 'data': '', 'success': False}
2019-06-10 18:39:29,229 test9_加入购物车.py[line:62] INFO 返回数据:{'code': 2, 'message': '库存不足，无法加入购物车', 'data': '', 'success': False}
2019-06-10 18:39:29,229 test9_加入购物车.py[line:62] INFO 返回数据:{'code': 2, 'message': '库存不足，无法加入购物车', 'data': '', 'success': False}
2019-06-10 18:39:29,378 test9_加入购物车.py[line:66] INFO 库存不足，无法加入购物车
2019-06-10 18:39:29,378 test9_加入购物车.py[line:66] INFO 库存不足，无法加入购物车
2019-06-10 18:39:29,378 test9_加入购物车.py[line:66] INFO 库存不足，无法加入购物车
2019-06-10 18:39:29,378 test9_加入购物车.py[line:66] INFO 库存不足，无法加入购物车
2019-06-10 18:39:29,378 test9_加入购物车.py[line:66] INFO 库存不足，无法加入购物车
2019-06-10 18:39:29,378 test9_加入购物车.py[line:66] INFO 库存不足，无法加入购物车
2019-06-10 18:39:29,378 test9_加入购物车.py[line:66] INFO 库存不足，无法加入购物车
2019-06-10 18:39:29,378 test9_加入购物车.py[line:66] INFO 库存不足，无法加入购物车
2019-06-10 18:39:29,378 test9_加入购物车.py[line:66] INFO 库存不足，无法加入购物车
2019-06-10 18:39:29,532 test9_加入购物车.py[line:70] INFO 第2条用例执行结束，执行结果:通过!

2019-06-10 18:39:29,532 test9_加入购物车.py[line:70] INFO 第2条用例执行结束，执行结果:通过!

2019-06-10 18:39:29,532 test9_加入购物车.py[line:70] INFO 第2条用例执行结束，执行结果:通过!

2019-06-10 18:39:29,532 test9_加入购物车.py[line:70] INFO 第2条用例执行结束，执行结果:通过!

2019-06-10 18:39:29,532 test9_加入购物车.py[line:70] INFO 第2条用例执行结束，执行结果:通过!

2019-06-10 18:39:29,532 test9_加入购物车.py[line:70] INFO 第2条用例执行结束，执行结果:通过!

2019-06-10 18:39:29,532 test9_加入购物车.py[line:70] INFO 第2条用例执行结束，执行结果:通过!

2019-06-10 18:39:29,532 test9_加入购物车.py[line:70] INFO 第2条用例执行结束，执行结果:通过!

2019-06-10 18:39:29,532 test9_加入购物车.py[line:70] INFO 第2条用例执行结束，执行结果:通过!

2019-06-10 18:39:29,643 test9_加入购物车.py[line:104] INFO 加入购物车模块测试结果:用例总数2其中通过用例2条，失败用例0条
2019-06-10 18:39:29,643 test9_加入购物车.py[line:104] INFO 加入购物车模块测试结果:用例总数2其中通过用例2条，失败用例0条
2019-06-10 18:39:29,643 test9_加入购物车.py[line:104] INFO 加入购物车模块测试结果:用例总数2其中通过用例2条，失败用例0条
2019-06-10 18:39:29,643 test9_加入购物车.py[line:104] INFO 加入购物车模块测试结果:用例总数2其中通过用例2条，失败用例0条
2019-06-10 18:39:29,643 test9_加入购物车.py[line:104] INFO 加入购物车模块测试结果:用例总数2其中通过用例2条，失败用例0条
2019-06-10 18:39:29,643 test9_加入购物车.py[line:104] INFO 加入购物车模块测试结果:用例总数2其中通过用例2条，失败用例0条
2019-06-10 18:39:29,643 test9_加入购物车.py[line:104] INFO 加入购物车模块测试结果:用例总数2其中通过用例2条，失败用例0条
2019-06-10 18:39:29,643 test9_加入购物车.py[line:104] INFO 加入购物车模块测试结果:用例总数2其中通过用例2条，失败用例0条
2019-06-10 18:39:29,643 test9_加入购物车.py[line:104] INFO 加入购物车模块测试结果:用例总数2其中通过用例2条，失败用例0条
