2019-06-10 18:31:08,655 ttest3_提交订单.py[line:19] INFO 本次接口测试请求地址为：http://192.168.3.214:8802//zlead/order/addOrder

2019-06-10 18:31:08,726 ttest3_提交订单.py[line:49] INFO 第1条用例"提交订单成功"开始执行
2019-06-10 18:31:08,762 ttest3_提交订单.py[line:52] INFO 请求数据:{'goodsId': '3511', 'buyNum': '1', 'buyType': '1', 'addressId': '1638', 'storeBuyType': '1', 'orderType': '0'}
2019-06-10 18:31:08,794 ttest3_提交订单.py[line:54] INFO 返回数据:{'code': 4, 'message': '库存不足，无法购买', 'data': '', 'success': False}
2019-06-10 18:31:08,819 ttest3_提交订单.py[line:57] INFO 预期结果：提交订单成功
2019-06-10 18:31:08,833 ttest3_提交订单.py[line:68] INFO 第1条用例执行结束，执行结果:失败
2019-06-10 18:31:08,836 ttest3_提交订单.py[line:49] INFO 第2条用例"提交订单成功"开始执行
2019-06-10 18:31:08,839 ttest3_提交订单.py[line:52] INFO 请求数据:{'goodsId': '3511', 'buyNum': '1', 'buyType': '1', 'addressId': '1638', 'storeBuyType': '1', 'orderType': '0'}
2019-06-10 18:31:08,865 ttest3_提交订单.py[line:54] INFO 返回数据:{'code': 4, 'message': '库存不足，无法购买', 'data': '', 'success': False}
2019-06-10 18:31:08,878 ttest3_提交订单.py[line:57] INFO 预期结果：提交订单成功
2019-06-10 18:31:08,888 ttest3_提交订单.py[line:68] INFO 第2条用例执行结束，执行结果:失败
2019-06-10 18:31:08,915 ttest3_提交订单.py[line:71] INFO 提交订单接口测试结果:用例总数1条，其中通过用例0条，失败用例1条
2019-06-10 18:31:08,933 ttest3_添加地址.py[line:22] INFO 本次接口测试请求地址为：http://192.168.3.214:8802/zlead/memaddr/addOrUpdateMemberAddress

2019-06-10 18:31:08,933 ttest3_添加地址.py[line:22] INFO 本次接口测试请求地址为：http://192.168.3.214:8802/zlead/memaddr/addOrUpdateMemberAddress

2019-06-10 18:31:09,036 ttest3_添加地址.py[line:53] INFO 获取cookie成功，cookies=<RequestsCookieJar[<Cookie JSESSIONID=DC7A4C4E918EEC2AB4ED6CAB62183CC3 for 192.168.3.214/>]>
2019-06-10 18:31:09,036 ttest3_添加地址.py[line:53] INFO 获取cookie成功，cookies=<RequestsCookieJar[<Cookie JSESSIONID=DC7A4C4E918EEC2AB4ED6CAB62183CC3 for 192.168.3.214/>]>
2019-06-10 18:31:09,140 ttest3_添加地址.py[line:55] INFO 登录成功
2019-06-10 18:31:09,140 ttest3_添加地址.py[line:55] INFO 登录成功
2019-06-10 18:31:09,184 ttest3_添加地址.py[line:60] INFO 第1条用例"添加购物车成功"开始执行
2019-06-10 18:31:09,184 ttest3_添加地址.py[line:60] INFO 第1条用例"添加购物车成功"开始执行
2019-06-10 18:31:09,212 ttest3_添加地址.py[line:64] INFO 请求数据:{'memberName': 'a15841de6372a6c93d68d9e9f606de42', 'phone': '13100000000', 'provinceName': 'b6733429b6ef0f1459b770ed8f45b936', 'cityName': 'b573e51a8d67f92500f62456f647d332', 'countyName': 'b5d3659c964202bb12bf6289e95e80a0', 'detailAddress': '3940cdef5eaaf5f77b44f20013be7f81', 'isDefault': '1', 'type': '1'}
2019-06-10 18:31:09,212 ttest3_添加地址.py[line:64] INFO 请求数据:{'memberName': 'a15841de6372a6c93d68d9e9f606de42', 'phone': '13100000000', 'provinceName': 'b6733429b6ef0f1459b770ed8f45b936', 'cityName': 'b573e51a8d67f92500f62456f647d332', 'countyName': 'b5d3659c964202bb12bf6289e95e80a0', 'detailAddress': '3940cdef5eaaf5f77b44f20013be7f81', 'isDefault': '1', 'type': '1'}
2019-06-10 18:31:09,256 ttest3_添加地址.py[line:68] INFO 返回数据:{"code":2,"message":"传入的省市县有误","data":"","success":false}
2019-06-10 18:31:09,256 ttest3_添加地址.py[line:68] INFO 返回数据:{"code":2,"message":"传入的省市县有误","data":"","success":false}
2019-06-10 18:31:19,073 ttest3_提交订单.py[line:19] INFO 本次接口测试请求地址为：http://192.168.3.214:8802//zlead/order/addOrder

2019-06-10 18:31:19,155 ttest3_提交订单.py[line:49] INFO 第1条用例"提交订单成功"开始执行
2019-06-10 18:31:19,227 ttest3_提交订单.py[line:52] INFO 请求数据:{'goodsId': '3511', 'buyNum': '1', 'buyType': '1', 'addressId': '1638', 'storeBuyType': '1', 'orderType': '0'}
2019-06-10 18:31:19,265 ttest3_提交订单.py[line:54] INFO 返回数据:{'code': 4, 'message': '库存不足，无法购买', 'data': '', 'success': False}
2019-06-10 18:31:19,283 ttest3_提交订单.py[line:57] INFO 预期结果：提交订单成功
2019-06-10 18:31:19,297 ttest3_提交订单.py[line:68] INFO 第1条用例执行结束，执行结果:失败
2019-06-10 18:31:19,309 ttest3_提交订单.py[line:49] INFO 第2条用例"提交订单成功"开始执行
2019-06-10 18:31:19,321 ttest3_提交订单.py[line:52] INFO 请求数据:{'goodsId': '3511', 'buyNum': '1', 'buyType': '1', 'addressId': '1638', 'storeBuyType': '1', 'orderType': '0'}
2019-06-10 18:31:19,356 ttest3_提交订单.py[line:54] INFO 返回数据:{'code': 4, 'message': '库存不足，无法购买', 'data': '', 'success': False}
2019-06-10 18:31:19,390 ttest3_提交订单.py[line:57] INFO 预期结果：提交订单成功
2019-06-10 18:31:19,406 ttest3_提交订单.py[line:68] INFO 第2条用例执行结束，执行结果:失败
2019-06-10 18:31:19,419 ttest3_提交订单.py[line:71] INFO 提交订单接口测试结果:用例总数1条，其中通过用例0条，失败用例1条
2019-06-10 18:31:19,434 ttest3_添加地址.py[line:22] INFO 本次接口测试请求地址为：http://192.168.3.214:8802/zlead/memaddr/addOrUpdateMemberAddress

2019-06-10 18:31:19,434 ttest3_添加地址.py[line:22] INFO 本次接口测试请求地址为：http://192.168.3.214:8802/zlead/memaddr/addOrUpdateMemberAddress

2019-06-10 18:31:19,538 ttest3_添加地址.py[line:53] INFO 获取cookie成功，cookies=<RequestsCookieJar[<Cookie JSESSIONID=74D94BF990600595A67B4F29461AACBA for 192.168.3.214/>]>
2019-06-10 18:31:19,538 ttest3_添加地址.py[line:53] INFO 获取cookie成功，cookies=<RequestsCookieJar[<Cookie JSESSIONID=74D94BF990600595A67B4F29461AACBA for 192.168.3.214/>]>
2019-06-10 18:31:19,626 ttest3_添加地址.py[line:55] INFO 登录成功
2019-06-10 18:31:19,626 ttest3_添加地址.py[line:55] INFO 登录成功
2019-06-10 18:31:19,668 ttest3_添加地址.py[line:60] INFO 第1条用例"添加购物车成功"开始执行
2019-06-10 18:31:19,668 ttest3_添加地址.py[line:60] INFO 第1条用例"添加购物车成功"开始执行
2019-06-10 18:31:19,697 ttest3_添加地址.py[line:64] INFO 请求数据:{'memberName': 'a15841de6372a6c93d68d9e9f606de42', 'phone': '13100000000', 'provinceName': 'b6733429b6ef0f1459b770ed8f45b936', 'cityName': 'b573e51a8d67f92500f62456f647d332', 'countyName': 'b5d3659c964202bb12bf6289e95e80a0', 'detailAddress': '3940cdef5eaaf5f77b44f20013be7f81', 'isDefault': '1', 'type': '1'}
2019-06-10 18:31:19,697 ttest3_添加地址.py[line:64] INFO 请求数据:{'memberName': 'a15841de6372a6c93d68d9e9f606de42', 'phone': '13100000000', 'provinceName': 'b6733429b6ef0f1459b770ed8f45b936', 'cityName': 'b573e51a8d67f92500f62456f647d332', 'countyName': 'b5d3659c964202bb12bf6289e95e80a0', 'detailAddress': '3940cdef5eaaf5f77b44f20013be7f81', 'isDefault': '1', 'type': '1'}
2019-06-10 18:31:19,741 ttest3_添加地址.py[line:68] INFO 返回数据:{"code":2,"message":"传入的省市县有误","data":"","success":false}
2019-06-10 18:31:19,741 ttest3_添加地址.py[line:68] INFO 返回数据:{"code":2,"message":"传入的省市县有误","data":"","success":false}
2019-06-10 18:31:19,781 ttest3_添加地址.py[line:73] INFO None
2019-06-10 18:31:19,781 ttest3_添加地址.py[line:73] INFO None
2019-06-10 18:31:19,819 ttest3_添加地址.py[line:85] INFO 第1条用例执行结束，执行结果:失败
2019-06-10 18:31:19,819 ttest3_添加地址.py[line:85] INFO 第1条用例执行结束，执行结果:失败
2019-06-10 18:31:19,867 ttest3_添加地址.py[line:91] INFO 加入购物车模块测试结果:用例总数1其中通过用例0条，失败用例1条
2019-06-10 18:31:19,867 ttest3_添加地址.py[line:91] INFO 加入购物车模块测试结果:用例总数1其中通过用例0条，失败用例1条
