2019-06-10 13:26:17,043 ttest2_登录_商城端.py[line:19] INFO 本次接口测试请求地址为：http://192.168.3.214:8802/zlead/member/login

2019-06-10 13:26:17,053 ttest2_登录_商城端.py[line:40] INFO 第1条用例"用户名和密码正确"开始执行
2019-06-10 13:26:17,054 ttest2_登录_商城端.py[line:42] INFO 请求数据:{'account': '15500000000', 'password': '111111'}
2019-06-10 13:26:17,123 ttest2_登录_商城端.py[line:44] INFO 返回数据:{'code': 1, 'message': '登录成功', 'data': {'headImg': None, 'memberType': 3, 'memberId': 2723, 'username': '15500000000'}, 'success': True}
2019-06-10 13:26:17,202 ttest2_登录_商城端.py[line:51] INFO 第1条用例执行结束，执行结果:通过!

2019-06-10 13:26:17,206 ttest2_登录_商城端.py[line:40] INFO 第2条用例"用户名错误"开始执行
2019-06-10 13:26:17,211 ttest2_登录_商城端.py[line:42] INFO 请求数据:{'account': '15500000001', 'password': '111111'}
2019-06-10 13:26:17,277 ttest2_登录_商城端.py[line:44] INFO 返回数据:{'code': 2, 'message': '登录用户不存在', 'data': '', 'success': False}
2019-06-10 13:26:17,354 ttest2_登录_商城端.py[line:51] INFO 第2条用例执行结束，执行结果:通过!

2019-06-10 13:26:17,388 ttest2_登录_商城端.py[line:40] INFO 第3条用例"密码错误"开始执行
2019-06-10 13:26:17,408 ttest2_登录_商城端.py[line:42] INFO 请求数据:{'account': '15500000000', 'password': '111112'}
2019-06-10 13:26:17,482 ttest2_登录_商城端.py[line:44] INFO 返回数据:{'code': 2, 'message': '用户名或密码错误', 'data': '', 'success': False}
2019-06-10 13:26:17,608 ttest2_登录_商城端.py[line:51] INFO 第3条用例执行结束，执行结果:通过!

2019-06-10 13:26:17,642 ttest2_登录_商城端.py[line:40] INFO 第4条用例"用户名为10位"开始执行
2019-06-10 13:26:17,656 ttest2_登录_商城端.py[line:42] INFO 请求数据:{'account': '1550010000', 'password': '111111'}
2019-06-10 13:26:17,730 ttest2_登录_商城端.py[line:44] INFO 返回数据:{'code': 2, 'message': '登录用户不存在', 'data': '', 'success': False}
2019-06-10 13:26:17,824 ttest2_登录_商城端.py[line:51] INFO 第4条用例执行结束，执行结果:通过!

2019-06-10 13:26:17,850 ttest2_登录_商城端.py[line:40] INFO 第5条用例"用户名为11位"开始执行
2019-06-10 13:26:17,867 ttest2_登录_商城端.py[line:42] INFO 请求数据:{'account': '155000000000', 'password': '111111'}
2019-06-10 13:26:17,942 ttest2_登录_商城端.py[line:44] INFO 返回数据:{'code': 2, 'message': '登录用户不存在', 'data': '', 'success': False}
2019-06-10 13:26:18,044 ttest2_登录_商城端.py[line:51] INFO 第5条用例执行结束，执行结果:通过!

2019-06-10 13:26:18,068 ttest2_登录_商城端.py[line:40] INFO 第6条用例"用户名为空"开始执行
2019-06-10 13:26:18,081 ttest2_登录_商城端.py[line:42] INFO 请求数据:{'account': 'None', 'password': '111111'}
2019-06-10 13:26:18,156 ttest2_登录_商城端.py[line:44] INFO 返回数据:{'code': 2, 'message': '登录用户不存在', 'data': '', 'success': False}
2019-06-10 13:26:18,255 ttest2_登录_商城端.py[line:51] INFO 第6条用例执行结束，执行结果:通过!

2019-06-10 13:26:18,268 ttest2_登录_商城端.py[line:40] INFO 第7条用例"密码为空"开始执行
2019-06-10 13:26:18,282 ttest2_登录_商城端.py[line:42] INFO 请求数据:{'account': '15500000000', 'password': 'None'}
2019-06-10 13:26:18,359 ttest2_登录_商城端.py[line:44] INFO 返回数据:{'code': 2, 'message': '用户名或密码错误', 'data': '', 'success': False}
2019-06-10 13:26:18,446 ttest2_登录_商城端.py[line:51] INFO 第7条用例执行结束，执行结果:通过!

2019-06-10 13:26:18,467 ttest2_登录_商城端.py[line:40] INFO 第8条用例"用户名和密码正确"开始执行
2019-06-10 13:26:18,491 ttest2_登录_商城端.py[line:42] INFO 请求数据:{'account': '15500000000', 'password': '111111'}
2019-06-10 13:26:18,580 ttest2_登录_商城端.py[line:44] INFO 返回数据:{'code': 1, 'message': '登录成功', 'data': {'headImg': None, 'memberType': 3, 'memberId': 2723, 'username': '15500000000'}, 'success': True}
2019-06-10 13:26:18,677 ttest2_登录_商城端.py[line:51] INFO 第8条用例执行结束，执行结果:通过!

2019-06-10 13:26:18,692 ttest2_登录_商城端.py[line:59] INFO 登录接口测试结果:用例总数8条，其中通过用例8条，失败用例0条
2019-06-10 13:26:18,708 ttest2_登录_工厂PC端.py[line:20] INFO 本次接口测试请求地址为：http://192.168.3.214:8803//zlead/isShowRdm.do?loginName=

2019-06-10 13:26:18,708 ttest2_登录_工厂PC端.py[line:20] INFO 本次接口测试请求地址为：http://192.168.3.214:8803//zlead/isShowRdm.do?loginName=

2019-06-10 13:26:18,799 ttest2_登录_工厂PC端.py[line:46] INFO 第1条用例"用户名和密码正确"开始执行
2019-06-10 13:26:18,799 ttest2_登录_工厂PC端.py[line:46] INFO 第1条用例"用户名和密码正确"开始执行
2019-06-10 13:26:18,824 ttest2_登录_工厂PC端.py[line:48] INFO 请求数据:{'loginName': '12345678901', 'userPwd': '96e79218965eb72c92a549dd5a330112', 'tid': 'e721e97307f447a98fd5eddfeb66056d', 'rdmCode': ''}
2019-06-10 13:26:18,824 ttest2_登录_工厂PC端.py[line:48] INFO 请求数据:{'loginName': '12345678901', 'userPwd': '96e79218965eb72c92a549dd5a330112', 'tid': 'e721e97307f447a98fd5eddfeb66056d', 'rdmCode': ''}
2019-06-10 13:26:18,861 ttest2_登录_工厂PC端.py[line:50] INFO 返回数据:{'state': False, 'data': '79eb7fcf95e64d1bb9aeadbf874ca10b'}
2019-06-10 13:26:18,861 ttest2_登录_工厂PC端.py[line:50] INFO 返回数据:{'state': False, 'data': '79eb7fcf95e64d1bb9aeadbf874ca10b'}
2019-06-10 13:26:18,898 ttest2_登录_工厂PC端.py[line:62] INFO 第1条用例执行结束，执行结果:失败
2019-06-10 13:26:18,898 ttest2_登录_工厂PC端.py[line:62] INFO 第1条用例执行结束，执行结果:失败
2019-06-10 13:26:18,929 ttest2_登录_工厂PC端.py[line:65] INFO 登录接口测试结果:用例总数1条，其中通过用例0条，失败用例1条
2019-06-10 13:26:18,929 ttest2_登录_工厂PC端.py[line:65] INFO 登录接口测试结果:用例总数1条，其中通过用例0条，失败用例1条
