2019-06-12 15:52:30,483 test1_注册.py[line:16] INFO 本次接口测试请求地址为：http://192.168.3.214:8801/zlead/member/registered

2019-06-12 15:52:30,489 test1_注册.py[line:38] INFO 第1条用例"用户名和密码正确"开始执行
2019-06-12 15:52:30,492 test1_注册.py[line:41] INFO 请求数据:{'phone': '19612121211', 'passWord': '111111', 'companyName': 'test', 'verifyCode': '111111'}
2019-06-12 15:52:30,501 test1_注册.py[line:44] INFO 返回数据:{'code': 2, 'message': '验证码校验失败', 'data': '', 'success': False}
2019-06-12 15:52:30,513 test1_注册.py[line:53] INFO 第1条用例执行结束，执行结果:通过!

2019-06-12 15:52:30,515 test1_注册.py[line:60] INFO 登录接口测试结果:用例总数[1]条，其中通过用例[1]条，失败用例[]条
2019-06-12 15:52:30,519 test2_登录_商城端.py[line:19] INFO 本次接口测试请求地址为：http://192.168.3.214:8801/zlead/member/login

2019-06-12 15:52:30,530 test2_登录_商城端.py[line:40] INFO 第1条用例"用户名和密码正确"开始执行
2019-06-12 15:52:30,532 test2_登录_商城端.py[line:42] INFO 请求数据:{'account': '15500000000', 'password': '111111'}
2019-06-12 15:52:30,557 test2_登录_商城端.py[line:44] INFO 返回数据:{'code': 1, 'message': '登录成功', 'data': {'headImg': None, 'memberType': 3, 'memberId': 2723, 'username': '15500000000'}, 'success': True}
2019-06-12 15:52:30,583 test2_登录_商城端.py[line:51] INFO 第1条用例执行结束，执行结果:通过!

2019-06-12 15:52:30,599 test2_登录_商城端.py[line:40] INFO 第2条用例"用户名错误"开始执行
2019-06-12 15:52:30,619 test2_登录_商城端.py[line:42] INFO 请求数据:{'account': '15500000001', 'password': '111111'}
2019-06-12 15:52:30,646 test2_登录_商城端.py[line:44] INFO 返回数据:{'code': 2, 'message': '登录用户不存在', 'data': '', 'success': False}
2019-06-12 15:52:30,672 test2_登录_商城端.py[line:51] INFO 第2条用例执行结束，执行结果:通过!

2019-06-12 15:52:30,689 test2_登录_商城端.py[line:40] INFO 第3条用例"密码错误"开始执行
2019-06-12 15:52:30,704 test2_登录_商城端.py[line:42] INFO 请求数据:{'account': '15500000000', 'password': '111112'}
2019-06-12 15:52:30,728 test2_登录_商城端.py[line:44] INFO 返回数据:{'code': 2, 'message': '密码错误', 'data': '', 'success': False}
2019-06-12 15:52:30,753 test2_登录_商城端.py[line:51] INFO 第3条用例执行结束，执行结果:通过!

2019-06-12 15:52:30,768 test2_登录_商城端.py[line:40] INFO 第4条用例"用户名为10位"开始执行
2019-06-12 15:52:30,783 test2_登录_商城端.py[line:42] INFO 请求数据:{'account': '1550010000', 'password': '111111'}
2019-06-12 15:52:30,805 test2_登录_商城端.py[line:44] INFO 返回数据:{'code': 2, 'message': '登录用户不存在', 'data': '', 'success': False}
2019-06-12 15:52:30,830 test2_登录_商城端.py[line:51] INFO 第4条用例执行结束，执行结果:通过!

2019-06-12 15:52:30,846 test2_登录_商城端.py[line:40] INFO 第5条用例"用户名为11位"开始执行
2019-06-12 15:52:30,861 test2_登录_商城端.py[line:42] INFO 请求数据:{'account': '155000000000', 'password': '111111'}
2019-06-12 15:52:30,884 test2_登录_商城端.py[line:44] INFO 返回数据:{'code': 2, 'message': '登录用户不存在', 'data': '', 'success': False}
2019-06-12 15:52:30,910 test2_登录_商城端.py[line:51] INFO 第5条用例执行结束，执行结果:通过!

2019-06-12 15:52:30,926 test2_登录_商城端.py[line:40] INFO 第6条用例"用户名为空"开始执行
2019-06-12 15:52:30,941 test2_登录_商城端.py[line:42] INFO 请求数据:{'account': 'None', 'password': '111111'}
2019-06-12 15:52:30,963 test2_登录_商城端.py[line:44] INFO 返回数据:{'code': 2, 'message': '登录用户不存在', 'data': '', 'success': False}
2019-06-12 15:52:30,988 test2_登录_商城端.py[line:51] INFO 第6条用例执行结束，执行结果:通过!

2019-06-12 15:52:31,003 test2_登录_商城端.py[line:40] INFO 第7条用例"密码为空"开始执行
2019-06-12 15:52:31,018 test2_登录_商城端.py[line:42] INFO 请求数据:{'account': '15500000000', 'password': 'None'}
2019-06-12 15:52:31,041 test2_登录_商城端.py[line:44] INFO 返回数据:{'code': 2, 'message': '密码错误', 'data': '', 'success': False}
2019-06-12 15:52:31,067 test2_登录_商城端.py[line:51] INFO 第7条用例执行结束，执行结果:通过!

2019-06-12 15:52:31,082 test2_登录_商城端.py[line:40] INFO 第8条用例"用户名和密码正确"开始执行
2019-06-12 15:52:31,097 test2_登录_商城端.py[line:42] INFO 请求数据:{'account': '15500000000', 'password': '111111'}
2019-06-12 15:52:31,123 test2_登录_商城端.py[line:44] INFO 返回数据:{'code': 1, 'message': '登录成功', 'data': {'headImg': None, 'memberType': 3, 'memberId': 2723, 'username': '15500000000'}, 'success': True}
2019-06-12 15:52:31,149 test2_登录_商城端.py[line:51] INFO 第8条用例执行结束，执行结果:通过!

2019-06-12 15:52:31,165 test2_登录_商城端.py[line:59] INFO 登录接口测试结果:用例总数8条，其中通过用例8条，失败用例0条
2019-06-12 15:52:31,182 test2_登录_工厂PC端.py[line:22] INFO 本次接口测试请求地址为：http://192.168.3.214:8803//zlead/login.do

2019-06-12 15:52:31,249 test2_登录_工厂PC端.py[line:45] INFO 登录URL：http://192.168.3.214:8803//zlead/login.do
2019-06-12 15:52:31,279 test2_登录_工厂PC端.py[line:49] INFO 第1条用例"用户名和密码正确"开始执行
2019-06-12 15:52:31,292 test2_登录_工厂PC端.py[line:51] INFO 请求数据:{'loginName': '12345678901', 'userPwd': '96e79218965eb72c92a549dd5a330112', 'tid': '6460d368f34a4cb2a7ef424dd317e673', 'rdmCode': ''}
2019-06-12 15:52:31,328 test2_登录_工厂PC端.py[line:53] INFO 返回数据:{'state': True, 'data': 'daf73bf806b953abe1700eb02ea16fe0063175d0'}
2019-06-12 15:52:31,348 test2_登录_工厂PC端.py[line:57] INFO True
2019-06-12 15:52:31,362 test2_登录_工厂PC端.py[line:58] INFO True
2019-06-12 15:52:31,380 test2_登录_工厂PC端.py[line:62] INFO 第1条用例执行结束，执行结果:通过!

2019-06-12 15:52:31,395 test2_登录_工厂PC端.py[line:70] INFO 登录接口测试结果:用例总数1条，其中通过用例1条，失败用例0条
2019-06-12 15:52:31,467 test3_发送验证码.py[line:18] INFO 本次接口测试请求地址为：http://192.168.3.214:8801/zlead/member/sendVerifyCode

2019-06-12 15:52:31,486 test3_发送验证码.py[line:39] INFO 第1条用例"发送验证码成功"执行开始
2019-06-12 15:52:31,502 test3_发送验证码.py[line:41] INFO 发出请求数据：http://192.168.3.214:8801/zlead/member/sendVerifyCode{'phone': '15500000000'}
2019-06-12 15:52:36,837 test3_发送验证码.py[line:43] INFO 返回请求数据：{'code': 1, 'message': '验证码发送成功', 'data': '', 'success': True}
2019-06-12 15:52:36,896 test3_发送验证码.py[line:47] INFO 第1条用例执行结束，执行结果:通过!

2019-06-12 15:52:36,927 test3_发送验证码.py[line:55] INFO 发送验证码接口测试结果:用例总数1条，其中通过用例1条，失败用例0条
2019-06-12 15:52:36,953 test3_地址流程.py[line:33] INFO 获取cookie成功，cookies=<RequestsCookieJar[<Cookie JSESSIONID=1E7B0726990B478795D601D182091574 for 192.168.3.214/>]>
2019-06-12 15:52:36,968 test3_地址流程.py[line:35] INFO 登录成功
2019-06-12 15:52:36,981 test3_地址流程.py[line:39] INFO 添加地址开始
2019-06-12 15:52:36,995 test3_地址流程.py[line:41] INFO 添加地址请求数据:{'memberName': 'testxu', 'phone': '1311111111', 'provinceName': '上海市', 'cityName': '市辖区', 'countyName': '黄浦区', 'detailAddress': '泛太平洋大厦', 'isDefault': 1, 'type': 1}
2019-06-12 15:52:37,063 test3_地址流程.py[line:44] INFO 添加地址返回数据:{"code":1,"message":"地址添加成功！","data":"","success":true}
2019-06-12 15:52:37,132 test3_地址流程.py[line:46] INFO 添加地址结束，测试结果为：成功
2019-06-12 15:52:37,149 test3_地址流程.py[line:64] INFO 查询地址开始
2019-06-12 15:52:37,167 test3_地址流程.py[line:66] INFO 请求数据为：http://192.168.3.214:8801/zlead/memaddr/getAllAgentAddress
2019-06-12 15:52:37,215 test3_地址流程.py[line:68] INFO 查询地址返回数据为：{'code': 1, 'message': '地址列表', 'data': {'0': [{'id': 2071, 'memberId': 2723, 'memberName': 'testxu', 'phone': '1311111111', 'address': '泛太平洋大厦', 'isDefault': 1, 'isFact': 0, 'factId': 0, 'factName': '', 'provinceName': '上海市', 'cityName': '市辖区', 'regionName': '黄浦区'}, {'id': 1046, 'memberId': 2723, 'memberName': '赵敏敏', 'phone': '15500000000', 'address': '订单', 'isDefault': 0, 'isFact': 0, 'factId': 0, 'factName': None, 'provinceName': '河北省', 'cityName': '石家庄市', 'regionName': '灵寿县'}, {'id': 1080, 'memberId': 2723, 'memberName': '张三丰', 'phone': '18662467587', 'address': '北京西路', 'isDefault': 0, 'isFact': 0, 'factId': 0, 'factName': None, 'provinceName': '上海市', 'cityName': '市辖区', 'regionName': '黄浦区'}, {'id': 1255, 'memberId': 2723, 'memberName': '袁文', 'phone': '18662467587', 'address': '对对对', 'isDefault': 0, 'isFact': 0, 'factId': 0, 'factName': None, 'provinceName': '上海市', 'cityName': '县', 'regionName': '崇明县'}, {'id': 1258, 'memberId': 2723, 'memberName': '涣汗大号11111111111111111111111111111111111111111111111111111111111111111111111111111111', 'phone': '15516779923', 'address': '订单', 'isDefault': 0, 'isFact': 0, 'factId': 0, 'factName': None, 'provinceName': '广东省', 'cityName': '广州市', 'regionName': '市辖区'}, {'id': 1282, 'memberId': 2723, 'memberName': '与UU回家结婚回家就看呵呵姐姐姐姐姐姐姐姐姐姐姐姐姐姐姐姐家', 'phone': '15555555555', 'address': '订单', 'isDefault': 0, 'isFact': 0, 'factId': 0, 'factName': None, 'provinceName': '湖南省', 'cityName': '长沙市', 'regionName': '市辖区'}, {'id': 1398, 'memberId': 2723, 'memberName': 'sdddddddddddddddddddddddddddddfffffffffffffffffffffffffffffffff', 'phone': '15555555555', 'address': '对对对', 'isDefault': 0, 'isFact': 0, 'factId': 0, 'factName': None, 'provinceName': '河南省', 'cityName': '郑州市', 'regionName': '市辖区'}, {'id': 1399, 'memberId': 2723, 'memberName': 'sdddddddddddddddddddddddddddddfffffffffffffffffffffffffffffffff', 'phone': '15555555555', 'address': '对对对', 'isDefault': 0, 'isFact': 0, 'factId': 0, 'factName': None, 'provinceName': '河南省', 'cityName': '郑州市', 'regionName': '市辖区'}, {'id': 1428, 'memberId': 2723, 'memberName': 'vfffffffff', 'phone': '11554455555', 'address': 'fffff', 'isDefault': 0, 'isFact': 0, 'factId': 0, 'factName': None, 'provinceName': '湖北省', 'cityName': '武汉市', 'regionName': '市辖区'}, {'id': 1451, 'memberId': 2723, 'memberName': '对对对大大大大大大大', 'phone': '11111111111', 'address': '对对对大大大大大大大大大大大大大大大大大', 'isDefault': 0, 'isFact': 0, 'factId': 0, 'factName': None, 'provinceName': '湖南省', 'cityName': '长沙市', 'regionName': '市辖区'}, {'id': 1637, 'memberId': 2723, 'memberName': '徐培庆', 'phone': '17621463842', 'address': 'dsafsafdsaf', 'isDefault': 0, 'isFact': 0, 'factId': 0, 'factName': None, 'provinceName': '北京市', 'cityName': '市辖区', 'regionName': '东城区'}, {'id': 2055, 'memberId': 2723, 'memberName': 'testxu1', 'phone': '1311111111', 'address': '泛太平洋大厦', 'isDefault': 0, 'isFact': 0, 'factId': 0, 'factName': None, 'provinceName': '上海市', 'cityName': '市辖区', 'regionName': '黄浦区'}, {'id': 2067, 'memberId': 2723, 'memberName': 'testxu', 'phone': '1311111111', 'address': '泛太平洋大厦', 'isDefault': 0, 'isFact': 0, 'factId': 0, 'factName': None, 'provinceName': '上海市', 'cityName': '市辖区', 'regionName': '黄浦区'}, {'id': 2069, 'memberId': 2723, 'memberName': 'testxu', 'phone': '1311111111', 'address': '泛太平洋大厦', 'isDefault': 0, 'isFact': 0, 'factId': 0, 'factName': None, 'provinceName': '上海市', 'cityName': '市辖区', 'regionName': '黄浦区'}, {'id': 2070, 'memberId': 2723, 'memberName': '徐徐', 'phone': '13100000000', 'address': '泛太平洋大厦', 'isDefault': 0, 'isFact': 0, 'factId': 0, 'factName': None, 'provinceName': '上海市', 'cityName': '市辖区', 'regionName': '黄浦区'}], '42': [{'id': 1545, 'memberId': 2723, 'memberName': '老赵', 'phone': '15500000000', 'address': '问问', 'isDefault': 0, 'isFact': 1, 'factId': 42, 'factName': '王猛五金厂', 'provinceName': '北京市', 'cityName': '县', 'regionName': '密云县'}], '43': [{'id': 1694, 'memberId': 2723, 'memberName': '', 'phone': '', 'address': '果皮', 'isDefault': 0, 'isFact': 1, 'factId': 43, 'factName': '施勤丰五金厂', 'provinceName': '天津市', 'cityName': '市辖区', 'regionName': '和平区'}]}, 'success': True}
2019-06-12 15:52:37,484 test3_地址流程.py[line:70] INFO 查询地址结束，测试结果为：成功
2019-06-12 15:52:37,815 test3_地址流程.py[line:77] INFO 更新地址开始
2019-06-12 15:52:38,026 test3_地址流程.py[line:79] INFO 更新地址请求数据:{'addressId': 2070, 'memberName': 'testxu1', 'phone': '1311111111', 'provinceName': '上海市', 'cityName': '市辖区', 'countyName': '黄浦区', 'detailAddress': '泛太平洋大厦', 'isDefault': 1, 'type': 2}
2019-06-12 15:52:38,340 test3_地址流程.py[line:81] INFO 更新地址返回数据为：{"code":1,"message":"地址修改成功！","data":"","success":true}
2019-06-12 15:52:38,530 test3_地址流程.py[line:83] INFO 更新地址结束，测试结果为：成功
2019-06-12 15:52:38,709 test3_地址流程.py[line:89] INFO 删除地址开始
2019-06-12 15:52:38,807 test3_地址流程.py[line:92] INFO 删除地址返回数据：{'code': 1, 'message': '地址删除成功！', 'data': '', 'success': True}
2019-06-12 15:52:38,893 test3_地址流程.py[line:94] INFO 删除地址结束，测试结果为：成功
2019-06-12 15:52:38,982 test3_地址流程.py[line:103] INFO 登录、添加、查询、修改、删除地址流程测试结果:用例总数1其中通过用例1条，失败用例0条
2019-06-12 15:52:39,277 test3_提交订单.py[line:19] INFO 本次接口测试请求地址为：http://192.168.3.214:8801//zlead/order/addOrder

2019-06-12 15:52:39,388 test3_提交订单.py[line:49] INFO 第1条用例"提交订单成功"开始执行
2019-06-12 15:52:39,489 test3_提交订单.py[line:52] INFO 请求数据:{'goodsId': '3581', 'buyNum': '1', 'buyType': '1', 'addressId': '1638', 'storeBuyType': '1', 'orderType': '0'}
2019-06-12 15:52:39,673 test3_提交订单.py[line:54] INFO 返回数据:{'code': 1, 'message': '提交订单成功', 'data': {'orderType': 0, 'orderId': 50004732, 'orderSn': '201906122780'}, 'success': True}
2019-06-12 15:52:39,826 test3_提交订单.py[line:57] INFO 预期结果：提交订单成功
2019-06-12 15:52:39,956 test3_提交订单.py[line:61] INFO 第1条用例执行结束，执行结果:通过!

2019-06-12 15:52:40,226 test3_提交订单.py[line:49] INFO 第2条用例"提交订单成功"开始执行
2019-06-12 15:52:40,242 test3_提交订单.py[line:52] INFO 请求数据:{'goodsId': '3581', 'buyNum': '1', 'buyType': '1', 'addressId': '1638', 'storeBuyType': '1', 'orderType': '0'}
2019-06-12 15:52:40,294 test3_提交订单.py[line:54] INFO 返回数据:{'code': 1, 'message': '提交订单成功', 'data': {'orderType': 0, 'orderId': 50004733, 'orderSn': '201906125212'}, 'success': True}
2019-06-12 15:52:40,317 test3_提交订单.py[line:57] INFO 预期结果：提交订单成功
2019-06-12 15:52:40,340 test3_提交订单.py[line:61] INFO 第2条用例执行结束，执行结果:通过!

2019-06-12 15:52:40,370 test3_提交订单.py[line:71] INFO 提交订单接口测试结果:用例总数1条，其中通过用例1条，失败用例0条
2019-06-12 15:52:40,386 test3_查询购物车.py[line:19] INFO 本次接口测试请求地址为：http://192.168.3.214:8801/zlead/shopcart/shoppingCartGoods

2019-06-12 15:52:40,488 test3_查询购物车.py[line:52] INFO 请求数据:{'code': 1, 'message': '返回购物车信息!', 'data': [{'goodsList': [{'goodsImg': 'http://210.22.139.138:58803/myapp/uploads/attach/201904/d1/7038e72a94d142f4983ba78b86c76beb.jpg', 'goodsId': 3423, 'count': 1, 'isMarketable': 1, 'facId': 35, 'shopName': '龙华建材经销公司商城', 'agentDiscount': 0.5, 'prodType': 0, 'thisGoodsModel': '', 'modelName': '网络特供110', 'specNames': '19*19', 'goodsPointPrice': 0.0, 'goodsPrice': 10.0, 'thisGoodsAttr': ['黄'], 'storeName': None, 'id': 14437, 'shopId': 710, 'stock': 10, 'goodsName': '金刚石小锯片锋利耐磨云石片波纹型瓷砖大理'}], 'shopName': '龙华建材经销公司', 'facId': {'factory_id': 35}, 'shopId': 710}, {'goodsList': [{'goodsImg': 'http://210.22.139.138:58803/myapp/uploads/attach/201904/d1/791739b0b7cf40aab268e34d07f4237d.jpg', 'goodsId': 3581, 'count': 11, 'isMarketable': 1, 'facId': 42, 'shopName': '王猛五金厂', 'agentDiscount': 0.5, 'prodType': 0, 'thisGoodsModel': '', 'modelName': 'DD_00001', 'specNames': None, 'goodsPointPrice': 0.0, 'goodsPrice': 99.0, 'thisGoodsAttr': ['200M', '室内', '红'], 'storeName': None, 'id': 14532, 'shopId': 721, 'stock': 999999960, 'goodsName': '灯灯灯灯灯灯灯'}], 'shopName': '王猛五金厂', 'facId': {'factory_id': 42}, 'shopId': 721}], 'success': True}
2019-06-12 15:52:40,649 test3_查询购物车.py[line:62] INFO 执行SQL查询:SELECT sum(count) from t_shopping_cart where member_id = (SELECT id from t_member where member_id = '15500000000') and is_buy = '0'
2019-06-12 15:52:40,799 test3_查询购物车.py[line:67] INFO 查询购物车成功
2019-06-12 15:52:40,840 test3_查询购物车.py[line:72] INFO 查看购物车接口测试结果:用例总数1条，其中通过用例1条，失败用例0条
2019-06-12 15:52:40,876 test3_添加地址.py[line:22] INFO 本次接口测试请求地址为：http://192.168.3.214:8801/zlead/memaddr/addOrUpdateMemberAddress

2019-06-12 15:52:40,907 test3_添加地址.py[line:53] INFO 获取cookie成功，cookies=<RequestsCookieJar[<Cookie JSESSIONID=B75114B4A7920ABA6E60ED27984D1A08 for 192.168.3.214/>]>
2019-06-12 15:52:40,929 test3_添加地址.py[line:55] INFO 登录成功
2019-06-12 15:52:40,965 test3_添加地址.py[line:60] INFO 第1条用例"添加购物车成功"开始执行
2019-06-12 15:52:40,983 test3_添加地址.py[line:65] INFO 请求数据:{'memberName': '徐徐', 'phone': '13100000000', 'provinceName': '上海市', 'cityName': '市辖区', 'countyName': '黄浦区', 'detailAddress': '泛太平洋大厦', 'isDefault': '1', 'type': '1'}
2019-06-12 15:52:41,067 test3_添加地址.py[line:69] INFO 返回数据:{"code":1,"message":"地址添加成功！","data":"","success":true}
2019-06-12 15:52:41,171 test3_添加地址.py[line:74] INFO 地址添加成功！
2019-06-12 15:52:41,201 test3_添加地址.py[line:79] INFO 第1条用例执行结束，执行结果:通过!

2019-06-12 15:52:41,231 test3_添加地址.py[line:92] INFO 添加地址模块测试结果:用例总数1其中通过用例1条，失败用例0条
2019-06-12 15:52:41,302 test3_立即购买商品详情页.py[line:19] INFO 本次接口测试请求地址为：http://192.168.3.214:8801//zlead/order/newConfirmOrder

2019-06-12 15:52:41,383 test3_立即购买商品详情页.py[line:47] INFO 第1条用例"提交订单成功"开始执行
2019-06-12 15:52:41,395 test3_立即购买商品详情页.py[line:50] INFO 请求数据:{'goodsId': 3511, 'buyNum': 1}
2019-06-12 15:52:41,424 test3_立即购买商品详情页.py[line:55] INFO 返回数据:{'code': 4, 'message': '库存不足，无法购买', 'data': '', 'success': False}
2019-06-12 15:52:41,442 test3_立即购买商品详情页.py[line:67] INFO 第1条用例执行结束，执行结果:失败
2019-06-12 15:52:41,458 test3_立即购买商品详情页.py[line:47] INFO 第2条用例"提交订单成功"开始执行
2019-06-12 15:52:41,472 test3_立即购买商品详情页.py[line:50] INFO 请求数据:{'goodsId': 3511, 'buyNum': 1}
2019-06-12 15:52:41,504 test3_立即购买商品详情页.py[line:55] INFO 返回数据:{'code': 4, 'message': '库存不足，无法购买', 'data': '', 'success': False}
2019-06-12 15:52:41,523 test3_立即购买商品详情页.py[line:67] INFO 第2条用例执行结束，执行结果:失败
2019-06-12 15:52:41,541 test3_立即购买商品详情页.py[line:70] INFO 立即购买(商品详情)接口测试结果:用例总数2条，其中通过用例0条，失败用例2条
2019-06-12 15:52:41,559 test3_购物车流程.py[line:21] INFO 本次接口测试请求地址为：http://192.168.3.214:8801//zlead/shopcart/deleteShoppingCart

2019-06-12 15:52:41,578 test3_购物车流程.py[line:35] INFO 开始登录
2019-06-12 15:52:41,610 test3_购物车流程.py[line:39] INFO 请求数据信息为：{'account': '15500000000', 'password': '111111'}
2019-06-12 15:52:41,633 test3_购物车流程.py[line:41] INFO 返回数据信息为：{'code': 1, 'message': '登录成功', 'data': {'headImg': None, 'memberType': 3, 'memberId': 2723, 'username': '15500000000'}, 'success': True}
2019-06-12 15:52:41,648 test3_购物车流程.py[line:44] INFO 登录成功
2019-06-12 15:52:41,662 test3_购物车流程.py[line:48] INFO 加入购物车开始
2019-06-12 15:52:41,735 test3_购物车流程.py[line:54] INFO 添加购物车成功
2019-06-12 15:52:41,746 test3_购物车流程.py[line:59] INFO 查询购物车开始
2019-06-12 15:52:41,853 test3_购物车流程.py[line:61] INFO 返回数据:{'code': 1, 'message': '返回购物车信息!', 'data': [{'goodsList': [{'goodsImg': 'http://210.22.139.138:58803/myapp/uploads/attach/201904/d2/0f9158d4d7654ce8a723810ad2ce2108.jpg', 'goodsId': 3748, 'count': 1, 'isMarketable': 1, 'facId': 43, 'shopName': '施勤丰五金厂商城', 'agentDiscount': 0.6, 'prodType': 0, 'thisGoodsModel': '', 'modelName': '重口味', 'specNames': None, 'goodsPointPrice': 0.0, 'goodsPrice': 6.6, 'thisGoodsAttr': ['200', '黑'], 'storeName': None, 'id': 14535, 'shopId': 722, 'stock': 138, 'goodsName': '天业乐哈哈后来就好了回来后回来了回来了呵'}], 'shopName': '施勤丰五金厂', 'facId': {'factory_id': 43}, 'shopId': 722}, {'goodsList': [{'goodsImg': 'http://210.22.139.138:58803/myapp/uploads/attach/201904/d1/7038e72a94d142f4983ba78b86c76beb.jpg', 'goodsId': 3423, 'count': 1, 'isMarketable': 1, 'facId': 35, 'shopName': '龙华建材经销公司商城', 'agentDiscount': 0.5, 'prodType': 0, 'thisGoodsModel': '', 'modelName': '网络特供110', 'specNames': '19*19', 'goodsPointPrice': 0.0, 'goodsPrice': 10.0, 'thisGoodsAttr': ['黄'], 'storeName': None, 'id': 14437, 'shopId': 710, 'stock': 10, 'goodsName': '金刚石小锯片锋利耐磨云石片波纹型瓷砖大理'}], 'shopName': '龙华建材经销公司', 'facId': {'factory_id': 35}, 'shopId': 710}, {'goodsList': [{'goodsImg': 'http://210.22.139.138:58803/myapp/uploads/attach/201904/d1/791739b0b7cf40aab268e34d07f4237d.jpg', 'goodsId': 3581, 'count': 11, 'isMarketable': 1, 'facId': 42, 'shopName': '王猛五金厂', 'agentDiscount': 0.5, 'prodType': 0, 'thisGoodsModel': '', 'modelName': 'DD_00001', 'specNames': None, 'goodsPointPrice': 0.0, 'goodsPrice': 99.0, 'thisGoodsAttr': ['200M', '室内', '红'], 'storeName': None, 'id': 14532, 'shopId': 721, 'stock': 999999960, 'goodsName': '灯灯灯灯灯灯灯'}], 'shopName': '王猛五金厂', 'facId': {'factory_id': 42}, 'shopId': 721}], 'success': True}
2019-06-12 15:52:41,989 test3_购物车流程.py[line:66] INFO 查询购物车成功
2019-06-12 15:52:42,024 test3_购物车流程.py[line:70] INFO 删除购物车开始
2019-06-12 15:52:42,066 test3_购物车流程.py[line:72] INFO 返回数据信息为：{'code': 1, 'message': '删除购物车成功', 'data': '', 'success': True}
2019-06-12 15:52:42,106 test3_购物车流程.py[line:74] INFO 删除购物车开始
2019-06-12 15:52:42,144 test3_购物车流程.py[line:81] INFO 删除购物车接口测试结果:用例总数1条，其中通过用例1条，失败用例0条
2019-06-12 15:52:42,187 test9_加入购物车.py[line:21] INFO 本次接口测试请求地址为：http://192.168.3.214:8801/zlead/shopcart/addShoppingCart

2019-06-12 15:52:42,242 test9_加入购物车.py[line:47] INFO 获取cookie成功，cookies=<RequestsCookieJar[<Cookie JSESSIONID=2A58F7099D48DB31243BF07A21124FF4 for 192.168.3.214/>]>
2019-06-12 15:52:42,263 test9_加入购物车.py[line:49] INFO 登录成功
2019-06-12 15:52:42,308 test9_加入购物车.py[line:54] INFO 第1条用例"添加购物车成功"开始执行
2019-06-12 15:52:42,359 test9_加入购物车.py[line:58] INFO 请求数据:{'goodsId': '3581', 'count': '1', 'buyType': '0'}
2019-06-12 15:52:42,418 test9_加入购物车.py[line:62] INFO 返回数据:{'code': 1, 'message': '添加购物车成功！', 'data': '', 'success': True}
2019-06-12 15:52:42,450 test9_加入购物车.py[line:66] INFO 添加购物车成功！
2019-06-12 15:52:42,483 test9_加入购物车.py[line:70] INFO 第1条用例执行结束，执行结果:通过!

2019-06-12 15:52:42,513 test9_加入购物车.py[line:54] INFO 第2条用例"添加购物车失败"开始执行
2019-06-12 15:52:42,580 test9_加入购物车.py[line:58] INFO 请求数据:{'goodsId': '4102', 'count': '10', 'buyType': '0'}
2019-06-12 15:52:42,644 test9_加入购物车.py[line:62] INFO 返回数据:{'code': 2, 'message': '库存不足，无法加入购物车', 'data': '', 'success': False}
2019-06-12 15:52:42,686 test9_加入购物车.py[line:66] INFO 库存不足，无法加入购物车
2019-06-12 15:52:42,730 test9_加入购物车.py[line:70] INFO 第2条用例执行结束，执行结果:通过!

2019-06-12 15:52:42,743 test9_加入购物车.py[line:104] INFO 加入购物车模块测试结果:用例总数2其中通过用例2条，失败用例0条
