2019-06-10 18:23:12,113 ttest3_提交订单.py[line:19] INFO 本次接口测试请求地址为：http://192.168.3.214:8802//zlead/order/addOrder

2019-06-10 18:23:12,205 ttest3_提交订单.py[line:49] INFO 第1条用例"提交订单成功"开始执行
2019-06-10 18:23:12,278 ttest3_提交订单.py[line:52] INFO 请求数据:{'goodsId': '3511', 'buyNum': '1', 'buyType': '1', 'addressId': '1638', 'storeBuyType': '1', 'orderType': '0'}
2019-06-10 18:23:12,346 ttest3_提交订单.py[line:54] INFO 返回数据:{'code': 1, 'message': '提交订单成功', 'data': {'orderType': 0, 'orderId': 50004686, 'orderSn': '201906107329'}, 'success': True}
2019-06-10 18:23:12,432 ttest3_提交订单.py[line:57] INFO 预期结果：提交订单成功
2019-06-10 18:23:12,447 ttest3_提交订单.py[line:61] INFO 第1条用例执行结束，执行结果:通过!

2019-06-10 18:23:12,471 ttest3_提交订单.py[line:49] INFO 第2条用例"提交订单成功"开始执行
2019-06-10 18:23:12,482 ttest3_提交订单.py[line:52] INFO 请求数据:{'goodsId': '3511', 'buyNum': '1', 'buyType': '1', 'addressId': '1638', 'storeBuyType': '1', 'orderType': '0'}
2019-06-10 18:23:12,546 ttest3_提交订单.py[line:54] INFO 返回数据:{'code': 1, 'message': '提交订单成功', 'data': {'orderType': 0, 'orderId': 50004687, 'orderSn': '201906109771'}, 'success': True}
2019-06-10 18:23:12,655 ttest3_提交订单.py[line:57] INFO 预期结果：提交订单成功
2019-06-10 18:23:12,689 ttest3_提交订单.py[line:61] INFO 第2条用例执行结束，执行结果:通过!

2019-06-10 18:23:12,743 ttest3_提交订单.py[line:71] INFO 提交订单接口测试结果:用例总数1条，其中通过用例1条，失败用例0条
2019-06-10 18:23:12,762 ttest3_添加地址.py[line:22] INFO 本次接口测试请求地址为：http://192.168.3.214:8802/zlead/memaddr/addOrUpdateMemberAddress

2019-06-10 18:23:12,762 ttest3_添加地址.py[line:22] INFO 本次接口测试请求地址为：http://192.168.3.214:8802/zlead/memaddr/addOrUpdateMemberAddress

2019-06-10 18:23:12,860 ttest3_添加地址.py[line:53] INFO 获取cookie成功，cookies=<RequestsCookieJar[<Cookie JSESSIONID=A6249C2E3A5AA480433129B9FC3AC0FF for 192.168.3.214/>]>
2019-06-10 18:23:12,860 ttest3_添加地址.py[line:53] INFO 获取cookie成功，cookies=<RequestsCookieJar[<Cookie JSESSIONID=A6249C2E3A5AA480433129B9FC3AC0FF for 192.168.3.214/>]>
2019-06-10 18:23:12,939 ttest3_添加地址.py[line:55] INFO 登录成功
2019-06-10 18:23:12,939 ttest3_添加地址.py[line:55] INFO 登录成功
2019-06-10 18:23:12,981 ttest3_添加地址.py[line:60] INFO 第1条用例"添加购物车成功"开始执行
2019-06-10 18:23:12,981 ttest3_添加地址.py[line:60] INFO 第1条用例"添加购物车成功"开始执行
2019-06-10 18:23:13,009 ttest3_添加地址.py[line:64] INFO 请求数据:{'memberName': '67606d48e361ce176ca71fd54fcf4286', 'phone': '1', 'provinceName': 'cfcd208495d565ef66e7dff9f98764da', 'cityName': '8885f71f9f8cc6cb8cf0f385b544b96a', 'countyName': '6fa140f442293084dbbaba29e9cd2551', 'detailAddress': '330363dfc524cff2488f2ebde0500896', 'isDefault': 'None', 'type': 'None'}
2019-06-10 18:23:13,009 ttest3_添加地址.py[line:64] INFO 请求数据:{'memberName': '67606d48e361ce176ca71fd54fcf4286', 'phone': '1', 'provinceName': 'cfcd208495d565ef66e7dff9f98764da', 'cityName': '8885f71f9f8cc6cb8cf0f385b544b96a', 'countyName': '6fa140f442293084dbbaba29e9cd2551', 'detailAddress': '330363dfc524cff2488f2ebde0500896', 'isDefault': 'None', 'type': 'None'}
2019-06-10 18:23:13,046 ttest3_添加地址.py[line:68] INFO 返回数据:<!doctype html><html lang="en"><head><title>HTTP Status 400 C Bad Request</title><style type="text/css">h1 {font-family:Tahoma,Arial,sans-serif;color:white;background-color:#525D76;font-size:22px;} h2 {font-family:Tahoma,Arial,sans-serif;color:white;background-color:#525D76;font-size:16px;} h3 {font-family:Tahoma,Arial,sans-serif;color:white;background-color:#525D76;font-size:14px;} body {font-family:Tahoma,Arial,sans-serif;color:black;background-color:white;} b {font-family:Tahoma,Arial,sans-serif;color:white;background-color:#525D76;} p {font-family:Tahoma,Arial,sans-serif;background:white;color:black;font-size:12px;} a {color:black;} a.name {color:black;} .line {height:1px;background-color:#525D76;border:none;}</style></head><body><h1>HTTP Status 400 C Bad Request</h1><hr class="line" /><p><b>Type</b> Status Report</p><p><b>Description</b> The server cannot or will not process the request due to something that is perceived to be a client error (e.g., malformed request syntax, invalid request message framing, or deceptive request routing).</p><hr class="line" /><h3>Apache Tomcat/8.5.29</h3></body></html>
2019-06-10 18:23:13,046 ttest3_添加地址.py[line:68] INFO 返回数据:<!doctype html><html lang="en"><head><title>HTTP Status 400 C Bad Request</title><style type="text/css">h1 {font-family:Tahoma,Arial,sans-serif;color:white;background-color:#525D76;font-size:22px;} h2 {font-family:Tahoma,Arial,sans-serif;color:white;background-color:#525D76;font-size:16px;} h3 {font-family:Tahoma,Arial,sans-serif;color:white;background-color:#525D76;font-size:14px;} body {font-family:Tahoma,Arial,sans-serif;color:black;background-color:white;} b {font-family:Tahoma,Arial,sans-serif;color:white;background-color:#525D76;} p {font-family:Tahoma,Arial,sans-serif;background:white;color:black;font-size:12px;} a {color:black;} a.name {color:black;} .line {height:1px;background-color:#525D76;border:none;}</style></head><body><h1>HTTP Status 400 C Bad Request</h1><hr class="line" /><p><b>Type</b> Status Report</p><p><b>Description</b> The server cannot or will not process the request due to something that is perceived to be a client error (e.g., malformed request syntax, invalid request message framing, or deceptive request routing).</p><hr class="line" /><h3>Apache Tomcat/8.5.29</h3></body></html>
2019-06-10 18:23:13,130 ttest3_添加地址.py[line:60] INFO 第2条用例"添加购物车失败"开始执行
2019-06-10 18:23:13,130 ttest3_添加地址.py[line:60] INFO 第2条用例"添加购物车失败"开始执行
2019-06-10 18:23:13,184 ttest3_添加地址.py[line:64] INFO 请求数据:{'memberName': '9ca8c9b0996bbf05ae7753d34667a6fd', 'phone': '10', 'provinceName': 'cfcd208495d565ef66e7dff9f98764da', 'cityName': 'cbb5f73176a950ff126709b6a6740ecc', 'countyName': '8b77636d44495d48f635f69968dcb807', 'detailAddress': '330363dfc524cff2488f2ebde0500896', 'isDefault': 'None', 'type': 'None'}
2019-06-10 18:23:13,184 ttest3_添加地址.py[line:64] INFO 请求数据:{'memberName': '9ca8c9b0996bbf05ae7753d34667a6fd', 'phone': '10', 'provinceName': 'cfcd208495d565ef66e7dff9f98764da', 'cityName': 'cbb5f73176a950ff126709b6a6740ecc', 'countyName': '8b77636d44495d48f635f69968dcb807', 'detailAddress': '330363dfc524cff2488f2ebde0500896', 'isDefault': 'None', 'type': 'None'}
2019-06-10 18:23:13,250 ttest3_添加地址.py[line:68] INFO 返回数据:<!doctype html><html lang="en"><head><title>HTTP Status 400 C Bad Request</title><style type="text/css">h1 {font-family:Tahoma,Arial,sans-serif;color:white;background-color:#525D76;font-size:22px;} h2 {font-family:Tahoma,Arial,sans-serif;color:white;background-color:#525D76;font-size:16px;} h3 {font-family:Tahoma,Arial,sans-serif;color:white;background-color:#525D76;font-size:14px;} body {font-family:Tahoma,Arial,sans-serif;color:black;background-color:white;} b {font-family:Tahoma,Arial,sans-serif;color:white;background-color:#525D76;} p {font-family:Tahoma,Arial,sans-serif;background:white;color:black;font-size:12px;} a {color:black;} a.name {color:black;} .line {height:1px;background-color:#525D76;border:none;}</style></head><body><h1>HTTP Status 400 C Bad Request</h1><hr class="line" /><p><b>Type</b> Status Report</p><p><b>Description</b> The server cannot or will not process the request due to something that is perceived to be a client error (e.g., malformed request syntax, invalid request message framing, or deceptive request routing).</p><hr class="line" /><h3>Apache Tomcat/8.5.29</h3></body></html>
2019-06-10 18:23:13,250 ttest3_添加地址.py[line:68] INFO 返回数据:<!doctype html><html lang="en"><head><title>HTTP Status 400 C Bad Request</title><style type="text/css">h1 {font-family:Tahoma,Arial,sans-serif;color:white;background-color:#525D76;font-size:22px;} h2 {font-family:Tahoma,Arial,sans-serif;color:white;background-color:#525D76;font-size:16px;} h3 {font-family:Tahoma,Arial,sans-serif;color:white;background-color:#525D76;font-size:14px;} body {font-family:Tahoma,Arial,sans-serif;color:black;background-color:white;} b {font-family:Tahoma,Arial,sans-serif;color:white;background-color:#525D76;} p {font-family:Tahoma,Arial,sans-serif;background:white;color:black;font-size:12px;} a {color:black;} a.name {color:black;} .line {height:1px;background-color:#525D76;border:none;}</style></head><body><h1>HTTP Status 400 C Bad Request</h1><hr class="line" /><p><b>Type</b> Status Report</p><p><b>Description</b> The server cannot or will not process the request due to something that is perceived to be a client error (e.g., malformed request syntax, invalid request message framing, or deceptive request routing).</p><hr class="line" /><h3>Apache Tomcat/8.5.29</h3></body></html>
2019-06-10 18:23:13,324 ttest3_添加地址.py[line:112] INFO 加入购物车模块测试结果:用例总数2其中通过用例0条，失败用例0条
2019-06-10 18:23:13,324 ttest3_添加地址.py[line:112] INFO 加入购物车模块测试结果:用例总数2其中通过用例0条，失败用例0条
