2019-06-10 18:20:27,644 ttest3_提交订单.py[line:19] INFO 本次接口测试请求地址为：http://192.168.3.214:8802//zlead/order/addOrder

2019-06-10 18:20:27,725 ttest3_提交订单.py[line:49] INFO 第1条用例"提交订单成功"开始执行
2019-06-10 18:20:27,795 ttest3_提交订单.py[line:52] INFO 请求数据:{'goodsId': '3511', 'buyNum': '1', 'buyType': '1', 'addressId': '1638', 'storeBuyType': '1', 'orderType': '0'}
2019-06-10 18:20:27,856 ttest3_提交订单.py[line:54] INFO 返回数据:{'code': 1, 'message': '提交订单成功', 'data': {'orderType': 0, 'orderId': 50004684, 'orderSn': '201906104878'}, 'success': True}
2019-06-10 18:20:27,886 ttest3_提交订单.py[line:57] INFO 预期结果：提交订单成功
2019-06-10 18:20:27,902 ttest3_提交订单.py[line:61] INFO 第1条用例执行结束，执行结果:通过!

2019-06-10 18:20:27,927 ttest3_提交订单.py[line:49] INFO 第2条用例"提交订单成功"开始执行
2019-06-10 18:20:27,938 ttest3_提交订单.py[line:52] INFO 请求数据:{'goodsId': '3511', 'buyNum': '1', 'buyType': '1', 'addressId': '1638', 'storeBuyType': '1', 'orderType': '0'}
2019-06-10 18:20:27,998 ttest3_提交订单.py[line:54] INFO 返回数据:{'code': 1, 'message': '提交订单成功', 'data': {'orderType': 0, 'orderId': 50004685, 'orderSn': '201906109851'}, 'success': True}
2019-06-10 18:20:28,050 ttest3_提交订单.py[line:57] INFO 预期结果：提交订单成功
2019-06-10 18:20:28,070 ttest3_提交订单.py[line:61] INFO 第2条用例执行结束，执行结果:通过!

2019-06-10 18:20:28,099 ttest3_提交订单.py[line:71] INFO 提交订单接口测试结果:用例总数1条，其中通过用例1条，失败用例0条
2019-06-10 18:20:28,118 ttest3_添加地址.py[line:22] INFO 本次接口测试请求地址为：http://192.168.3.214:8802/zlead/memaddr/addOrUpdateMemberAddress

2019-06-10 18:20:28,118 ttest3_添加地址.py[line:22] INFO 本次接口测试请求地址为：http://192.168.3.214:8802/zlead/memaddr/addOrUpdateMemberAddress

2019-06-10 18:20:28,216 ttest3_添加地址.py[line:53] INFO 获取cookie成功，cookies=<RequestsCookieJar[<Cookie JSESSIONID=492ACF0544D053BC4A5F492D91F508F8 for 192.168.3.214/>]>
2019-06-10 18:20:28,216 ttest3_添加地址.py[line:53] INFO 获取cookie成功，cookies=<RequestsCookieJar[<Cookie JSESSIONID=492ACF0544D053BC4A5F492D91F508F8 for 192.168.3.214/>]>
2019-06-10 18:20:28,326 ttest3_添加地址.py[line:55] INFO 登录成功
2019-06-10 18:20:28,326 ttest3_添加地址.py[line:55] INFO 登录成功
2019-06-10 18:20:28,368 ttest3_添加地址.py[line:60] INFO 第1条用例"添加购物车成功"开始执行
2019-06-10 18:20:28,368 ttest3_添加地址.py[line:60] INFO 第1条用例"添加购物车成功"开始执行
2019-06-10 18:20:28,396 ttest3_添加地址.py[line:64] INFO 请求数据:{'memberName': '67606d48e361ce176ca71fd54fcf4286', 'phone': '1', 'provinceName': 'cfcd208495d565ef66e7dff9f98764da', 'cityName': '8885f71f9f8cc6cb8cf0f385b544b96a', 'countyName': '6fa140f442293084dbbaba29e9cd2551', 'detailAddress': '330363dfc524cff2488f2ebde0500896', 'isDefault': 'None', 'type': 'None'}
2019-06-10 18:20:28,396 ttest3_添加地址.py[line:64] INFO 请求数据:{'memberName': '67606d48e361ce176ca71fd54fcf4286', 'phone': '1', 'provinceName': 'cfcd208495d565ef66e7dff9f98764da', 'cityName': '8885f71f9f8cc6cb8cf0f385b544b96a', 'countyName': '6fa140f442293084dbbaba29e9cd2551', 'detailAddress': '330363dfc524cff2488f2ebde0500896', 'isDefault': 'None', 'type': 'None'}
