2019-06-10 18:37:44,773 ttest3_提交订单.py[line:19] INFO 本次接口测试请求地址为：http://192.168.3.214:8802//zlead/order/addOrder

2019-06-10 18:37:44,855 ttest3_提交订单.py[line:49] INFO 第1条用例"提交订单成功"开始执行
2019-06-10 18:37:44,935 ttest3_提交订单.py[line:52] INFO 请求数据:{'goodsId': '3511', 'buyNum': '1', 'buyType': '1', 'addressId': '1638', 'storeBuyType': '1', 'orderType': '0'}
2019-06-10 18:37:44,991 ttest3_提交订单.py[line:54] INFO 返回数据:{'code': 4, 'message': '库存不足，无法购买', 'data': '', 'success': False}
2019-06-10 18:37:45,014 ttest3_提交订单.py[line:57] INFO 预期结果：提交订单成功
2019-06-10 18:37:45,030 ttest3_提交订单.py[line:68] INFO 第1条用例执行结束，执行结果:失败
2019-06-10 18:37:45,043 ttest3_提交订单.py[line:49] INFO 第2条用例"提交订单成功"开始执行
2019-06-10 18:37:45,054 ttest3_提交订单.py[line:52] INFO 请求数据:{'goodsId': '3511', 'buyNum': '1', 'buyType': '1', 'addressId': '1638', 'storeBuyType': '1', 'orderType': '0'}
2019-06-10 18:37:45,087 ttest3_提交订单.py[line:54] INFO 返回数据:{'code': 4, 'message': '库存不足，无法购买', 'data': '', 'success': False}
2019-06-10 18:37:45,107 ttest3_提交订单.py[line:57] INFO 预期结果：提交订单成功
2019-06-10 18:37:45,123 ttest3_提交订单.py[line:68] INFO 第2条用例执行结束，执行结果:失败
2019-06-10 18:37:45,136 ttest3_提交订单.py[line:71] INFO 提交订单接口测试结果:用例总数1条，其中通过用例0条，失败用例1条
2019-06-10 18:37:45,153 ttest3_添加地址.py[line:22] INFO 本次接口测试请求地址为：http://192.168.3.214:8802/zlead/memaddr/addOrUpdateMemberAddress

2019-06-10 18:37:45,153 ttest3_添加地址.py[line:22] INFO 本次接口测试请求地址为：http://192.168.3.214:8802/zlead/memaddr/addOrUpdateMemberAddress

2019-06-10 18:37:45,257 ttest3_添加地址.py[line:53] INFO 获取cookie成功，cookies=<RequestsCookieJar[<Cookie JSESSIONID=C6FD47F4BA50B403AC75F5D173583BE7 for 192.168.3.214/>]>
2019-06-10 18:37:45,257 ttest3_添加地址.py[line:53] INFO 获取cookie成功，cookies=<RequestsCookieJar[<Cookie JSESSIONID=C6FD47F4BA50B403AC75F5D173583BE7 for 192.168.3.214/>]>
2019-06-10 18:37:45,373 ttest3_添加地址.py[line:55] INFO 登录成功
2019-06-10 18:37:45,373 ttest3_添加地址.py[line:55] INFO 登录成功
2019-06-10 18:37:45,450 ttest3_添加地址.py[line:60] INFO 第1条用例"添加购物车成功"开始执行
2019-06-10 18:37:45,450 ttest3_添加地址.py[line:60] INFO 第1条用例"添加购物车成功"开始执行
2019-06-10 18:37:45,479 ttest3_添加地址.py[line:65] INFO 请求数据:{'memberName': '徐徐', 'phone': '13100000000', 'provinceName': '上海市', 'cityName': '市辖区', 'countyName': '黄浦区', 'detailAddress': '泛太平洋大厦', 'isDefault': '1', 'type': '1'}
2019-06-10 18:37:45,479 ttest3_添加地址.py[line:65] INFO 请求数据:{'memberName': '徐徐', 'phone': '13100000000', 'provinceName': '上海市', 'cityName': '市辖区', 'countyName': '黄浦区', 'detailAddress': '泛太平洋大厦', 'isDefault': '1', 'type': '1'}
2019-06-10 18:37:45,625 ttest3_添加地址.py[line:69] INFO 返回数据:{"code":1,"message":"地址添加成功！","data":"","success":true}
2019-06-10 18:37:45,625 ttest3_添加地址.py[line:69] INFO 返回数据:{"code":1,"message":"地址添加成功！","data":"","success":true}
2019-06-10 18:37:56,022 ttest3_提交订单.py[line:19] INFO 本次接口测试请求地址为：http://192.168.3.214:8802//zlead/order/addOrder

2019-06-10 18:37:56,102 ttest3_提交订单.py[line:49] INFO 第1条用例"提交订单成功"开始执行
2019-06-10 18:37:56,174 ttest3_提交订单.py[line:52] INFO 请求数据:{'goodsId': '3511', 'buyNum': '1', 'buyType': '1', 'addressId': '1638', 'storeBuyType': '1', 'orderType': '0'}
2019-06-10 18:37:56,214 ttest3_提交订单.py[line:54] INFO 返回数据:{'code': 4, 'message': '库存不足，无法购买', 'data': '', 'success': False}
2019-06-10 18:37:56,232 ttest3_提交订单.py[line:57] INFO 预期结果：提交订单成功
2019-06-10 18:37:56,247 ttest3_提交订单.py[line:68] INFO 第1条用例执行结束，执行结果:失败
2019-06-10 18:37:56,258 ttest3_提交订单.py[line:49] INFO 第2条用例"提交订单成功"开始执行
2019-06-10 18:37:56,269 ttest3_提交订单.py[line:52] INFO 请求数据:{'goodsId': '3511', 'buyNum': '1', 'buyType': '1', 'addressId': '1638', 'storeBuyType': '1', 'orderType': '0'}
2019-06-10 18:37:56,315 ttest3_提交订单.py[line:54] INFO 返回数据:{'code': 4, 'message': '库存不足，无法购买', 'data': '', 'success': False}
2019-06-10 18:37:56,334 ttest3_提交订单.py[line:57] INFO 预期结果：提交订单成功
2019-06-10 18:37:56,352 ttest3_提交订单.py[line:68] INFO 第2条用例执行结束，执行结果:失败
2019-06-10 18:37:56,364 ttest3_提交订单.py[line:71] INFO 提交订单接口测试结果:用例总数1条，其中通过用例0条，失败用例1条
2019-06-10 18:37:56,379 ttest3_添加地址.py[line:22] INFO 本次接口测试请求地址为：http://192.168.3.214:8802/zlead/memaddr/addOrUpdateMemberAddress

2019-06-10 18:37:56,379 ttest3_添加地址.py[line:22] INFO 本次接口测试请求地址为：http://192.168.3.214:8802/zlead/memaddr/addOrUpdateMemberAddress

2019-06-10 18:37:56,482 ttest3_添加地址.py[line:53] INFO 获取cookie成功，cookies=<RequestsCookieJar[<Cookie JSESSIONID=683C5903C7329EE37F829C3ADEF1DE4C for 192.168.3.214/>]>
2019-06-10 18:37:56,482 ttest3_添加地址.py[line:53] INFO 获取cookie成功，cookies=<RequestsCookieJar[<Cookie JSESSIONID=683C5903C7329EE37F829C3ADEF1DE4C for 192.168.3.214/>]>
2019-06-10 18:37:56,607 ttest3_添加地址.py[line:55] INFO 登录成功
2019-06-10 18:37:56,607 ttest3_添加地址.py[line:55] INFO 登录成功
2019-06-10 18:37:56,664 ttest3_添加地址.py[line:60] INFO 第1条用例"添加购物车成功"开始执行
2019-06-10 18:37:56,664 ttest3_添加地址.py[line:60] INFO 第1条用例"添加购物车成功"开始执行
2019-06-10 18:37:56,691 ttest3_添加地址.py[line:65] INFO 请求数据:{'memberName': '徐徐', 'phone': '13100000000', 'provinceName': '上海市', 'cityName': '市辖区', 'countyName': '黄浦区', 'detailAddress': '泛太平洋大厦', 'isDefault': '1', 'type': '1'}
2019-06-10 18:37:56,691 ttest3_添加地址.py[line:65] INFO 请求数据:{'memberName': '徐徐', 'phone': '13100000000', 'provinceName': '上海市', 'cityName': '市辖区', 'countyName': '黄浦区', 'detailAddress': '泛太平洋大厦', 'isDefault': '1', 'type': '1'}
2019-06-10 18:37:56,771 ttest3_添加地址.py[line:69] INFO 返回数据:{"code":1,"message":"地址添加成功！","data":"","success":true}
2019-06-10 18:37:56,771 ttest3_添加地址.py[line:69] INFO 返回数据:{"code":1,"message":"地址添加成功！","data":"","success":true}
2019-06-10 18:37:56,824 ttest3_添加地址.py[line:74] INFO None
2019-06-10 18:37:56,824 ttest3_添加地址.py[line:74] INFO None
2019-06-10 18:37:56,859 ttest3_添加地址.py[line:86] INFO 第1条用例执行结束，执行结果:失败
2019-06-10 18:37:56,859 ttest3_添加地址.py[line:86] INFO 第1条用例执行结束，执行结果:失败
2019-06-10 18:37:56,909 ttest3_添加地址.py[line:92] INFO 加入购物车模块测试结果:用例总数1其中通过用例0条，失败用例1条
2019-06-10 18:37:56,909 ttest3_添加地址.py[line:92] INFO 加入购物车模块测试结果:用例总数1其中通过用例0条，失败用例1条
