2019-06-10 18:26:13,570 ttest3_提交订单.py[line:19] INFO 本次接口测试请求地址为：http://192.168.3.214:8802//zlead/order/addOrder

2019-06-10 18:26:13,641 ttest3_提交订单.py[line:49] INFO 第1条用例"提交订单成功"开始执行
2019-06-10 18:26:13,675 ttest3_提交订单.py[line:52] INFO 请求数据:{'goodsId': '3511', 'buyNum': '1', 'buyType': '1', 'addressId': '1638', 'storeBuyType': '1', 'orderType': '0'}
2019-06-10 18:26:13,703 ttest3_提交订单.py[line:54] INFO 返回数据:{'code': 4, 'message': '库存不足，无法购买', 'data': '', 'success': False}
2019-06-10 18:26:13,715 ttest3_提交订单.py[line:57] INFO 预期结果：提交订单成功
2019-06-10 18:26:13,720 ttest3_提交订单.py[line:68] INFO 第1条用例执行结束，执行结果:失败
2019-06-10 18:26:13,725 ttest3_提交订单.py[line:49] INFO 第2条用例"提交订单成功"开始执行
2019-06-10 18:26:13,726 ttest3_提交订单.py[line:52] INFO 请求数据:{'goodsId': '3511', 'buyNum': '1', 'buyType': '1', 'addressId': '1638', 'storeBuyType': '1', 'orderType': '0'}
2019-06-10 18:26:13,748 ttest3_提交订单.py[line:54] INFO 返回数据:{'code': 4, 'message': '库存不足，无法购买', 'data': '', 'success': False}
2019-06-10 18:26:13,754 ttest3_提交订单.py[line:57] INFO 预期结果：提交订单成功
2019-06-10 18:26:13,761 ttest3_提交订单.py[line:68] INFO 第2条用例执行结束，执行结果:失败
2019-06-10 18:26:13,774 ttest3_提交订单.py[line:71] INFO 提交订单接口测试结果:用例总数1条，其中通过用例0条，失败用例1条
2019-06-10 18:26:13,790 ttest3_添加地址.py[line:22] INFO 本次接口测试请求地址为：http://192.168.3.214:8802/zlead/memaddr/addOrUpdateMemberAddress

2019-06-10 18:26:13,790 ttest3_添加地址.py[line:22] INFO 本次接口测试请求地址为：http://192.168.3.214:8802/zlead/memaddr/addOrUpdateMemberAddress

2019-06-10 18:26:13,894 ttest3_添加地址.py[line:53] INFO 获取cookie成功，cookies=<RequestsCookieJar[<Cookie JSESSIONID=2F8833086F1C460C9E9038F4A7874284 for 192.168.3.214/>]>
2019-06-10 18:26:13,894 ttest3_添加地址.py[line:53] INFO 获取cookie成功，cookies=<RequestsCookieJar[<Cookie JSESSIONID=2F8833086F1C460C9E9038F4A7874284 for 192.168.3.214/>]>
2019-06-10 18:26:13,976 ttest3_添加地址.py[line:55] INFO 登录成功
2019-06-10 18:26:13,976 ttest3_添加地址.py[line:55] INFO 登录成功
2019-06-10 18:26:14,031 ttest3_添加地址.py[line:60] INFO 第1条用例"添加购物车成功"开始执行
2019-06-10 18:26:14,031 ttest3_添加地址.py[line:60] INFO 第1条用例"添加购物车成功"开始执行
2019-06-10 18:26:14,059 ttest3_添加地址.py[line:64] INFO 请求数据:{'memberName': 'a15841de6372a6c93d68d9e9f606de42', 'phone': '13100000000', 'provinceName': 'b6733429b6ef0f1459b770ed8f45b936', 'cityName': 'b573e51a8d67f92500f62456f647d332', 'countyName': 'b5d3659c964202bb12bf6289e95e80a0', 'detailAddress': '83fd8b5e39bf67d2453a37ceb9384a10', 'isDefault': '1', 'type': '1'}
2019-06-10 18:26:14,059 ttest3_添加地址.py[line:64] INFO 请求数据:{'memberName': 'a15841de6372a6c93d68d9e9f606de42', 'phone': '13100000000', 'provinceName': 'b6733429b6ef0f1459b770ed8f45b936', 'cityName': 'b573e51a8d67f92500f62456f647d332', 'countyName': 'b5d3659c964202bb12bf6289e95e80a0', 'detailAddress': '83fd8b5e39bf67d2453a37ceb9384a10', 'isDefault': '1', 'type': '1'}
2019-06-10 18:26:14,105 ttest3_添加地址.py[line:68] INFO 返回数据:{"code":2,"message":"传入的省市县有误","data":"","success":false}
2019-06-10 18:26:14,105 ttest3_添加地址.py[line:68] INFO 返回数据:{"code":2,"message":"传入的省市县有误","data":"","success":false}
2019-06-10 18:26:14,141 ttest3_添加地址.py[line:112] INFO 加入购物车模块测试结果:用例总数1其中通过用例0条，失败用例0条
2019-06-10 18:26:14,141 ttest3_添加地址.py[line:112] INFO 加入购物车模块测试结果:用例总数1其中通过用例0条，失败用例0条
