2019-06-11 18:06:37,755 test1_注册.py[line:16] INFO 本次接口测试请求地址为：http://192.168.3.214:8801/zlead/member/registered

2019-06-11 18:06:37,771 test1_注册.py[line:38] INFO 第1条用例"用户名和密码正确"开始执行
2019-06-11 18:06:37,783 test1_注册.py[line:41] INFO 请求数据:{'phone': '19612121211', 'passWord': '111111', 'companyName': 'test', 'verifyCode': '111111'}
2019-06-11 18:06:37,808 test1_注册.py[line:44] INFO 返回数据:{'code': 2, 'message': '验证码校验失败', 'data': '', 'success': False}
2019-06-11 18:06:37,832 test1_注册.py[line:53] INFO 第1条用例执行结束，执行结果:通过!

2019-06-11 18:06:37,843 test1_注册.py[line:60] INFO 登录接口测试结果:用例总数[1]条，其中通过用例[1]条，失败用例[]条
2019-06-11 18:06:37,857 test2_登录_商城端.py[line:19] INFO 本次接口测试请求地址为：http://192.168.3.214:8801/zlead/member/login

2019-06-11 18:06:37,909 test2_登录_商城端.py[line:40] INFO 第1条用例"用户名和密码正确"开始执行
2019-06-11 18:06:37,920 test2_登录_商城端.py[line:42] INFO 请求数据:{'account': '15500000000', 'password': '111111'}
2019-06-11 18:06:37,944 test2_登录_商城端.py[line:44] INFO 返回数据:{'code': 1, 'message': '登录成功', 'data': {'headImg': None, 'memberType': 3, 'memberId': 2723, 'username': '15500000000'}, 'success': True}
2019-06-11 18:06:37,969 test2_登录_商城端.py[line:51] INFO 第1条用例执行结束，执行结果:通过!

2019-06-11 18:06:37,984 test2_登录_商城端.py[line:40] INFO 第2条用例"用户名错误"开始执行
2019-06-11 18:06:38,000 test2_登录_商城端.py[line:42] INFO 请求数据:{'account': '15500000001', 'password': '111111'}
2019-06-11 18:06:38,026 test2_登录_商城端.py[line:44] INFO 返回数据:{'code': 2, 'message': '登录用户不存在', 'data': '', 'success': False}
2019-06-11 18:06:38,051 test2_登录_商城端.py[line:51] INFO 第2条用例执行结束，执行结果:通过!

2019-06-11 18:06:38,066 test2_登录_商城端.py[line:40] INFO 第3条用例"密码错误"开始执行
2019-06-11 18:06:38,079 test2_登录_商城端.py[line:42] INFO 请求数据:{'account': '15500000000', 'password': '111112'}
2019-06-11 18:06:38,105 test2_登录_商城端.py[line:44] INFO 返回数据:{'code': 2, 'message': '密码错误', 'data': '', 'success': False}
2019-06-11 18:06:38,131 test2_登录_商城端.py[line:56] INFO 第3条用例执行结束，执行结果:失败
2019-06-11 18:06:38,145 test2_登录_商城端.py[line:40] INFO 第4条用例"用户名为10位"开始执行
2019-06-11 18:06:38,160 test2_登录_商城端.py[line:42] INFO 请求数据:{'account': '1550010000', 'password': '111111'}
2019-06-11 18:06:38,182 test2_登录_商城端.py[line:44] INFO 返回数据:{'code': 2, 'message': '登录用户不存在', 'data': '', 'success': False}
2019-06-11 18:06:38,207 test2_登录_商城端.py[line:51] INFO 第4条用例执行结束，执行结果:通过!

2019-06-11 18:06:38,221 test2_登录_商城端.py[line:40] INFO 第5条用例"用户名为11位"开始执行
2019-06-11 18:06:38,236 test2_登录_商城端.py[line:42] INFO 请求数据:{'account': '155000000000', 'password': '111111'}
2019-06-11 18:06:38,260 test2_登录_商城端.py[line:44] INFO 返回数据:{'code': 2, 'message': '登录用户不存在', 'data': '', 'success': False}
2019-06-11 18:06:38,286 test2_登录_商城端.py[line:51] INFO 第5条用例执行结束，执行结果:通过!

2019-06-11 18:06:38,304 test2_登录_商城端.py[line:40] INFO 第6条用例"用户名为空"开始执行
2019-06-11 18:06:38,319 test2_登录_商城端.py[line:42] INFO 请求数据:{'account': 'None', 'password': '111111'}
2019-06-11 18:06:38,342 test2_登录_商城端.py[line:44] INFO 返回数据:{'code': 2, 'message': '登录用户不存在', 'data': '', 'success': False}
2019-06-11 18:06:38,367 test2_登录_商城端.py[line:51] INFO 第6条用例执行结束，执行结果:通过!

2019-06-11 18:06:38,401 test2_登录_商城端.py[line:40] INFO 第7条用例"密码为空"开始执行
2019-06-11 18:06:38,425 test2_登录_商城端.py[line:42] INFO 请求数据:{'account': '15500000000', 'password': 'None'}
2019-06-11 18:06:38,458 test2_登录_商城端.py[line:44] INFO 返回数据:{'code': 2, 'message': '密码错误', 'data': '', 'success': False}
2019-06-11 18:06:38,483 test2_登录_商城端.py[line:56] INFO 第7条用例执行结束，执行结果:失败
2019-06-11 18:06:38,497 test2_登录_商城端.py[line:40] INFO 第8条用例"用户名和密码正确"开始执行
2019-06-11 18:06:38,512 test2_登录_商城端.py[line:42] INFO 请求数据:{'account': '15500000000', 'password': '111111'}
2019-06-11 18:06:38,538 test2_登录_商城端.py[line:44] INFO 返回数据:{'code': 1, 'message': '登录成功', 'data': {'headImg': None, 'memberType': 3, 'memberId': 2723, 'username': '15500000000'}, 'success': True}
2019-06-11 18:06:38,565 test2_登录_商城端.py[line:51] INFO 第8条用例执行结束，执行结果:通过!

2019-06-11 18:06:38,582 test2_登录_商城端.py[line:59] INFO 登录接口测试结果:用例总数8条，其中通过用例6条，失败用例2条
2019-06-11 18:06:38,599 test2_登录_工厂PC端.py[line:22] INFO 本次接口测试请求地址为：http://192.168.3.214:8803//zlead/login.do

2019-06-11 18:06:38,667 test2_登录_工厂PC端.py[line:45] INFO 登录URL：http://192.168.3.214:8803//zlead/login.do
2019-06-11 18:06:38,699 test2_登录_工厂PC端.py[line:49] INFO 第1条用例"用户名和密码正确"开始执行
2019-06-11 18:06:38,714 test2_登录_工厂PC端.py[line:51] INFO 请求数据:{'loginName': '12345678901', 'userPwd': '96e79218965eb72c92a549dd5a330112', 'tid': '104d564b0f2342f4ad0379398cccdcf6', 'rdmCode': ''}
2019-06-11 18:06:38,746 test2_登录_工厂PC端.py[line:53] INFO 返回数据:{'state': True, 'data': '828fa93446ec82fdf1590367f3a82279b36ccdc5'}
2019-06-11 18:06:38,765 test2_登录_工厂PC端.py[line:57] INFO True
2019-06-11 18:06:38,779 test2_登录_工厂PC端.py[line:58] INFO True
2019-06-11 18:06:38,798 test2_登录_工厂PC端.py[line:62] INFO 第1条用例执行结束，执行结果:通过!

2019-06-11 18:06:38,811 test2_登录_工厂PC端.py[line:70] INFO 登录接口测试结果:用例总数1条，其中通过用例1条，失败用例0条
2019-06-11 18:06:38,875 test3_发送验证码.py[line:18] INFO 本次接口测试请求地址为：http://192.168.3.214:8801/zlead/member/sendVerifyCode

2019-06-11 18:06:38,891 test3_发送验证码.py[line:39] INFO 第1条用例"发送验证码成功"执行开始
2019-06-11 18:06:38,904 test3_发送验证码.py[line:41] INFO 发出请求数据：http://192.168.3.214:8801/zlead/member/sendVerifyCode{'phone': '15500000000'}
2019-06-11 18:06:41,087 test3_发送验证码.py[line:43] INFO 返回请求数据：{'code': 1, 'message': '验证码发送成功', 'data': '', 'success': True}
2019-06-11 18:06:41,159 test3_发送验证码.py[line:47] INFO 第1条用例执行结束，执行结果:通过!

2019-06-11 18:06:41,172 test3_发送验证码.py[line:55] INFO 发送验证码接口测试结果:用例总数1条，其中通过用例1条，失败用例0条
2019-06-11 18:06:41,199 test3_地址流程.py[line:33] INFO 获取cookie成功，cookies=<RequestsCookieJar[<Cookie JSESSIONID=CF16F844F8D5F8C685EF846E43923370 for 192.168.3.214/>]>
2019-06-11 18:06:41,217 test3_地址流程.py[line:35] INFO 登录成功
2019-06-11 18:06:41,232 test3_地址流程.py[line:39] INFO 添加地址开始
2019-06-11 18:06:41,245 test3_地址流程.py[line:41] INFO 添加地址请求数据:{'memberName': 'testxu', 'phone': '1311111111', 'provinceName': '上海市', 'cityName': '市辖区', 'countyName': '黄浦区', 'detailAddress': '泛太平洋大厦', 'isDefault': 1, 'type': 1}
2019-06-11 18:06:41,372 test3_地址流程.py[line:44] INFO 添加地址返回数据:{"code":1,"message":"地址添加成功！","data":"","success":true}
2019-06-11 18:06:41,419 test3_地址流程.py[line:46] INFO 添加地址结束，测试结果为：成功
2019-06-11 18:06:41,440 test3_地址流程.py[line:64] INFO 查询地址开始
2019-06-11 18:06:41,456 test3_地址流程.py[line:66] INFO 请求数据为：http://192.168.3.214:8801/zlead/memaddr/getAllAgentAddress
2019-06-11 18:06:41,507 test3_地址流程.py[line:68] INFO 查询地址返回数据为：{'code': 1, 'message': '地址列表', 'data': {'0': [{'id': 2067, 'memberId': 2723, 'memberName': 'testxu', 'phone': '1311111111', 'address': '泛太平洋大厦', 'isDefault': 1, 'isFact': 0, 'factId': 0, 'factName': '', 'provinceName': '上海市', 'cityName': '市辖区', 'regionName': '黄浦区'}, {'id': 1046, 'memberId': 2723, 'memberName': '赵敏敏', 'phone': '15500000000', 'address': '订单', 'isDefault': 0, 'isFact': 0, 'factId': 0, 'factName': None, 'provinceName': '河北省', 'cityName': '石家庄市', 'regionName': '灵寿县'}, {'id': 1080, 'memberId': 2723, 'memberName': '张三丰', 'phone': '18662467587', 'address': '北京西路', 'isDefault': 0, 'isFact': 0, 'factId': 0, 'factName': None, 'provinceName': '上海市', 'cityName': '市辖区', 'regionName': '黄浦区'}, {'id': 1255, 'memberId': 2723, 'memberName': '袁文', 'phone': '18662467587', 'address': '对对对', 'isDefault': 0, 'isFact': 0, 'factId': 0, 'factName': None, 'provinceName': '上海市', 'cityName': '县', 'regionName': '崇明县'}, {'id': 1258, 'memberId': 2723, 'memberName': '涣汗大号11111111111111111111111111111111111111111111111111111111111111111111111111111111', 'phone': '15516779923', 'address': '订单', 'isDefault': 0, 'isFact': 0, 'factId': 0, 'factName': None, 'provinceName': '广东省', 'cityName': '广州市', 'regionName': '市辖区'}, {'id': 1282, 'memberId': 2723, 'memberName': '与UU回家结婚回家就看呵呵姐姐姐姐姐姐姐姐姐姐姐姐姐姐姐姐家', 'phone': '15555555555', 'address': '订单', 'isDefault': 0, 'isFact': 0, 'factId': 0, 'factName': None, 'provinceName': '湖南省', 'cityName': '长沙市', 'regionName': '市辖区'}, {'id': 1398, 'memberId': 2723, 'memberName': 'sdddddddddddddddddddddddddddddfffffffffffffffffffffffffffffffff', 'phone': '15555555555', 'address': '对对对', 'isDefault': 0, 'isFact': 0, 'factId': 0, 'factName': None, 'provinceName': '河南省', 'cityName': '郑州市', 'regionName': '市辖区'}, {'id': 1399, 'memberId': 2723, 'memberName': 'sdddddddddddddddddddddddddddddfffffffffffffffffffffffffffffffff', 'phone': '15555555555', 'address': '对对对', 'isDefault': 0, 'isFact': 0, 'factId': 0, 'factName': None, 'provinceName': '河南省', 'cityName': '郑州市', 'regionName': '市辖区'}, {'id': 1428, 'memberId': 2723, 'memberName': 'vfffffffff', 'phone': '11554455555', 'address': 'fffff', 'isDefault': 0, 'isFact': 0, 'factId': 0, 'factName': None, 'provinceName': '湖北省', 'cityName': '武汉市', 'regionName': '市辖区'}, {'id': 1451, 'memberId': 2723, 'memberName': '对对对大大大大大大大', 'phone': '11111111111', 'address': '对对对大大大大大大大大大大大大大大大大大', 'isDefault': 0, 'isFact': 0, 'factId': 0, 'factName': None, 'provinceName': '湖南省', 'cityName': '长沙市', 'regionName': '市辖区'}, {'id': 1637, 'memberId': 2723, 'memberName': '徐培庆', 'phone': '17621463842', 'address': 'dsafsafdsaf', 'isDefault': 0, 'isFact': 0, 'factId': 0, 'factName': None, 'provinceName': '北京市', 'cityName': '市辖区', 'regionName': '东城区'}, {'id': 2055, 'memberId': 2723, 'memberName': 'testxu1', 'phone': '1311111111', 'address': '泛太平洋大厦', 'isDefault': 0, 'isFact': 0, 'factId': 0, 'factName': None, 'provinceName': '上海市', 'cityName': '市辖区', 'regionName': '黄浦区'}, {'id': 2066, 'memberId': 2723, 'memberName': 'testxu', 'phone': '1311111111', 'address': '泛太平洋大厦', 'isDefault': 0, 'isFact': 0, 'factId': 0, 'factName': None, 'provinceName': '上海市', 'cityName': '市辖区', 'regionName': '黄浦区'}], '42': [{'id': 1545, 'memberId': 2723, 'memberName': '老赵', 'phone': '15500000000', 'address': '问问', 'isDefault': 0, 'isFact': 1, 'factId': 42, 'factName': '王猛五金厂', 'provinceName': '北京市', 'cityName': '县', 'regionName': '密云县'}], '43': [{'id': 1694, 'memberId': 2723, 'memberName': '', 'phone': '', 'address': '果皮', 'isDefault': 0, 'isFact': 1, 'factId': 43, 'factName': '施勤丰五金厂', 'provinceName': '天津市', 'cityName': '市辖区', 'regionName': '和平区'}]}, 'success': True}
2019-06-11 18:06:41,757 test3_地址流程.py[line:70] INFO 查询地址结束，测试结果为：成功
2019-06-11 18:06:41,999 test3_地址流程.py[line:77] INFO 更新地址开始
2019-06-11 18:06:42,106 test3_地址流程.py[line:79] INFO 更新地址请求数据:{'addressId': 2066, 'memberName': 'testxu1', 'phone': '1311111111', 'provinceName': '上海市', 'cityName': '市辖区', 'countyName': '黄浦区', 'detailAddress': '泛太平洋大厦', 'isDefault': 1, 'type': 2}
2019-06-11 18:06:42,327 test3_地址流程.py[line:81] INFO 更新地址返回数据为：{"code":1,"message":"地址修改成功！","data":"","success":true}
2019-06-11 18:06:42,451 test3_地址流程.py[line:83] INFO 更新地址结束，测试结果为：成功
2019-06-11 18:06:42,581 test3_地址流程.py[line:89] INFO 删除地址开始
2019-06-11 18:06:42,663 test3_地址流程.py[line:92] INFO 删除地址返回数据：{'code': 1, 'message': '地址删除成功！', 'data': '', 'success': True}
2019-06-11 18:06:42,732 test3_地址流程.py[line:94] INFO 删除地址结束，测试结果为：成功
2019-06-11 18:06:42,803 test3_地址流程.py[line:103] INFO 登录、添加、查询、修改、删除地址流程测试结果:用例总数1其中通过用例1条，失败用例0条
2019-06-11 18:06:43,037 test3_提交订单.py[line:19] INFO 本次接口测试请求地址为：http://192.168.3.214:8801//zlead/order/addOrder

2019-06-11 18:06:43,135 test3_提交订单.py[line:49] INFO 第1条用例"提交订单成功"开始执行
2019-06-11 18:06:43,216 test3_提交订单.py[line:52] INFO 请求数据:{'goodsId': '3581', 'buyNum': '1', 'buyType': '1', 'addressId': '1638', 'storeBuyType': '1', 'orderType': '0'}
2019-06-11 18:06:43,425 test3_提交订单.py[line:54] INFO 返回数据:{'code': 1, 'message': '提交订单成功', 'data': {'orderType': 0, 'orderId': 50004727, 'orderSn': '201906114130'}, 'success': True}
2019-06-11 18:06:43,523 test3_提交订单.py[line:57] INFO 预期结果：提交订单成功
2019-06-11 18:06:43,618 test3_提交订单.py[line:61] INFO 第1条用例执行结束，执行结果:通过!

2019-06-11 18:06:43,802 test3_提交订单.py[line:49] INFO 第2条用例"提交订单成功"开始执行
2019-06-11 18:06:43,816 test3_提交订单.py[line:52] INFO 请求数据:{'goodsId': '3581', 'buyNum': '1', 'buyType': '1', 'addressId': '1638', 'storeBuyType': '1', 'orderType': '0'}
2019-06-11 18:06:43,873 test3_提交订单.py[line:54] INFO 返回数据:{'code': 1, 'message': '提交订单成功', 'data': {'orderType': 0, 'orderId': 50004728, 'orderSn': '201906118387'}, 'success': True}
2019-06-11 18:06:43,914 test3_提交订单.py[line:57] INFO 预期结果：提交订单成功
2019-06-11 18:06:43,972 test3_提交订单.py[line:61] INFO 第2条用例执行结束，执行结果:通过!

2019-06-11 18:06:44,022 test3_提交订单.py[line:71] INFO 提交订单接口测试结果:用例总数1条，其中通过用例1条，失败用例0条
2019-06-11 18:06:44,041 test3_查询购物车.py[line:19] INFO 本次接口测试请求地址为：http://192.168.3.214:8801/zlead/shopcart/shoppingCartGoods

2019-06-11 18:06:44,140 test3_查询购物车.py[line:52] INFO 请求数据:{'code': 1, 'message': '返回购物车信息!', 'data': [{'goodsList': [{'goodsImg': 'http://210.22.139.138:58803/myapp/uploads/attach/201904/d1/7038e72a94d142f4983ba78b86c76beb.jpg', 'goodsId': 3423, 'count': 1, 'isMarketable': 1, 'facId': 35, 'shopName': '龙华建材经销公司商城', 'agentDiscount': 0.5, 'prodType': 0, 'thisGoodsModel': '', 'modelName': '网络特供110', 'specNames': '19*19', 'goodsPointPrice': 0.0, 'goodsPrice': 10.0, 'thisGoodsAttr': ['黄'], 'storeName': None, 'id': 14437, 'shopId': 710, 'stock': 10, 'goodsName': '金刚石小锯片锋利耐磨云石片波纹型瓷砖大理'}], 'shopName': '龙华建材经销公司', 'facId': {'factory_id': 35}, 'shopId': 710}, {'goodsList': [{'goodsImg': 'http://210.22.139.138:58803/myapp/uploads/attach/201904/d1/791739b0b7cf40aab268e34d07f4237d.jpg', 'goodsId': 3581, 'count': 9, 'isMarketable': 1, 'facId': 42, 'shopName': '王猛五金厂', 'agentDiscount': 0.5, 'prodType': 0, 'thisGoodsModel': '', 'modelName': 'DD_00001', 'specNames': None, 'goodsPointPrice': 0.0, 'goodsPrice': 99.0, 'thisGoodsAttr': ['200M', '室内', '红'], 'storeName': None, 'id': 14526, 'shopId': 721, 'stock': 999999964, 'goodsName': '灯灯灯灯灯灯灯'}], 'shopName': '王猛五金厂', 'facId': {'factory_id': 42}, 'shopId': 721}], 'success': True}
2019-06-11 18:06:44,398 test3_查询购物车.py[line:62] INFO 执行SQL查询:SELECT sum(count) from t_shopping_cart where member_id = (SELECT id from t_member where member_id = '15500000000') and is_buy = '0'
2019-06-11 18:06:44,540 test3_查询购物车.py[line:67] INFO 查询购物车成功
2019-06-11 18:06:44,575 test3_查询购物车.py[line:72] INFO 查看购物车接口测试结果:用例总数1条，其中通过用例1条，失败用例0条
2019-06-11 18:06:44,609 test3_添加地址.py[line:22] INFO 本次接口测试请求地址为：http://192.168.3.214:8801/zlead/memaddr/addOrUpdateMemberAddress

2019-06-11 18:06:44,639 test3_添加地址.py[line:53] INFO 获取cookie成功，cookies=<RequestsCookieJar[<Cookie JSESSIONID=543329C0A95134EB09E9C749CECD4811 for 192.168.3.214/>]>
2019-06-11 18:06:44,667 test3_添加地址.py[line:55] INFO 登录成功
2019-06-11 18:06:44,702 test3_添加地址.py[line:60] INFO 第1条用例"添加购物车成功"开始执行
2019-06-11 18:06:44,721 test3_添加地址.py[line:65] INFO 请求数据:{'memberName': '徐徐', 'phone': '13100000000', 'provinceName': '上海市', 'cityName': '市辖区', 'countyName': '黄浦区', 'detailAddress': '泛太平洋大厦', 'isDefault': '1', 'type': '1'}
2019-06-11 18:06:44,813 test3_添加地址.py[line:69] INFO 返回数据:{"code":1,"message":"地址添加成功！","data":"","success":true}
2019-06-11 18:06:44,880 test3_添加地址.py[line:74] INFO 地址添加成功！
2019-06-11 18:06:44,912 test3_添加地址.py[line:79] INFO 第1条用例执行结束，执行结果:通过!

2019-06-11 18:06:44,944 test3_添加地址.py[line:92] INFO 添加地址模块测试结果:用例总数1其中通过用例1条，失败用例0条
2019-06-11 18:06:45,006 test3_立即购买商品详情页.py[line:19] INFO 本次接口测试请求地址为：http://192.168.3.214:8801//zlead/order/newConfirmOrder

2019-06-11 18:06:45,082 test3_立即购买商品详情页.py[line:47] INFO 第1条用例"提交订单成功"开始执行
2019-06-11 18:06:45,095 test3_立即购买商品详情页.py[line:50] INFO 请求数据:{'goodsId': 3511, 'buyNum': 1}
2019-06-11 18:06:45,126 test3_立即购买商品详情页.py[line:55] INFO 返回数据:{'code': 4, 'message': '库存不足，无法购买', 'data': '', 'success': False}
2019-06-11 18:06:45,145 test3_立即购买商品详情页.py[line:67] INFO 第1条用例执行结束，执行结果:失败
2019-06-11 18:06:45,158 test3_立即购买商品详情页.py[line:47] INFO 第2条用例"提交订单成功"开始执行
2019-06-11 18:06:45,173 test3_立即购买商品详情页.py[line:50] INFO 请求数据:{'goodsId': 3511, 'buyNum': 1}
2019-06-11 18:06:45,209 test3_立即购买商品详情页.py[line:55] INFO 返回数据:{'code': 4, 'message': '库存不足，无法购买', 'data': '', 'success': False}
2019-06-11 18:06:45,231 test3_立即购买商品详情页.py[line:67] INFO 第2条用例执行结束，执行结果:失败
2019-06-11 18:06:45,248 test3_立即购买商品详情页.py[line:70] INFO 立即购买(商品详情)接口测试结果:用例总数2条，其中通过用例0条，失败用例2条
2019-06-11 18:06:45,266 test3_购物车流程.py[line:21] INFO 本次接口测试请求地址为：http://192.168.3.214:8801//zlead/shopcart/deleteShoppingCart

2019-06-11 18:06:45,283 test3_购物车流程.py[line:35] INFO 开始登录
2019-06-11 18:06:45,316 test3_购物车流程.py[line:39] INFO 请求数据信息为：{'account': '15500000000', 'password': '111111'}
2019-06-11 18:06:45,340 test3_购物车流程.py[line:41] INFO 返回数据信息为：{'code': 1, 'message': '登录成功', 'data': {'headImg': None, 'memberType': 3, 'memberId': 2723, 'username': '15500000000'}, 'success': True}
2019-06-11 18:06:45,356 test3_购物车流程.py[line:44] INFO 登录成功
2019-06-11 18:06:45,369 test3_购物车流程.py[line:48] INFO 加入购物车开始
2019-06-11 18:06:45,545 test3_购物车流程.py[line:54] INFO 添加购物车成功
2019-06-11 18:06:45,560 test3_购物车流程.py[line:59] INFO 查询购物车开始
2019-06-11 18:06:45,676 test3_购物车流程.py[line:61] INFO 返回数据:{'code': 1, 'message': '返回购物车信息!', 'data': [{'goodsList': [{'goodsImg': 'http://210.22.139.138:58803/myapp/uploads/attach/201904/d2/0f9158d4d7654ce8a723810ad2ce2108.jpg', 'goodsId': 3748, 'count': 1, 'isMarketable': 1, 'facId': 43, 'shopName': '施勤丰五金厂商城', 'agentDiscount': 0.6, 'prodType': 0, 'thisGoodsModel': '', 'modelName': '重口味', 'specNames': None, 'goodsPointPrice': 0.0, 'goodsPrice': 6.6, 'thisGoodsAttr': ['200', '黑'], 'storeName': None, 'id': 14529, 'shopId': 722, 'stock': 138, 'goodsName': '天业乐哈哈后来就好了回来后回来了回来了呵'}], 'shopName': '施勤丰五金厂', 'facId': {'factory_id': 43}, 'shopId': 722}, {'goodsList': [{'goodsImg': 'http://210.22.139.138:58803/myapp/uploads/attach/201904/d1/7038e72a94d142f4983ba78b86c76beb.jpg', 'goodsId': 3423, 'count': 1, 'isMarketable': 1, 'facId': 35, 'shopName': '龙华建材经销公司商城', 'agentDiscount': 0.5, 'prodType': 0, 'thisGoodsModel': '', 'modelName': '网络特供110', 'specNames': '19*19', 'goodsPointPrice': 0.0, 'goodsPrice': 10.0, 'thisGoodsAttr': ['黄'], 'storeName': None, 'id': 14437, 'shopId': 710, 'stock': 10, 'goodsName': '金刚石小锯片锋利耐磨云石片波纹型瓷砖大理'}], 'shopName': '龙华建材经销公司', 'facId': {'factory_id': 35}, 'shopId': 710}, {'goodsList': [{'goodsImg': 'http://210.22.139.138:58803/myapp/uploads/attach/201904/d1/791739b0b7cf40aab268e34d07f4237d.jpg', 'goodsId': 3581, 'count': 9, 'isMarketable': 1, 'facId': 42, 'shopName': '王猛五金厂', 'agentDiscount': 0.5, 'prodType': 0, 'thisGoodsModel': '', 'modelName': 'DD_00001', 'specNames': None, 'goodsPointPrice': 0.0, 'goodsPrice': 99.0, 'thisGoodsAttr': ['200M', '室内', '红'], 'storeName': None, 'id': 14526, 'shopId': 721, 'stock': 999999964, 'goodsName': '灯灯灯灯灯灯灯'}], 'shopName': '王猛五金厂', 'facId': {'factory_id': 42}, 'shopId': 721}], 'success': True}
2019-06-11 18:06:45,827 test3_购物车流程.py[line:66] INFO 查询购物车成功
2019-06-11 18:06:45,862 test3_购物车流程.py[line:70] INFO 删除购物车开始
2019-06-11 18:06:45,906 test3_购物车流程.py[line:72] INFO 返回数据信息为：{'code': 1, 'message': '删除购物车成功', 'data': '', 'success': True}
2019-06-11 18:06:45,945 test3_购物车流程.py[line:74] INFO 删除购物车开始
2019-06-11 18:06:45,980 test3_购物车流程.py[line:81] INFO 删除购物车接口测试结果:用例总数1条，其中通过用例1条，失败用例0条
2019-06-11 18:06:46,021 test9_加入购物车.py[line:21] INFO 本次接口测试请求地址为：http://192.168.3.214:8801/zlead/shopcart/addShoppingCart

2019-06-11 18:06:46,080 test9_加入购物车.py[line:47] INFO 获取cookie成功，cookies=<RequestsCookieJar[<Cookie JSESSIONID=E5D92C276AFAA2C021941CBCAF4BE34B for 192.168.3.214/>]>
2019-06-11 18:06:46,101 test9_加入购物车.py[line:49] INFO 登录成功
2019-06-11 18:06:46,140 test9_加入购物车.py[line:54] INFO 第1条用例"添加购物车成功"开始执行
2019-06-11 18:06:46,186 test9_加入购物车.py[line:58] INFO 请求数据:{'goodsId': '3581', 'count': '1', 'buyType': '0'}
2019-06-11 18:06:46,249 test9_加入购物车.py[line:62] INFO 返回数据:{'code': 1, 'message': '添加购物车成功！', 'data': '', 'success': True}
2019-06-11 18:06:46,280 test9_加入购物车.py[line:66] INFO 添加购物车成功！
2019-06-11 18:06:46,313 test9_加入购物车.py[line:70] INFO 第1条用例执行结束，执行结果:通过!

2019-06-11 18:06:46,344 test9_加入购物车.py[line:54] INFO 第2条用例"添加购物车失败"开始执行
2019-06-11 18:06:46,409 test9_加入购物车.py[line:58] INFO 请求数据:{'goodsId': '4102', 'count': '10', 'buyType': '0'}
2019-06-11 18:06:46,475 test9_加入购物车.py[line:62] INFO 返回数据:{'code': 2, 'message': '库存不足，无法加入购物车', 'data': '', 'success': False}
2019-06-11 18:06:46,532 test9_加入购物车.py[line:66] INFO 库存不足，无法加入购物车
2019-06-11 18:06:46,574 test9_加入购物车.py[line:70] INFO 第2条用例执行结束，执行结果:通过!

2019-06-11 18:06:46,587 test9_加入购物车.py[line:104] INFO 加入购物车模块测试结果:用例总数2其中通过用例2条，失败用例0条
