2019-06-11 13:32:03,000 test2_登录_商城端.py[line:19] INFO 本次接口测试请求地址为：http://192.168.3.214:8802/zlead/member/login

2019-06-11 13:32:03,011 test2_登录_商城端.py[line:40] INFO 第1条用例"用户名和密码正确"开始执行
2019-06-11 13:32:03,013 test2_登录_商城端.py[line:42] INFO 请求数据:{'account': '15500000000', 'password': '111111'}
2019-06-11 13:32:03,079 test2_登录_商城端.py[line:44] INFO 返回数据:{'code': 1, 'message': '登录成功', 'data': {'headImg': None, 'memberType': 3, 'memberId': 2723, 'username': '15500000000'}, 'success': True}
2019-06-11 13:32:03,157 test2_登录_商城端.py[line:51] INFO 第1条用例执行结束，执行结果:通过!

2019-06-11 13:32:03,160 test2_登录_商城端.py[line:40] INFO 第2条用例"用户名错误"开始执行
2019-06-11 13:32:03,164 test2_登录_商城端.py[line:42] INFO 请求数据:{'account': '15500000001', 'password': '111111'}
2019-06-11 13:32:03,227 test2_登录_商城端.py[line:44] INFO 返回数据:{'code': 2, 'message': '登录用户不存在', 'data': '', 'success': False}
2019-06-11 13:32:03,314 test2_登录_商城端.py[line:51] INFO 第2条用例执行结束，执行结果:通过!

2019-06-11 13:32:03,361 test2_登录_商城端.py[line:40] INFO 第3条用例"密码错误"开始执行
2019-06-11 13:32:03,377 test2_登录_商城端.py[line:42] INFO 请求数据:{'account': '15500000000', 'password': '111112'}
2019-06-11 13:32:03,452 test2_登录_商城端.py[line:44] INFO 返回数据:{'code': 2, 'message': '用户名或密码错误', 'data': '', 'success': False}
2019-06-11 13:32:03,568 test2_登录_商城端.py[line:51] INFO 第3条用例执行结束，执行结果:通过!

2019-06-11 13:32:03,599 test2_登录_商城端.py[line:40] INFO 第4条用例"用户名为10位"开始执行
2019-06-11 13:32:03,622 test2_登录_商城端.py[line:42] INFO 请求数据:{'account': '1550010000', 'password': '111111'}
2019-06-11 13:32:03,711 test2_登录_商城端.py[line:44] INFO 返回数据:{'code': 2, 'message': '登录用户不存在', 'data': '', 'success': False}
2019-06-11 13:32:03,819 test2_登录_商城端.py[line:51] INFO 第4条用例执行结束，执行结果:通过!

2019-06-11 13:32:03,836 test2_登录_商城端.py[line:40] INFO 第5条用例"用户名为11位"开始执行
2019-06-11 13:32:03,853 test2_登录_商城端.py[line:42] INFO 请求数据:{'account': '155000000000', 'password': '111111'}
2019-06-11 13:32:03,927 test2_登录_商城端.py[line:44] INFO 返回数据:{'code': 2, 'message': '登录用户不存在', 'data': '', 'success': False}
2019-06-11 13:32:04,010 test2_登录_商城端.py[line:51] INFO 第5条用例执行结束，执行结果:通过!

2019-06-11 13:32:04,032 test2_登录_商城端.py[line:40] INFO 第6条用例"用户名为空"开始执行
2019-06-11 13:32:04,046 test2_登录_商城端.py[line:42] INFO 请求数据:{'account': 'None', 'password': '111111'}
2019-06-11 13:32:04,123 test2_登录_商城端.py[line:44] INFO 返回数据:{'code': 2, 'message': '登录用户不存在', 'data': '', 'success': False}
2019-06-11 13:32:04,208 test2_登录_商城端.py[line:51] INFO 第6条用例执行结束，执行结果:通过!

2019-06-11 13:32:04,223 test2_登录_商城端.py[line:40] INFO 第7条用例"密码为空"开始执行
2019-06-11 13:32:04,237 test2_登录_商城端.py[line:42] INFO 请求数据:{'account': '15500000000', 'password': 'None'}
2019-06-11 13:32:04,313 test2_登录_商城端.py[line:44] INFO 返回数据:{'code': 2, 'message': '用户名或密码错误', 'data': '', 'success': False}
2019-06-11 13:32:04,417 test2_登录_商城端.py[line:51] INFO 第7条用例执行结束，执行结果:通过!

2019-06-11 13:32:04,431 test2_登录_商城端.py[line:40] INFO 第8条用例"用户名和密码正确"开始执行
2019-06-11 13:32:04,446 test2_登录_商城端.py[line:42] INFO 请求数据:{'account': '15500000000', 'password': '111111'}
2019-06-11 13:32:04,525 test2_登录_商城端.py[line:44] INFO 返回数据:{'code': 1, 'message': '登录成功', 'data': {'headImg': None, 'memberType': 3, 'memberId': 2723, 'username': '15500000000'}, 'success': True}
2019-06-11 13:32:04,651 test2_登录_商城端.py[line:51] INFO 第8条用例执行结束，执行结果:通过!

2019-06-11 13:32:04,688 test2_登录_商城端.py[line:59] INFO 登录接口测试结果:用例总数8条，其中通过用例8条，失败用例0条
2019-06-11 13:32:04,704 test2_登录_工厂PC端.py[line:22] INFO 本次接口测试请求地址为：http://192.168.3.214:8803//zlead/login.do

2019-06-11 13:32:04,769 test2_登录_工厂PC端.py[line:45] INFO 登录URL：http://192.168.3.214:8803//zlead/login.do
2019-06-11 13:32:04,799 test2_登录_工厂PC端.py[line:49] INFO 第1条用例"用户名和密码正确"开始执行
2019-06-11 13:32:04,813 test2_登录_工厂PC端.py[line:51] INFO 请求数据:{'loginName': '12345678901', 'userPwd': '96e79218965eb72c92a549dd5a330112', 'tid': '2f57cd428e92419882ed4b0a2793eb3c', 'rdmCode': ''}
2019-06-11 13:32:04,846 test2_登录_工厂PC端.py[line:53] INFO 返回数据:{'state': True, 'data': 'e10d76ff1beb3b6e643a349bf9e6b86d7b746df1'}
2019-06-11 13:32:04,865 test2_登录_工厂PC端.py[line:57] INFO True
2019-06-11 13:32:04,878 test2_登录_工厂PC端.py[line:58] INFO True
2019-06-11 13:32:04,897 test2_登录_工厂PC端.py[line:62] INFO 第1条用例执行结束，执行结果:通过!

2019-06-11 13:32:04,912 test2_登录_工厂PC端.py[line:70] INFO 登录接口测试结果:用例总数1条，其中通过用例1条，失败用例0条
2019-06-11 13:32:04,977 test3_发送验证码.py[line:18] INFO 本次接口测试请求地址为：http://192.168.3.214:8802/zlead/member/sendVerifyCode

2019-06-11 13:32:04,993 test3_发送验证码.py[line:39] INFO 第1条用例"发送验证码成功"执行开始
2019-06-11 13:32:05,005 test3_发送验证码.py[line:41] INFO 发出请求数据：http://192.168.3.214:8802/zlead/member/sendVerifyCode{'phone': '15500000000'}
2019-06-11 13:32:05,262 test3_发送验证码.py[line:43] INFO 返回请求数据：{'code': 1, 'message': '验证码发送成功', 'data': '', 'success': True}
2019-06-11 13:32:05,315 test3_发送验证码.py[line:47] INFO 第1条用例执行结束，执行结果:通过!

2019-06-11 13:32:05,353 test3_发送验证码.py[line:55] INFO 发送验证码接口测试结果:用例总数1条，其中通过用例1条，失败用例0条
2019-06-11 13:32:05,379 test3_提交订单.py[line:19] INFO 本次接口测试请求地址为：http://192.168.3.214:8802//zlead/order/addOrder

2019-06-11 13:32:05,458 test3_提交订单.py[line:49] INFO 第1条用例"提交订单成功"开始执行
2019-06-11 13:32:05,527 test3_提交订单.py[line:52] INFO 请求数据:{'goodsId': '3581', 'buyNum': '1', 'buyType': '1', 'addressId': '1638', 'storeBuyType': '1', 'orderType': '0'}
2019-06-11 13:32:05,574 test3_提交订单.py[line:54] INFO 返回数据:{'code': 1, 'message': '提交订单成功', 'data': {'orderType': 0, 'orderId': 50004711, 'orderSn': '201906110372'}, 'success': True}
2019-06-11 13:32:05,595 test3_提交订单.py[line:57] INFO 预期结果：提交订单成功
2019-06-11 13:32:05,612 test3_提交订单.py[line:61] INFO 第1条用例执行结束，执行结果:通过!

2019-06-11 13:32:05,640 test3_提交订单.py[line:49] INFO 第2条用例"提交订单成功"开始执行
2019-06-11 13:32:05,655 test3_提交订单.py[line:52] INFO 请求数据:{'goodsId': '3581', 'buyNum': '1', 'buyType': '1', 'addressId': '1638', 'storeBuyType': '1', 'orderType': '0'}
2019-06-11 13:32:05,715 test3_提交订单.py[line:54] INFO 返回数据:{'code': 1, 'message': '提交订单成功', 'data': {'orderType': 0, 'orderId': 50004712, 'orderSn': '201906117589'}, 'success': True}
2019-06-11 13:32:05,758 test3_提交订单.py[line:57] INFO 预期结果：提交订单成功
2019-06-11 13:32:05,781 test3_提交订单.py[line:61] INFO 第2条用例执行结束，执行结果:通过!

2019-06-11 13:32:05,809 test3_提交订单.py[line:71] INFO 提交订单接口测试结果:用例总数1条，其中通过用例1条，失败用例0条
2019-06-11 13:32:05,827 test3_查询购物车.py[line:19] INFO 本次接口测试请求地址为：http://192.168.3.214:8802/zlead/shopcart/shoppingCartGoods

2019-06-11 13:32:05,968 test3_查询购物车.py[line:52] INFO 请求数据:{'code': 1, 'message': '返回购物车信息!', 'data': [{'goodsList': [{'goodsImg': 'http://210.22.139.138:58803/myapp/uploads/attach/201904/d1/7038e72a94d142f4983ba78b86c76beb.jpg', 'goodsId': 3423, 'count': 1, 'isMarketable': 1, 'facId': 35, 'shopName': '龙华建材经销公司商城', 'agentDiscount': 0.5, 'prodType': 0, 'thisGoodsModel': '', 'modelName': '网络特供110', 'specNames': '19*19', 'goodsPointPrice': 0.0, 'goodsPrice': 10.0, 'thisGoodsAttr': ['黄'], 'storeName': None, 'id': 14437, 'shopId': 710, 'stock': 10, 'goodsName': '金刚石小锯片锋利耐磨云石片波纹型瓷砖大理'}], 'shopName': '龙华建材经销公司', 'facId': {'factory_id': 35}, 'shopId': 710}, {'goodsList': [{'goodsImg': 'http://210.22.139.138:58803/myapp/uploads/attach/201904/d1/791739b0b7cf40aab268e34d07f4237d.jpg', 'goodsId': 3581, 'count': 5, 'isMarketable': 1, 'facId': 42, 'shopName': '王猛五金厂', 'agentDiscount': 0.5, 'prodType': 0, 'thisGoodsModel': '', 'modelName': 'DD_00001', 'specNames': None, 'goodsPointPrice': 0.0, 'goodsPrice': 99.0, 'thisGoodsAttr': ['200M', '室内', '红'], 'storeName': None, 'id': 14518, 'shopId': 721, 'stock': 999999972, 'goodsName': '灯灯灯灯灯灯灯'}], 'shopName': '王猛五金厂', 'facId': {'factory_id': 42}, 'shopId': 721}], 'success': True}
2019-06-11 13:32:06,136 test3_查询购物车.py[line:62] INFO 执行SQL查询:SELECT sum(count) from t_shopping_cart where member_id = (SELECT id from t_member where member_id = '15500000000') and is_buy = '0'
2019-06-11 13:32:06,275 test3_查询购物车.py[line:67] INFO 查询购物车成功
2019-06-11 13:32:06,307 test3_查询购物车.py[line:72] INFO 查看购物车接口测试结果:用例总数1条，其中通过用例1条，失败用例0条
2019-06-11 13:32:06,341 test3_添加地址.py[line:22] INFO 本次接口测试请求地址为：http://192.168.3.214:8802/zlead/memaddr/addOrUpdateMemberAddress

2019-06-11 13:32:06,422 test3_添加地址.py[line:53] INFO 获取cookie成功，cookies=<RequestsCookieJar[<Cookie JSESSIONID=9D2BB49AE3880DB743229DF7829F66D3 for 192.168.3.214/>]>
2019-06-11 13:32:06,504 test3_添加地址.py[line:55] INFO 登录成功
2019-06-11 13:32:06,544 test3_添加地址.py[line:60] INFO 第1条用例"添加购物车成功"开始执行
2019-06-11 13:32:06,561 test3_添加地址.py[line:65] INFO 请求数据:{'memberName': '徐徐', 'phone': '13100000000', 'provinceName': '上海市', 'cityName': '市辖区', 'countyName': '黄浦区', 'detailAddress': '泛太平洋大厦', 'isDefault': '1', 'type': '1'}
2019-06-11 13:32:06,673 test3_添加地址.py[line:69] INFO 返回数据:{"code":1,"message":"地址添加成功！","data":"","success":true}
2019-06-11 13:32:06,762 test3_添加地址.py[line:74] INFO 地址添加成功！
2019-06-11 13:32:06,792 test3_添加地址.py[line:79] INFO 第1条用例执行结束，执行结果:通过!

2019-06-11 13:32:06,819 test3_添加地址.py[line:92] INFO 添加地址模块测试结果:用例总数1其中通过用例1条，失败用例0条
2019-06-11 13:32:06,879 test3_立即购买商品详情页.py[line:19] INFO 本次接口测试请求地址为：http://192.168.3.214:8802//zlead/order/newConfirmOrder

2019-06-11 13:32:07,060 test3_立即购买商品详情页.py[line:47] INFO 第1条用例"提交订单成功"开始执行
2019-06-11 13:32:07,086 test3_立即购买商品详情页.py[line:50] INFO 请求数据:{'goodsId': 3511, 'buyNum': 1}
2019-06-11 13:32:07,114 test3_立即购买商品详情页.py[line:55] INFO 返回数据:{'code': 4, 'message': '库存不足，无法购买', 'data': '', 'success': False}
2019-06-11 13:32:07,132 test3_立即购买商品详情页.py[line:67] INFO 第1条用例执行结束，执行结果:失败
2019-06-11 13:32:07,147 test3_立即购买商品详情页.py[line:47] INFO 第2条用例"提交订单成功"开始执行
2019-06-11 13:32:07,160 test3_立即购买商品详情页.py[line:50] INFO 请求数据:{'goodsId': 3511, 'buyNum': 1}
2019-06-11 13:32:07,187 test3_立即购买商品详情页.py[line:55] INFO 返回数据:{'code': 4, 'message': '库存不足，无法购买', 'data': '', 'success': False}
2019-06-11 13:32:07,206 test3_立即购买商品详情页.py[line:67] INFO 第2条用例执行结束，执行结果:失败
2019-06-11 13:32:07,225 test3_立即购买商品详情页.py[line:70] INFO 立即购买(商品详情)接口测试结果:用例总数2条，其中通过用例0条，失败用例2条
2019-06-11 13:32:07,244 test3_购物车流程.py[line:21] INFO 本次接口测试请求地址为：http://192.168.3.214:8802//zlead/shopcart/deleteShoppingCart

2019-06-11 13:32:07,261 test3_购物车流程.py[line:35] INFO 开始登录
2019-06-11 13:32:07,290 test3_购物车流程.py[line:39] INFO 请求数据信息为：{'account': '15500000000', 'password': '111111'}
2019-06-11 13:32:07,365 test3_购物车流程.py[line:41] INFO 返回数据信息为：{'code': 1, 'message': '登录成功', 'data': {'headImg': None, 'memberType': 3, 'memberId': 2723, 'username': '15500000000'}, 'success': True}
2019-06-11 13:32:07,445 test3_购物车流程.py[line:44] INFO 登录成功
2019-06-11 13:32:07,457 test3_购物车流程.py[line:48] INFO 加入购物车开始
2019-06-11 13:32:07,530 test3_购物车流程.py[line:54] INFO 添加购物车成功
2019-06-11 13:32:07,540 test3_购物车流程.py[line:59] INFO 查询购物车开始
2019-06-11 13:32:07,632 test3_购物车流程.py[line:61] INFO 返回数据:{'code': 1, 'message': '返回购物车信息!', 'data': [{'goodsList': [{'goodsImg': 'http://210.22.139.138:58803/myapp/uploads/attach/201904/d2/0f9158d4d7654ce8a723810ad2ce2108.jpg', 'goodsId': 3748, 'count': 1, 'isMarketable': 1, 'facId': 43, 'shopName': '施勤丰五金厂商城', 'agentDiscount': 0.6, 'prodType': 0, 'thisGoodsModel': '', 'modelName': '重口味', 'specNames': None, 'goodsPointPrice': 0.0, 'goodsPrice': 6.6, 'thisGoodsAttr': ['200', '黑'], 'storeName': None, 'id': 14519, 'shopId': 722, 'stock': 138, 'goodsName': '天业乐哈哈后来就好了回来后回来了回来了呵'}], 'shopName': '施勤丰五金厂', 'facId': {'factory_id': 43}, 'shopId': 722}, {'goodsList': [{'goodsImg': 'http://210.22.139.138:58803/myapp/uploads/attach/201904/d1/7038e72a94d142f4983ba78b86c76beb.jpg', 'goodsId': 3423, 'count': 1, 'isMarketable': 1, 'facId': 35, 'shopName': '龙华建材经销公司商城', 'agentDiscount': 0.5, 'prodType': 0, 'thisGoodsModel': '', 'modelName': '网络特供110', 'specNames': '19*19', 'goodsPointPrice': 0.0, 'goodsPrice': 10.0, 'thisGoodsAttr': ['黄'], 'storeName': None, 'id': 14437, 'shopId': 710, 'stock': 10, 'goodsName': '金刚石小锯片锋利耐磨云石片波纹型瓷砖大理'}], 'shopName': '龙华建材经销公司', 'facId': {'factory_id': 35}, 'shopId': 710}, {'goodsList': [{'goodsImg': 'http://210.22.139.138:58803/myapp/uploads/attach/201904/d1/791739b0b7cf40aab268e34d07f4237d.jpg', 'goodsId': 3581, 'count': 5, 'isMarketable': 1, 'facId': 42, 'shopName': '王猛五金厂', 'agentDiscount': 0.5, 'prodType': 0, 'thisGoodsModel': '', 'modelName': 'DD_00001', 'specNames': None, 'goodsPointPrice': 0.0, 'goodsPrice': 99.0, 'thisGoodsAttr': ['200M', '室内', '红'], 'storeName': None, 'id': 14518, 'shopId': 721, 'stock': 999999972, 'goodsName': '灯灯灯灯灯灯灯'}], 'shopName': '王猛五金厂', 'facId': {'factory_id': 42}, 'shopId': 721}], 'success': True}
2019-06-11 13:32:07,796 test3_购物车流程.py[line:66] INFO 查询购物车成功
2019-06-11 13:32:07,830 test3_购物车流程.py[line:70] INFO 删除购物车开始
2019-06-11 13:32:07,870 test3_购物车流程.py[line:72] INFO 返回数据信息为：{'code': 1, 'message': '删除购物车成功', 'data': '', 'success': True}
2019-06-11 13:32:07,907 test3_购物车流程.py[line:74] INFO 删除购物车开始
2019-06-11 13:32:07,944 test3_购物车流程.py[line:81] INFO 删除购物车接口测试结果:用例总数1条，其中通过用例1条，失败用例0条
2019-06-11 13:32:07,985 test9_加入购物车.py[line:21] INFO 本次接口测试请求地址为：http://192.168.3.214:8802/zlead/shopcart/addShoppingCart

2019-06-11 13:32:08,094 test9_加入购物车.py[line:47] INFO 获取cookie成功，cookies=<RequestsCookieJar[<Cookie JSESSIONID=E384A52DB47EAB89DCB4723EDD20DFF0 for 192.168.3.214/>]>
2019-06-11 13:32:08,186 test9_加入购物车.py[line:49] INFO 登录成功
2019-06-11 13:32:08,232 test9_加入购物车.py[line:54] INFO 第1条用例"添加购物车成功"开始执行
2019-06-11 13:32:08,280 test9_加入购物车.py[line:58] INFO 请求数据:{'goodsId': '3581', 'count': '1', 'buyType': '0'}
2019-06-11 13:32:08,336 test9_加入购物车.py[line:62] INFO 返回数据:{'code': 1, 'message': '添加购物车成功！', 'data': '', 'success': True}
2019-06-11 13:32:08,367 test9_加入购物车.py[line:66] INFO 添加购物车成功！
2019-06-11 13:32:08,400 test9_加入购物车.py[line:70] INFO 第1条用例执行结束，执行结果:通过!

2019-06-11 13:32:08,430 test9_加入购物车.py[line:54] INFO 第2条用例"添加购物车失败"开始执行
2019-06-11 13:32:08,494 test9_加入购物车.py[line:58] INFO 请求数据:{'goodsId': '4102', 'count': '10', 'buyType': '0'}
2019-06-11 13:32:08,556 test9_加入购物车.py[line:62] INFO 返回数据:{'code': 2, 'message': '库存不足，无法加入购物车', 'data': '', 'success': False}
2019-06-11 13:32:08,595 test9_加入购物车.py[line:66] INFO 库存不足，无法加入购物车
2019-06-11 13:32:08,635 test9_加入购物车.py[line:70] INFO 第2条用例执行结束，执行结果:通过!

2019-06-11 13:32:08,648 test9_加入购物车.py[line:104] INFO 加入购物车模块测试结果:用例总数2其中通过用例2条，失败用例0条
2019-06-11 13:32:45,914 test1_注册.py[line:16] INFO 本次接口测试请求地址为：http://192.168.3.214:8802/zlead/member/registered

2019-06-11 13:32:45,932 test1_注册.py[line:38] INFO 第1条用例"用户名和密码正确"开始执行
2019-06-11 13:32:45,944 test1_注册.py[line:41] INFO 请求数据:{'phone': '19612121211', 'passWord': '111111', 'companyName': 'test', 'verifyCode': '111111'}
2019-06-11 13:32:45,971 test2_登录_商城端.py[line:19] INFO 本次接口测试请求地址为：http://192.168.3.214:8802/zlead/member/login

2019-06-11 13:32:46,016 test2_登录_商城端.py[line:40] INFO 第1条用例"用户名和密码正确"开始执行
2019-06-11 13:32:46,025 test2_登录_商城端.py[line:42] INFO 请求数据:{'account': '15500000000', 'password': '111111'}
2019-06-11 13:32:46,104 test2_登录_商城端.py[line:44] INFO 返回数据:{'code': 1, 'message': '登录成功', 'data': {'headImg': None, 'memberType': 3, 'memberId': 2723, 'username': '15500000000'}, 'success': True}
2019-06-11 13:32:46,206 test2_登录_商城端.py[line:51] INFO 第1条用例执行结束，执行结果:通过!

2019-06-11 13:32:46,218 test2_登录_商城端.py[line:40] INFO 第2条用例"用户名错误"开始执行
2019-06-11 13:32:46,231 test2_登录_商城端.py[line:42] INFO 请求数据:{'account': '15500000001', 'password': '111111'}
2019-06-11 13:32:46,305 test2_登录_商城端.py[line:44] INFO 返回数据:{'code': 2, 'message': '登录用户不存在', 'data': '', 'success': False}
2019-06-11 13:32:46,371 test2_登录_商城端.py[line:51] INFO 第2条用例执行结束，执行结果:通过!

2019-06-11 13:32:46,390 test2_登录_商城端.py[line:40] INFO 第3条用例"密码错误"开始执行
2019-06-11 13:32:46,410 test2_登录_商城端.py[line:42] INFO 请求数据:{'account': '15500000000', 'password': '111112'}
2019-06-11 13:32:46,484 test2_登录_商城端.py[line:44] INFO 返回数据:{'code': 2, 'message': '用户名或密码错误', 'data': '', 'success': False}
2019-06-11 13:32:46,589 test2_登录_商城端.py[line:51] INFO 第3条用例执行结束，执行结果:通过!

2019-06-11 13:32:46,606 test2_登录_商城端.py[line:40] INFO 第4条用例"用户名为10位"开始执行
2019-06-11 13:32:46,622 test2_登录_商城端.py[line:42] INFO 请求数据:{'account': '1550010000', 'password': '111111'}
2019-06-11 13:32:46,697 test2_登录_商城端.py[line:44] INFO 返回数据:{'code': 2, 'message': '登录用户不存在', 'data': '', 'success': False}
2019-06-11 13:32:46,787 test2_登录_商城端.py[line:51] INFO 第4条用例执行结束，执行结果:通过!

2019-06-11 13:32:46,802 test2_登录_商城端.py[line:40] INFO 第5条用例"用户名为11位"开始执行
2019-06-11 13:32:46,818 test2_登录_商城端.py[line:42] INFO 请求数据:{'account': '155000000000', 'password': '111111'}
2019-06-11 13:32:46,893 test2_登录_商城端.py[line:44] INFO 返回数据:{'code': 2, 'message': '登录用户不存在', 'data': '', 'success': False}
2019-06-11 13:32:46,990 test2_登录_商城端.py[line:51] INFO 第5条用例执行结束，执行结果:通过!

2019-06-11 13:32:47,013 test2_登录_商城端.py[line:40] INFO 第6条用例"用户名为空"开始执行
2019-06-11 13:32:47,029 test2_登录_商城端.py[line:42] INFO 请求数据:{'account': 'None', 'password': '111111'}
2019-06-11 13:32:47,103 test2_登录_商城端.py[line:44] INFO 返回数据:{'code': 2, 'message': '登录用户不存在', 'data': '', 'success': False}
2019-06-11 13:32:47,180 test2_登录_商城端.py[line:51] INFO 第6条用例执行结束，执行结果:通过!

2019-06-11 13:32:47,195 test2_登录_商城端.py[line:40] INFO 第7条用例"密码为空"开始执行
2019-06-11 13:32:47,210 test2_登录_商城端.py[line:42] INFO 请求数据:{'account': '15500000000', 'password': 'None'}
2019-06-11 13:32:47,287 test2_登录_商城端.py[line:44] INFO 返回数据:{'code': 2, 'message': '用户名或密码错误', 'data': '', 'success': False}
2019-06-11 13:32:47,361 test2_登录_商城端.py[line:51] INFO 第7条用例执行结束，执行结果:通过!

2019-06-11 13:32:47,376 test2_登录_商城端.py[line:40] INFO 第8条用例"用户名和密码正确"开始执行
2019-06-11 13:32:47,390 test2_登录_商城端.py[line:42] INFO 请求数据:{'account': '15500000000', 'password': '111111'}
2019-06-11 13:32:47,469 test2_登录_商城端.py[line:44] INFO 返回数据:{'code': 1, 'message': '登录成功', 'data': {'headImg': None, 'memberType': 3, 'memberId': 2723, 'username': '15500000000'}, 'success': True}
2019-06-11 13:32:47,574 test2_登录_商城端.py[line:51] INFO 第8条用例执行结束，执行结果:通过!

2019-06-11 13:32:47,593 test2_登录_商城端.py[line:59] INFO 登录接口测试结果:用例总数8条，其中通过用例8条，失败用例0条
2019-06-11 13:32:47,609 test2_登录_工厂PC端.py[line:22] INFO 本次接口测试请求地址为：http://192.168.3.214:8803//zlead/login.do

2019-06-11 13:32:47,671 test2_登录_工厂PC端.py[line:45] INFO 登录URL：http://192.168.3.214:8803//zlead/login.do
2019-06-11 13:32:47,702 test2_登录_工厂PC端.py[line:49] INFO 第1条用例"用户名和密码正确"开始执行
2019-06-11 13:32:47,715 test2_登录_工厂PC端.py[line:51] INFO 请求数据:{'loginName': '12345678901', 'userPwd': '96e79218965eb72c92a549dd5a330112', 'tid': '2c0951fc3c5343caa65c7af2cf2c7d02', 'rdmCode': ''}
2019-06-11 13:32:47,748 test2_登录_工厂PC端.py[line:53] INFO 返回数据:{'state': True, 'data': '83c7eb8bff452e3b66342b48af52da62ba335510'}
2019-06-11 13:32:47,767 test2_登录_工厂PC端.py[line:57] INFO True
2019-06-11 13:32:47,781 test2_登录_工厂PC端.py[line:58] INFO True
2019-06-11 13:32:47,799 test2_登录_工厂PC端.py[line:62] INFO 第1条用例执行结束，执行结果:通过!

2019-06-11 13:32:47,814 test2_登录_工厂PC端.py[line:70] INFO 登录接口测试结果:用例总数1条，其中通过用例1条，失败用例0条
2019-06-11 13:32:47,888 test3_发送验证码.py[line:18] INFO 本次接口测试请求地址为：http://192.168.3.214:8802/zlead/member/sendVerifyCode

2019-06-11 13:32:47,905 test3_发送验证码.py[line:39] INFO 第1条用例"发送验证码成功"执行开始
2019-06-11 13:32:47,918 test3_发送验证码.py[line:41] INFO 发出请求数据：http://192.168.3.214:8802/zlead/member/sendVerifyCode{'phone': '15500000000'}
2019-06-11 13:32:48,463 test3_发送验证码.py[line:43] INFO 返回请求数据：{'code': 1, 'message': '验证码发送成功', 'data': '', 'success': True}
2019-06-11 13:32:48,518 test3_发送验证码.py[line:47] INFO 第1条用例执行结束，执行结果:通过!

2019-06-11 13:32:48,530 test3_发送验证码.py[line:55] INFO 发送验证码接口测试结果:用例总数1条，其中通过用例1条，失败用例0条
2019-06-11 13:32:48,545 test3_提交订单.py[line:19] INFO 本次接口测试请求地址为：http://192.168.3.214:8802//zlead/order/addOrder

2019-06-11 13:32:48,624 test3_提交订单.py[line:49] INFO 第1条用例"提交订单成功"开始执行
2019-06-11 13:32:48,686 test3_提交订单.py[line:52] INFO 请求数据:{'goodsId': '3581', 'buyNum': '1', 'buyType': '1', 'addressId': '1638', 'storeBuyType': '1', 'orderType': '0'}
2019-06-11 13:32:48,742 test3_提交订单.py[line:54] INFO 返回数据:{'code': 1, 'message': '提交订单成功', 'data': {'orderType': 0, 'orderId': 50004713, 'orderSn': '201906111969'}, 'success': True}
2019-06-11 13:32:48,804 test3_提交订单.py[line:57] INFO 预期结果：提交订单成功
2019-06-11 13:32:48,828 test3_提交订单.py[line:61] INFO 第1条用例执行结束，执行结果:通过!

2019-06-11 13:32:48,856 test3_提交订单.py[line:49] INFO 第2条用例"提交订单成功"开始执行
2019-06-11 13:32:48,869 test3_提交订单.py[line:52] INFO 请求数据:{'goodsId': '3581', 'buyNum': '1', 'buyType': '1', 'addressId': '1638', 'storeBuyType': '1', 'orderType': '0'}
2019-06-11 13:32:48,933 test3_提交订单.py[line:54] INFO 返回数据:{'code': 1, 'message': '提交订单成功', 'data': {'orderType': 0, 'orderId': 50004714, 'orderSn': '201906110060'}, 'success': True}
2019-06-11 13:32:49,037 test3_提交订单.py[line:57] INFO 预期结果：提交订单成功
2019-06-11 13:32:49,064 test3_提交订单.py[line:61] INFO 第2条用例执行结束，执行结果:通过!

2019-06-11 13:32:49,092 test3_提交订单.py[line:71] INFO 提交订单接口测试结果:用例总数1条，其中通过用例1条，失败用例0条
2019-06-11 13:32:49,108 test3_查询购物车.py[line:19] INFO 本次接口测试请求地址为：http://192.168.3.214:8802/zlead/shopcart/shoppingCartGoods

2019-06-11 13:32:49,248 test3_查询购物车.py[line:52] INFO 请求数据:{'code': 1, 'message': '返回购物车信息!', 'data': [{'goodsList': [{'goodsImg': 'http://210.22.139.138:58803/myapp/uploads/attach/201904/d1/7038e72a94d142f4983ba78b86c76beb.jpg', 'goodsId': 3423, 'count': 1, 'isMarketable': 1, 'facId': 35, 'shopName': '龙华建材经销公司商城', 'agentDiscount': 0.5, 'prodType': 0, 'thisGoodsModel': '', 'modelName': '网络特供110', 'specNames': '19*19', 'goodsPointPrice': 0.0, 'goodsPrice': 10.0, 'thisGoodsAttr': ['黄'], 'storeName': None, 'id': 14437, 'shopId': 710, 'stock': 10, 'goodsName': '金刚石小锯片锋利耐磨云石片波纹型瓷砖大理'}], 'shopName': '龙华建材经销公司', 'facId': {'factory_id': 35}, 'shopId': 710}, {'goodsList': [{'goodsImg': 'http://210.22.139.138:58803/myapp/uploads/attach/201904/d1/791739b0b7cf40aab268e34d07f4237d.jpg', 'goodsId': 3581, 'count': 6, 'isMarketable': 1, 'facId': 42, 'shopName': '王猛五金厂', 'agentDiscount': 0.5, 'prodType': 0, 'thisGoodsModel': '', 'modelName': 'DD_00001', 'specNames': None, 'goodsPointPrice': 0.0, 'goodsPrice': 99.0, 'thisGoodsAttr': ['200M', '室内', '红'], 'storeName': None, 'id': 14520, 'shopId': 721, 'stock': 999999970, 'goodsName': '灯灯灯灯灯灯灯'}], 'shopName': '王猛五金厂', 'facId': {'factory_id': 42}, 'shopId': 721}], 'success': True}
2019-06-11 13:32:49,393 test3_查询购物车.py[line:62] INFO 执行SQL查询:SELECT sum(count) from t_shopping_cart where member_id = (SELECT id from t_member where member_id = '15500000000') and is_buy = '0'
2019-06-11 13:32:49,554 test3_查询购物车.py[line:67] INFO 查询购物车成功
2019-06-11 13:32:49,588 test3_查询购物车.py[line:72] INFO 查看购物车接口测试结果:用例总数1条，其中通过用例1条，失败用例0条
2019-06-11 13:32:49,621 test3_添加地址.py[line:22] INFO 本次接口测试请求地址为：http://192.168.3.214:8802/zlead/memaddr/addOrUpdateMemberAddress

2019-06-11 13:32:49,704 test3_添加地址.py[line:53] INFO 获取cookie成功，cookies=<RequestsCookieJar[<Cookie JSESSIONID=BFC1F20095F898F9E30069748277B22C for 192.168.3.214/>]>
2019-06-11 13:32:49,793 test3_添加地址.py[line:55] INFO 登录成功
2019-06-11 13:32:49,830 test3_添加地址.py[line:60] INFO 第1条用例"添加购物车成功"开始执行
2019-06-11 13:32:49,846 test3_添加地址.py[line:65] INFO 请求数据:{'memberName': '徐徐', 'phone': '13100000000', 'provinceName': '上海市', 'cityName': '市辖区', 'countyName': '黄浦区', 'detailAddress': '泛太平洋大厦', 'isDefault': '1', 'type': '1'}
2019-06-11 13:32:49,915 test3_添加地址.py[line:69] INFO 返回数据:{"code":1,"message":"地址添加成功！","data":"","success":true}
2019-06-11 13:32:49,943 test3_添加地址.py[line:74] INFO 地址添加成功！
2019-06-11 13:32:49,973 test3_添加地址.py[line:79] INFO 第1条用例执行结束，执行结果:通过!

2019-06-11 13:32:49,999 test3_添加地址.py[line:92] INFO 添加地址模块测试结果:用例总数1其中通过用例1条，失败用例0条
2019-06-11 13:32:50,057 test3_立即购买商品详情页.py[line:19] INFO 本次接口测试请求地址为：http://192.168.3.214:8802//zlead/order/newConfirmOrder

2019-06-11 13:32:50,231 test3_立即购买商品详情页.py[line:47] INFO 第1条用例"提交订单成功"开始执行
2019-06-11 13:32:50,243 test3_立即购买商品详情页.py[line:50] INFO 请求数据:{'goodsId': 3511, 'buyNum': 1}
2019-06-11 13:32:50,271 test3_立即购买商品详情页.py[line:55] INFO 返回数据:{'code': 4, 'message': '库存不足，无法购买', 'data': '', 'success': False}
2019-06-11 13:32:50,289 test3_立即购买商品详情页.py[line:67] INFO 第1条用例执行结束，执行结果:失败
2019-06-11 13:32:50,302 test3_立即购买商品详情页.py[line:47] INFO 第2条用例"提交订单成功"开始执行
2019-06-11 13:32:50,316 test3_立即购买商品详情页.py[line:50] INFO 请求数据:{'goodsId': 3511, 'buyNum': 1}
2019-06-11 13:32:50,342 test3_立即购买商品详情页.py[line:55] INFO 返回数据:{'code': 4, 'message': '库存不足，无法购买', 'data': '', 'success': False}
2019-06-11 13:32:50,361 test3_立即购买商品详情页.py[line:67] INFO 第2条用例执行结束，执行结果:失败
2019-06-11 13:32:50,378 test3_立即购买商品详情页.py[line:70] INFO 立即购买(商品详情)接口测试结果:用例总数2条，其中通过用例0条，失败用例2条
2019-06-11 13:32:50,393 test3_购物车流程.py[line:21] INFO 本次接口测试请求地址为：http://192.168.3.214:8802//zlead/shopcart/deleteShoppingCart

2019-06-11 13:32:50,410 test3_购物车流程.py[line:35] INFO 开始登录
2019-06-11 13:32:50,441 test3_购物车流程.py[line:39] INFO 请求数据信息为：{'account': '15500000000', 'password': '111111'}
2019-06-11 13:32:50,514 test3_购物车流程.py[line:41] INFO 返回数据信息为：{'code': 1, 'message': '登录成功', 'data': {'headImg': None, 'memberType': 3, 'memberId': 2723, 'username': '15500000000'}, 'success': True}
2019-06-11 13:32:50,587 test3_购物车流程.py[line:44] INFO 登录成功
2019-06-11 13:32:50,600 test3_购物车流程.py[line:48] INFO 加入购物车开始
2019-06-11 13:32:50,670 test3_购物车流程.py[line:54] INFO 添加购物车成功
2019-06-11 13:32:50,680 test3_购物车流程.py[line:59] INFO 查询购物车开始
2019-06-11 13:32:50,770 test3_购物车流程.py[line:61] INFO 返回数据:{'code': 1, 'message': '返回购物车信息!', 'data': [{'goodsList': [{'goodsImg': 'http://210.22.139.138:58803/myapp/uploads/attach/201904/d2/0f9158d4d7654ce8a723810ad2ce2108.jpg', 'goodsId': 3748, 'count': 1, 'isMarketable': 1, 'facId': 43, 'shopName': '施勤丰五金厂商城', 'agentDiscount': 0.6, 'prodType': 0, 'thisGoodsModel': '', 'modelName': '重口味', 'specNames': None, 'goodsPointPrice': 0.0, 'goodsPrice': 6.6, 'thisGoodsAttr': ['200', '黑'], 'storeName': None, 'id': 14521, 'shopId': 722, 'stock': 138, 'goodsName': '天业乐哈哈后来就好了回来后回来了回来了呵'}], 'shopName': '施勤丰五金厂', 'facId': {'factory_id': 43}, 'shopId': 722}, {'goodsList': [{'goodsImg': 'http://210.22.139.138:58803/myapp/uploads/attach/201904/d1/7038e72a94d142f4983ba78b86c76beb.jpg', 'goodsId': 3423, 'count': 1, 'isMarketable': 1, 'facId': 35, 'shopName': '龙华建材经销公司商城', 'agentDiscount': 0.5, 'prodType': 0, 'thisGoodsModel': '', 'modelName': '网络特供110', 'specNames': '19*19', 'goodsPointPrice': 0.0, 'goodsPrice': 10.0, 'thisGoodsAttr': ['黄'], 'storeName': None, 'id': 14437, 'shopId': 710, 'stock': 10, 'goodsName': '金刚石小锯片锋利耐磨云石片波纹型瓷砖大理'}], 'shopName': '龙华建材经销公司', 'facId': {'factory_id': 35}, 'shopId': 710}, {'goodsList': [{'goodsImg': 'http://210.22.139.138:58803/myapp/uploads/attach/201904/d1/791739b0b7cf40aab268e34d07f4237d.jpg', 'goodsId': 3581, 'count': 6, 'isMarketable': 1, 'facId': 42, 'shopName': '王猛五金厂', 'agentDiscount': 0.5, 'prodType': 0, 'thisGoodsModel': '', 'modelName': 'DD_00001', 'specNames': None, 'goodsPointPrice': 0.0, 'goodsPrice': 99.0, 'thisGoodsAttr': ['200M', '室内', '红'], 'storeName': None, 'id': 14520, 'shopId': 721, 'stock': 999999970, 'goodsName': '灯灯灯灯灯灯灯'}], 'shopName': '王猛五金厂', 'facId': {'factory_id': 42}, 'shopId': 721}], 'success': True}
2019-06-11 13:32:50,915 test3_购物车流程.py[line:66] INFO 查询购物车成功
2019-06-11 13:32:50,952 test3_购物车流程.py[line:70] INFO 删除购物车开始
2019-06-11 13:32:50,995 test3_购物车流程.py[line:72] INFO 返回数据信息为：{'code': 1, 'message': '删除购物车成功', 'data': '', 'success': True}
2019-06-11 13:32:51,037 test3_购物车流程.py[line:74] INFO 删除购物车开始
2019-06-11 13:32:51,078 test3_购物车流程.py[line:81] INFO 删除购物车接口测试结果:用例总数1条，其中通过用例1条，失败用例0条
2019-06-11 13:32:51,120 test9_加入购物车.py[line:21] INFO 本次接口测试请求地址为：http://192.168.3.214:8802/zlead/shopcart/addShoppingCart

2019-06-11 13:32:51,227 test9_加入购物车.py[line:47] INFO 获取cookie成功，cookies=<RequestsCookieJar[<Cookie JSESSIONID=E11D1233C47456F1AAD2F4987CDA2EA0 for 192.168.3.214/>]>
2019-06-11 13:32:51,321 test9_加入购物车.py[line:49] INFO 登录成功
2019-06-11 13:32:51,365 test9_加入购物车.py[line:54] INFO 第1条用例"添加购物车成功"开始执行
2019-06-11 13:32:51,408 test9_加入购物车.py[line:58] INFO 请求数据:{'goodsId': '3581', 'count': '1', 'buyType': '0'}
2019-06-11 13:32:51,469 test9_加入购物车.py[line:62] INFO 返回数据:{'code': 1, 'message': '添加购物车成功！', 'data': '', 'success': True}
2019-06-11 13:32:51,509 test9_加入购物车.py[line:66] INFO 添加购物车成功！
2019-06-11 13:32:51,539 test9_加入购物车.py[line:70] INFO 第1条用例执行结束，执行结果:通过!

2019-06-11 13:32:51,568 test9_加入购物车.py[line:54] INFO 第2条用例"添加购物车失败"开始执行
2019-06-11 13:32:51,632 test9_加入购物车.py[line:58] INFO 请求数据:{'goodsId': '4102', 'count': '10', 'buyType': '0'}
2019-06-11 13:32:51,692 test9_加入购物车.py[line:62] INFO 返回数据:{'code': 2, 'message': '库存不足，无法加入购物车', 'data': '', 'success': False}
2019-06-11 13:32:51,731 test9_加入购物车.py[line:66] INFO 库存不足，无法加入购物车
2019-06-11 13:32:51,773 test9_加入购物车.py[line:70] INFO 第2条用例执行结束，执行结果:通过!

2019-06-11 13:32:51,784 test9_加入购物车.py[line:104] INFO 加入购物车模块测试结果:用例总数2其中通过用例2条，失败用例0条
