2019-06-13 15:30:53,769 test1_注册.py[line:16] INFO 本次接口测试请求地址为：http://192.168.3.214:8801/zlead/member/registered

2019-06-13 15:30:53,789 test1_注册.py[line:38] INFO 第1条用例"用户名和密码正确"开始执行
2019-06-13 15:30:53,807 test1_注册.py[line:41] INFO 请求数据:{'phone': '19612121211', 'passWord': '111111', 'companyName': 'test', 'verifyCode': '111111'}
2019-06-13 15:30:53,828 test1_注册.py[line:44] INFO 返回数据:{'code': 2, 'message': '验证码校验失败', 'data': '', 'success': False}
2019-06-13 15:30:53,852 test1_注册.py[line:53] INFO 第1条用例执行结束，执行结果:通过!

2019-06-13 15:30:53,867 test1_注册.py[line:60] INFO 登录接口测试结果:用例总数[1]条，其中通过用例[1]条，失败用例[]条
2019-06-13 15:30:53,884 test2_登录_商城端.py[line:19] INFO 本次接口测试请求地址为：http://192.168.3.214:8801/zlead/member/login

2019-06-13 15:30:53,950 test2_登录_商城端.py[line:40] INFO 第1条用例"用户名和密码正确"开始执行
2019-06-13 15:30:53,963 test2_登录_商城端.py[line:42] INFO 请求数据:{'account': '15500000000', 'password': '111111'}
2019-06-13 15:30:53,983 test2_登录_商城端.py[line:44] INFO 返回数据:{'code': 1, 'message': '登录成功', 'data': {'headImg': None, 'memberType': 3, 'memberId': 2723, 'username': '15500000000'}, 'success': True}
2019-06-13 15:30:54,007 test2_登录_商城端.py[line:51] INFO 第1条用例执行结束，执行结果:通过!

2019-06-13 15:30:54,022 test2_登录_商城端.py[line:40] INFO 第2条用例"用户名错误"开始执行
2019-06-13 15:30:54,039 test2_登录_商城端.py[line:42] INFO 请求数据:{'account': '15500000001', 'password': '111111'}
2019-06-13 15:30:54,065 test2_登录_商城端.py[line:44] INFO 返回数据:{'code': 2, 'message': '登录用户不存在', 'data': '', 'success': False}
2019-06-13 15:30:54,088 test2_登录_商城端.py[line:51] INFO 第2条用例执行结束，执行结果:通过!

2019-06-13 15:30:54,119 test2_登录_商城端.py[line:40] INFO 第3条用例"密码错误"开始执行
2019-06-13 15:30:54,133 test2_登录_商城端.py[line:42] INFO 请求数据:{'account': '15500000000', 'password': '111112'}
2019-06-13 15:30:54,156 test2_登录_商城端.py[line:44] INFO 返回数据:{'code': 2, 'message': '密码错误', 'data': '', 'success': False}
2019-06-13 15:30:54,180 test2_登录_商城端.py[line:51] INFO 第3条用例执行结束，执行结果:通过!

2019-06-13 15:30:54,196 test2_登录_商城端.py[line:40] INFO 第4条用例"用户名为10位"开始执行
2019-06-13 15:30:54,212 test2_登录_商城端.py[line:42] INFO 请求数据:{'account': '1550010000', 'password': '111111'}
2019-06-13 15:30:54,233 test2_登录_商城端.py[line:44] INFO 返回数据:{'code': 2, 'message': '登录用户不存在', 'data': '', 'success': False}
2019-06-13 15:30:54,259 test2_登录_商城端.py[line:51] INFO 第4条用例执行结束，执行结果:通过!

2019-06-13 15:30:54,275 test2_登录_商城端.py[line:40] INFO 第5条用例"用户名为11位"开始执行
2019-06-13 15:30:54,290 test2_登录_商城端.py[line:42] INFO 请求数据:{'account': '155000000000', 'password': '111111'}
2019-06-13 15:30:54,312 test2_登录_商城端.py[line:44] INFO 返回数据:{'code': 2, 'message': '登录用户不存在', 'data': '', 'success': False}
2019-06-13 15:30:54,337 test2_登录_商城端.py[line:51] INFO 第5条用例执行结束，执行结果:通过!

2019-06-13 15:30:54,352 test2_登录_商城端.py[line:40] INFO 第6条用例"用户名为空"开始执行
2019-06-13 15:30:54,367 test2_登录_商城端.py[line:42] INFO 请求数据:{'account': 'None', 'password': '111111'}
2019-06-13 15:30:54,390 test2_登录_商城端.py[line:44] INFO 返回数据:{'code': 2, 'message': '登录用户不存在', 'data': '', 'success': False}
2019-06-13 15:30:54,416 test2_登录_商城端.py[line:51] INFO 第6条用例执行结束，执行结果:通过!

2019-06-13 15:30:54,433 test2_登录_商城端.py[line:40] INFO 第7条用例"密码为空"开始执行
2019-06-13 15:30:54,449 test2_登录_商城端.py[line:42] INFO 请求数据:{'account': '15500000000', 'password': 'None'}
2019-06-13 15:30:54,471 test2_登录_商城端.py[line:44] INFO 返回数据:{'code': 2, 'message': '密码错误', 'data': '', 'success': False}
2019-06-13 15:30:54,499 test2_登录_商城端.py[line:51] INFO 第7条用例执行结束，执行结果:通过!

2019-06-13 15:30:54,515 test2_登录_商城端.py[line:40] INFO 第8条用例"用户名和密码正确"开始执行
2019-06-13 15:30:54,532 test2_登录_商城端.py[line:42] INFO 请求数据:{'account': '15500000000', 'password': '111111'}
2019-06-13 15:30:54,555 test2_登录_商城端.py[line:44] INFO 返回数据:{'code': 1, 'message': '登录成功', 'data': {'headImg': None, 'memberType': 3, 'memberId': 2723, 'username': '15500000000'}, 'success': True}
2019-06-13 15:30:54,581 test2_登录_商城端.py[line:51] INFO 第8条用例执行结束，执行结果:通过!

2019-06-13 15:30:54,597 test2_登录_商城端.py[line:59] INFO 登录接口测试结果:用例总数8条，其中通过用例8条，失败用例0条
2019-06-13 15:30:54,615 test2_登录_工厂PC端.py[line:22] INFO 本次接口测试请求地址为：http://192.168.3.214:8803//zlead/login.do

2019-06-13 15:30:54,683 test2_登录_工厂PC端.py[line:45] INFO 登录URL：http://192.168.3.214:8803//zlead/login.do
2019-06-13 15:30:54,757 test2_登录_工厂PC端.py[line:49] INFO 第1条用例"用户名和密码正确"开始执行
2019-06-13 15:30:54,769 test2_登录_工厂PC端.py[line:51] INFO 请求数据:{'loginName': '12345678901', 'userPwd': '96e79218965eb72c92a549dd5a330112', 'tid': '84c3ed16050f4f5e9a01f8f3870f923b', 'rdmCode': ''}
2019-06-13 15:30:54,804 test2_登录_工厂PC端.py[line:53] INFO 返回数据:{'state': True, 'data': 'd822c0df2eca494e7d08bdcb73409545e37cc207'}
2019-06-13 15:30:54,826 test2_登录_工厂PC端.py[line:57] INFO True
2019-06-13 15:30:54,839 test2_登录_工厂PC端.py[line:58] INFO True
2019-06-13 15:30:54,857 test2_登录_工厂PC端.py[line:62] INFO 第1条用例执行结束，执行结果:通过!

2019-06-13 15:30:54,873 test2_登录_工厂PC端.py[line:70] INFO 登录接口测试结果:用例总数1条，其中通过用例1条，失败用例0条
2019-06-13 15:30:54,928 test3_上传凭证.py[line:19] INFO 本次接口测试请求地址为：http://192.168.3.214:8801//zlead/order/addOrder

2019-06-13 15:30:54,962 test3_上传凭证.py[line:49] INFO 第1条用例"提交订单成功"开始执行
2019-06-13 15:30:54,992 test3_上传凭证.py[line:52] INFO 请求数据:{'goodsId': '3581', 'buyNum': '1', 'buyType': '1', 'addressId': '1638', 'storeBuyType': '1', 'orderType': '0'}
2019-06-13 15:30:55,095 test3_上传凭证.py[line:54] INFO 返回数据:{'code': 1, 'message': '提交订单成功', 'data': {'orderType': 0, 'orderId': 50004771, 'orderSn': '201906139177'}, 'success': True}
2019-06-13 15:30:55,159 test3_上传凭证.py[line:57] INFO 预期结果：提交订单成功
2019-06-13 15:30:55,179 test3_上传凭证.py[line:62] INFO 第1条用例执行结束，执行结果:通过!

2019-06-13 15:30:55,194 test3_上传凭证.py[line:72] INFO 添加凭证请求数据:{'amount': '11', 'img': 'http://139.224.113.24/group1/M00/00/06/rBN_h10As6SAYuhoAAEMazy6pHc589.jpg', 'payType': '1', 'payTime': '2019/06/12', 'payRemar': '11', 'orderIds': 50004771}
2019-06-13 15:30:55,254 test3_上传凭证.py[line:76] INFO 添加凭证成功
2019-06-13 15:30:55,268 test3_上传凭证.py[line:82] INFO 登录、提交订单、上传凭证流程测试结果:用例总数1条，其中通过用例1条，失败用例0条
2019-06-13 15:30:55,285 test3_发送验证码.py[line:18] INFO 本次接口测试请求地址为：http://192.168.3.214:8801/zlead/member/sendVerifyCode

2019-06-13 15:30:55,305 test3_发送验证码.py[line:39] INFO 第1条用例"发送验证码成功"执行开始
2019-06-13 15:30:55,321 test3_发送验证码.py[line:41] INFO 发出请求数据：http://192.168.3.214:8801/zlead/member/sendVerifyCode{'phone': '15500000000'}
2019-06-13 15:30:55,558 test3_发送验证码.py[line:43] INFO 返回请求数据：{'code': 1, 'message': '验证码发送成功', 'data': '', 'success': True}
2019-06-13 15:30:55,608 test3_发送验证码.py[line:47] INFO 第1条用例执行结束，执行结果:通过!

2019-06-13 15:30:55,628 test3_发送验证码.py[line:55] INFO 发送验证码接口测试结果:用例总数1条，其中通过用例1条，失败用例0条
2019-06-13 15:30:55,655 test3_地址流程.py[line:33] INFO 获取cookie成功，cookies=<RequestsCookieJar[<Cookie JSESSIONID=EDC9FEFAFF391FA7F8C28B0835926089 for 192.168.3.214/>]>
2019-06-13 15:30:55,672 test3_地址流程.py[line:35] INFO 登录成功
2019-06-13 15:30:55,686 test3_地址流程.py[line:39] INFO 添加地址开始
2019-06-13 15:30:55,701 test3_地址流程.py[line:41] INFO 添加地址请求数据:{'memberName': 'testxu', 'phone': '1311111111', 'provinceName': '上海市', 'cityName': '市辖区', 'countyName': '黄浦区', 'detailAddress': '泛太平洋大厦', 'isDefault': 1, 'type': 1}
2019-06-13 15:30:55,769 test3_地址流程.py[line:44] INFO 添加地址返回数据:{"code":1,"message":"地址添加成功！","data":"","success":true}
2019-06-13 15:30:55,790 test3_地址流程.py[line:46] INFO 添加地址结束，测试结果为：成功
2019-06-13 15:30:55,806 test3_地址流程.py[line:64] INFO 查询地址开始
2019-06-13 15:30:55,821 test3_地址流程.py[line:66] INFO 请求数据为：http://192.168.3.214:8801/zlead/memaddr/getAllAgentAddress
2019-06-13 15:30:55,872 test3_地址流程.py[line:68] INFO 查询地址返回数据为：{'code': 1, 'message': '地址列表', 'data': {'0': [{'id': 2080, 'memberId': 2723, 'memberName': 'testxu', 'phone': '1311111111', 'address': '泛太平洋大厦', 'isDefault': 1, 'isFact': 0, 'factId': 0, 'factName': '', 'provinceName': '上海市', 'cityName': '市辖区', 'regionName': '黄浦区'}, {'id': 1046, 'memberId': 2723, 'memberName': '赵敏敏', 'phone': '15500000000', 'address': '订单', 'isDefault': 0, 'isFact': 0, 'factId': 0, 'factName': None, 'provinceName': '河北省', 'cityName': '石家庄市', 'regionName': '灵寿县'}, {'id': 1080, 'memberId': 2723, 'memberName': '张三丰', 'phone': '18662467587', 'address': '北京西路', 'isDefault': 0, 'isFact': 0, 'factId': 0, 'factName': None, 'provinceName': '上海市', 'cityName': '市辖区', 'regionName': '黄浦区'}, {'id': 1255, 'memberId': 2723, 'memberName': '袁文', 'phone': '18662467587', 'address': '对对对', 'isDefault': 0, 'isFact': 0, 'factId': 0, 'factName': None, 'provinceName': '上海市', 'cityName': '县', 'regionName': '崇明县'}, {'id': 1258, 'memberId': 2723, 'memberName': '涣汗大号11111111111111111111111111111111111111111111111111111111111111111111111111111111', 'phone': '15516779923', 'address': '订单', 'isDefault': 0, 'isFact': 0, 'factId': 0, 'factName': None, 'provinceName': '广东省', 'cityName': '广州市', 'regionName': '市辖区'}, {'id': 1282, 'memberId': 2723, 'memberName': '与UU回家结婚回家就看呵呵姐姐姐姐姐姐姐姐姐姐姐姐姐姐姐姐家', 'phone': '15555555555', 'address': '订单', 'isDefault': 0, 'isFact': 0, 'factId': 0, 'factName': None, 'provinceName': '湖南省', 'cityName': '长沙市', 'regionName': '市辖区'}, {'id': 1398, 'memberId': 2723, 'memberName': 'sdddddddddddddddddddddddddddddfffffffffffffffffffffffffffffffff', 'phone': '15555555555', 'address': '对对对', 'isDefault': 0, 'isFact': 0, 'factId': 0, 'factName': None, 'provinceName': '河南省', 'cityName': '郑州市', 'regionName': '市辖区'}, {'id': 1399, 'memberId': 2723, 'memberName': 'sdddddddddddddddddddddddddddddfffffffffffffffffffffffffffffffff', 'phone': '15555555555', 'address': '对对对', 'isDefault': 0, 'isFact': 0, 'factId': 0, 'factName': None, 'provinceName': '河南省', 'cityName': '郑州市', 'regionName': '市辖区'}, {'id': 1428, 'memberId': 2723, 'memberName': 'vfffffffff', 'phone': '11554455555', 'address': 'fffff', 'isDefault': 0, 'isFact': 0, 'factId': 0, 'factName': None, 'provinceName': '湖北省', 'cityName': '武汉市', 'regionName': '市辖区'}, {'id': 1451, 'memberId': 2723, 'memberName': '对对对大大大大大大大', 'phone': '11111111111', 'address': '对对对大大大大大大大大大大大大大大大大大', 'isDefault': 0, 'isFact': 0, 'factId': 0, 'factName': None, 'provinceName': '湖南省', 'cityName': '长沙市', 'regionName': '市辖区'}, {'id': 1637, 'memberId': 2723, 'memberName': '徐培庆', 'phone': '17621463842', 'address': 'dsafsafdsaf', 'isDefault': 0, 'isFact': 0, 'factId': 0, 'factName': None, 'provinceName': '北京市', 'cityName': '市辖区', 'regionName': '东城区'}, {'id': 2055, 'memberId': 2723, 'memberName': 'testxu1', 'phone': '1311111111', 'address': '泛太平洋大厦', 'isDefault': 0, 'isFact': 0, 'factId': 0, 'factName': None, 'provinceName': '上海市', 'cityName': '市辖区', 'regionName': '黄浦区'}, {'id': 2067, 'memberId': 2723, 'memberName': 'testxu', 'phone': '1311111111', 'address': '泛太平洋大厦', 'isDefault': 0, 'isFact': 0, 'factId': 0, 'factName': None, 'provinceName': '上海市', 'cityName': '市辖区', 'regionName': '黄浦区'}, {'id': 2069, 'memberId': 2723, 'memberName': 'testxu', 'phone': '1311111111', 'address': '泛太平洋大厦', 'isDefault': 0, 'isFact': 0, 'factId': 0, 'factName': None, 'provinceName': '上海市', 'cityName': '市辖区', 'regionName': '黄浦区'}, {'id': 2071, 'memberId': 2723, 'memberName': 'testxu', 'phone': '1311111111', 'address': '泛太平洋大厦', 'isDefault': 0, 'isFact': 0, 'factId': 0, 'factName': None, 'provinceName': '上海市', 'cityName': '市辖区', 'regionName': '黄浦区'}, {'id': 2074, 'memberId': 2723, 'memberName': 'testxu', 'phone': '1311111111', 'address': '泛太平洋大厦', 'isDefault': 0, 'isFact': 0, 'factId': 0, 'factName': None, 'provinceName': '上海市', 'cityName': '市辖区', 'regionName': '黄浦区'}, {'id': 2076, 'memberId': 2723, 'memberName': 'testxu', 'phone': '1311111111', 'address': '泛太平洋大厦', 'isDefault': 0, 'isFact': 0, 'factId': 0, 'factName': None, 'provinceName': '上海市', 'cityName': '市辖区', 'regionName': '黄浦区'}, {'id': 2078, 'memberId': 2723, 'memberName': 'testxu', 'phone': '1311111111', 'address': '泛太平洋大厦', 'isDefault': 0, 'isFact': 0, 'factId': 0, 'factName': None, 'provinceName': '上海市', 'cityName': '市辖区', 'regionName': '黄浦区'}, {'id': 2079, 'memberId': 2723, 'memberName': '徐徐', 'phone': '13100000000', 'address': '泛太平洋大厦', 'isDefault': 0, 'isFact': 0, 'factId': 0, 'factName': None, 'provinceName': '上海市', 'cityName': '市辖区', 'regionName': '黄浦区'}], '42': [{'id': 1545, 'memberId': 2723, 'memberName': '老赵', 'phone': '15500000000', 'address': '问问', 'isDefault': 0, 'isFact': 1, 'factId': 42, 'factName': '王猛五金厂', 'provinceName': '北京市', 'cityName': '县', 'regionName': '密云县'}], '43': [{'id': 1694, 'memberId': 2723, 'memberName': '', 'phone': '', 'address': '果皮', 'isDefault': 0, 'isFact': 1, 'factId': 43, 'factName': '施勤丰五金厂', 'provinceName': '天津市', 'cityName': '市辖区', 'regionName': '和平区'}]}, 'success': True}
2019-06-13 15:30:56,200 test3_地址流程.py[line:70] INFO 查询地址结束，测试结果为：成功
2019-06-13 15:30:56,655 test3_地址流程.py[line:77] INFO 更新地址开始
2019-06-13 15:30:56,916 test3_地址流程.py[line:79] INFO 更新地址请求数据:{'addressId': 2079, 'memberName': 'testxu1', 'phone': '1311111111', 'provinceName': '上海市', 'cityName': '市辖区', 'countyName': '黄浦区', 'detailAddress': '泛太平洋大厦', 'isDefault': 1, 'type': 2}
2019-06-13 15:30:57,188 test3_地址流程.py[line:81] INFO 更新地址返回数据为：{"code":1,"message":"地址修改成功！","data":"","success":true}
2019-06-13 15:30:57,393 test3_地址流程.py[line:83] INFO 更新地址结束，测试结果为：成功
2019-06-13 15:30:57,592 test3_地址流程.py[line:89] INFO 删除地址开始
2019-06-13 15:30:57,703 test3_地址流程.py[line:92] INFO 删除地址返回数据：{'code': 1, 'message': '地址删除成功！', 'data': '', 'success': True}
2019-06-13 15:30:57,805 test3_地址流程.py[line:94] INFO 删除地址结束，测试结果为：成功
2019-06-13 15:30:57,912 test3_地址流程.py[line:103] INFO 登录、添加、查询、修改、删除地址流程测试结果:用例总数1其中通过用例1条，失败用例0条
2019-06-13 15:30:58,262 test3_提交订单.py[line:19] INFO 本次接口测试请求地址为：http://192.168.3.214:8801//zlead/order/addOrder

2019-06-13 15:30:58,396 test3_提交订单.py[line:49] INFO 第1条用例"提交订单成功"开始执行
2019-06-13 15:30:58,520 test3_提交订单.py[line:52] INFO 请求数据:{'goodsId': '3581', 'buyNum': '1', 'buyType': '1', 'addressId': '1638', 'storeBuyType': '1', 'orderType': '0'}
2019-06-13 15:30:58,680 test3_提交订单.py[line:54] INFO 返回数据:{'code': 1, 'message': '提交订单成功', 'data': {'orderType': 0, 'orderId': 50004772, 'orderSn': '201906131933'}, 'success': True}
2019-06-13 15:30:58,817 test3_提交订单.py[line:57] INFO 预期结果：提交订单成功
2019-06-13 15:30:58,955 test3_提交订单.py[line:61] INFO 第1条用例执行结束，执行结果:通过!

2019-06-13 15:30:59,227 test3_提交订单.py[line:49] INFO 第2条用例"提交订单成功"开始执行
2019-06-13 15:30:59,242 test3_提交订单.py[line:52] INFO 请求数据:{'goodsId': '3581', 'buyNum': '1', 'buyType': '1', 'addressId': '1638', 'storeBuyType': '1', 'orderType': '0'}
2019-06-13 15:30:59,286 test3_提交订单.py[line:54] INFO 返回数据:{'code': 1, 'message': '提交订单成功', 'data': {'orderType': 0, 'orderId': 50004773, 'orderSn': '201906135243'}, 'success': True}
2019-06-13 15:30:59,310 test3_提交订单.py[line:57] INFO 预期结果：提交订单成功
2019-06-13 15:30:59,332 test3_提交订单.py[line:61] INFO 第2条用例执行结束，执行结果:通过!

2019-06-13 15:30:59,363 test3_提交订单.py[line:71] INFO 提交订单接口测试结果:用例总数1条，其中通过用例1条，失败用例0条
2019-06-13 15:30:59,378 test3_查询购物车.py[line:19] INFO 本次接口测试请求地址为：http://192.168.3.214:8801/zlead/shopcart/shoppingCartGoods

2019-06-13 15:30:59,463 test3_查询购物车.py[line:52] INFO 请求数据:{'code': 1, 'message': '返回购物车信息!', 'data': [{'goodsList': [{'goodsImg': 'http://210.22.139.138:58803/myapp/uploads/attach/201904/d1/7038e72a94d142f4983ba78b86c76beb.jpg', 'goodsId': 3423, 'count': 1, 'isMarketable': 1, 'facId': 35, 'shopName': '龙华建材经销公司商城', 'agentDiscount': 0.5, 'prodType': 0, 'thisGoodsModel': '', 'modelName': '网络特供110', 'specNames': '19*19', 'goodsPointPrice': 0.0, 'goodsPrice': 10.0, 'thisGoodsAttr': ['黄'], 'storeName': None, 'id': 14437, 'shopId': 710, 'stock': 10, 'goodsName': '金刚石小锯片锋利耐磨云石片波纹型瓷砖大理'}], 'shopName': '龙华建材经销公司', 'facId': {'factory_id': 35}, 'shopId': 710}, {'goodsList': [{'goodsImg': 'http://210.22.139.138:58803/myapp/uploads/attach/201904/d1/791739b0b7cf40aab268e34d07f4237d.jpg', 'goodsId': 3581, 'count': 16, 'isMarketable': 1, 'facId': 42, 'shopName': '王猛五金厂', 'agentDiscount': 0.5, 'prodType': 0, 'thisGoodsModel': '', 'modelName': 'DD_00001', 'specNames': None, 'goodsPointPrice': 0.0, 'goodsPrice': 99.0, 'thisGoodsAttr': ['200M', '室内', '红'], 'storeName': None, 'id': 14549, 'shopId': 721, 'stock': 999999930, 'goodsName': '灯灯灯灯灯灯灯'}], 'shopName': '王猛五金厂', 'facId': {'factory_id': 42}, 'shopId': 721}], 'success': True}
2019-06-13 15:30:59,634 test3_查询购物车.py[line:62] INFO 执行SQL查询:SELECT sum(count) from t_shopping_cart where member_id = (SELECT id from t_member where member_id = '15500000000') and is_buy = '0'
2019-06-13 15:30:59,782 test3_查询购物车.py[line:67] INFO 查询购物车成功
2019-06-13 15:30:59,815 test3_查询购物车.py[line:72] INFO 查看购物车接口测试结果:用例总数1条，其中通过用例1条，失败用例0条
2019-06-13 15:30:59,850 test3_添加地址.py[line:22] INFO 本次接口测试请求地址为：http://192.168.3.214:8801/zlead/memaddr/addOrUpdateMemberAddress

2019-06-13 15:30:59,878 test3_添加地址.py[line:53] INFO 获取cookie成功，cookies=<RequestsCookieJar[<Cookie JSESSIONID=982ADDB6858890E6E435766A13AECE35 for 192.168.3.214/>]>
2019-06-13 15:30:59,899 test3_添加地址.py[line:55] INFO 登录成功
2019-06-13 15:30:59,934 test3_添加地址.py[line:60] INFO 第1条用例"添加购物车成功"开始执行
2019-06-13 15:30:59,951 test3_添加地址.py[line:65] INFO 请求数据:{'memberName': '徐徐', 'phone': '13100000000', 'provinceName': '上海市', 'cityName': '市辖区', 'countyName': '黄浦区', 'detailAddress': '泛太平洋大厦', 'isDefault': '1', 'type': '1'}
2019-06-13 15:31:00,037 test3_添加地址.py[line:69] INFO 返回数据:{"code":1,"message":"地址添加成功！","data":"","success":true}
2019-06-13 15:31:00,179 test3_添加地址.py[line:74] INFO 地址添加成功！
2019-06-13 15:31:00,227 test3_添加地址.py[line:79] INFO 第1条用例执行结束，执行结果:通过!

2019-06-13 15:31:00,255 test3_添加地址.py[line:92] INFO 添加地址模块测试结果:用例总数1其中通过用例1条，失败用例0条
