2019-06-11 11:44:51,523 test2_登录_商城端.py[line:19] INFO 本次接口测试请求地址为：http://192.168.3.214:8802/zlead/member/login

2019-06-11 11:44:51,533 test2_登录_商城端.py[line:40] INFO 第1条用例"用户名和密码正确"开始执行
2019-06-11 11:44:51,535 test2_登录_商城端.py[line:42] INFO 请求数据:{'account': '15500000000', 'password': '111111'}
2019-06-11 11:44:51,603 test2_登录_商城端.py[line:44] INFO 返回数据:{'code': 1, 'message': '登录成功', 'data': {'headImg': None, 'memberType': 3, 'memberId': 2723, 'username': '15500000000'}, 'success': True}
2019-06-11 11:44:51,676 test2_登录_商城端.py[line:51] INFO 第1条用例执行结束，执行结果:通过!

2019-06-11 11:44:51,701 test2_登录_商城端.py[line:40] INFO 第2条用例"用户名错误"开始执行
2019-06-11 11:44:51,721 test2_登录_商城端.py[line:42] INFO 请求数据:{'account': '15500000001', 'password': '111111'}
2019-06-11 11:44:51,798 test2_登录_商城端.py[line:44] INFO 返回数据:{'code': 2, 'message': '登录用户不存在', 'data': '', 'success': False}
2019-06-11 11:44:51,901 test2_登录_商城端.py[line:51] INFO 第2条用例执行结束，执行结果:通过!

2019-06-11 11:44:51,932 test2_登录_商城端.py[line:40] INFO 第3条用例"密码错误"开始执行
2019-06-11 11:44:51,952 test2_登录_商城端.py[line:42] INFO 请求数据:{'account': '15500000000', 'password': '111112'}
2019-06-11 11:44:52,031 test2_登录_商城端.py[line:44] INFO 返回数据:{'code': 2, 'message': '用户名或密码错误', 'data': '', 'success': False}
2019-06-11 11:44:52,135 test2_登录_商城端.py[line:51] INFO 第3条用例执行结束，执行结果:通过!

2019-06-11 11:44:52,154 test2_登录_商城端.py[line:40] INFO 第4条用例"用户名为10位"开始执行
2019-06-11 11:44:52,168 test2_登录_商城端.py[line:42] INFO 请求数据:{'account': '1550010000', 'password': '111111'}
2019-06-11 11:44:52,241 test2_登录_商城端.py[line:44] INFO 返回数据:{'code': 2, 'message': '登录用户不存在', 'data': '', 'success': False}
2019-06-11 11:44:52,348 test2_登录_商城端.py[line:51] INFO 第4条用例执行结束，执行结果:通过!

2019-06-11 11:44:52,374 test2_登录_商城端.py[line:40] INFO 第5条用例"用户名为11位"开始执行
2019-06-11 11:44:52,393 test2_登录_商城端.py[line:42] INFO 请求数据:{'account': '155000000000', 'password': '111111'}
2019-06-11 11:44:52,468 test2_登录_商城端.py[line:44] INFO 返回数据:{'code': 2, 'message': '登录用户不存在', 'data': '', 'success': False}
2019-06-11 11:44:52,560 test2_登录_商城端.py[line:51] INFO 第5条用例执行结束，执行结果:通过!

2019-06-11 11:44:52,598 test2_登录_商城端.py[line:40] INFO 第6条用例"用户名为空"开始执行
2019-06-11 11:44:52,621 test2_登录_商城端.py[line:42] INFO 请求数据:{'account': 'None', 'password': '111111'}
2019-06-11 11:44:52,700 test2_登录_商城端.py[line:44] INFO 返回数据:{'code': 2, 'message': '登录用户不存在', 'data': '', 'success': False}
2019-06-11 11:44:52,801 test2_登录_商城端.py[line:51] INFO 第6条用例执行结束，执行结果:通过!

2019-06-11 11:44:52,823 test2_登录_商城端.py[line:40] INFO 第7条用例"密码为空"开始执行
2019-06-11 11:44:52,841 test2_登录_商城端.py[line:42] INFO 请求数据:{'account': '15500000000', 'password': 'None'}
2019-06-11 11:44:52,916 test2_登录_商城端.py[line:44] INFO 返回数据:{'code': 2, 'message': '用户名或密码错误', 'data': '', 'success': False}
2019-06-11 11:44:53,007 test2_登录_商城端.py[line:51] INFO 第7条用例执行结束，执行结果:通过!

2019-06-11 11:44:53,029 test2_登录_商城端.py[line:40] INFO 第8条用例"用户名和密码正确"开始执行
2019-06-11 11:44:53,050 test2_登录_商城端.py[line:42] INFO 请求数据:{'account': '15500000000', 'password': '111111'}
2019-06-11 11:44:53,129 test2_登录_商城端.py[line:44] INFO 返回数据:{'code': 1, 'message': '登录成功', 'data': {'headImg': None, 'memberType': 3, 'memberId': 2723, 'username': '15500000000'}, 'success': True}
2019-06-11 11:44:53,209 test2_登录_商城端.py[line:51] INFO 第8条用例执行结束，执行结果:通过!

2019-06-11 11:44:53,224 test2_登录_商城端.py[line:59] INFO 登录接口测试结果:用例总数8条，其中通过用例8条，失败用例0条
2019-06-11 11:44:53,239 test2_登录_工厂PC端.py[line:22] INFO 本次接口测试请求地址为：http://192.168.3.214:8803//zlead/login.do

2019-06-11 11:44:53,239 test2_登录_工厂PC端.py[line:22] INFO 本次接口测试请求地址为：http://192.168.3.214:8803//zlead/login.do

2019-06-11 11:44:53,313 test2_登录_工厂PC端.py[line:45] INFO 登录URL：http://192.168.3.214:8803//zlead/login.do
2019-06-11 11:44:53,313 test2_登录_工厂PC端.py[line:45] INFO 登录URL：http://192.168.3.214:8803//zlead/login.do
2019-06-11 11:44:53,354 test2_登录_工厂PC端.py[line:49] INFO 第1条用例"用户名和密码正确"开始执行
2019-06-11 11:44:53,354 test2_登录_工厂PC端.py[line:49] INFO 第1条用例"用户名和密码正确"开始执行
2019-06-11 11:44:53,382 test2_登录_工厂PC端.py[line:51] INFO 请求数据:{'loginName': '12345678901', 'userPwd': '96e79218965eb72c92a549dd5a330112', 'tid': '6dece4ffd4b64e4ab4712550da141dff', 'rdmCode': ''}
2019-06-11 11:44:53,382 test2_登录_工厂PC端.py[line:51] INFO 请求数据:{'loginName': '12345678901', 'userPwd': '96e79218965eb72c92a549dd5a330112', 'tid': '6dece4ffd4b64e4ab4712550da141dff', 'rdmCode': ''}
2019-06-11 11:44:53,433 test2_登录_工厂PC端.py[line:53] INFO 返回数据:{'state': True, 'data': 'ec021d310de1b2ea84c4357cb574941f5f968c6e'}
2019-06-11 11:44:53,433 test2_登录_工厂PC端.py[line:53] INFO 返回数据:{'state': True, 'data': 'ec021d310de1b2ea84c4357cb574941f5f968c6e'}
2019-06-11 11:44:53,469 test2_登录_工厂PC端.py[line:57] INFO True
2019-06-11 11:44:53,469 test2_登录_工厂PC端.py[line:57] INFO True
2019-06-11 11:44:53,498 test2_登录_工厂PC端.py[line:58] INFO True
2019-06-11 11:44:53,498 test2_登录_工厂PC端.py[line:58] INFO True
2019-06-11 11:44:53,529 test2_登录_工厂PC端.py[line:62] INFO 第1条用例执行结束，执行结果:通过!

2019-06-11 11:44:53,529 test2_登录_工厂PC端.py[line:62] INFO 第1条用例执行结束，执行结果:通过!

2019-06-11 11:44:53,553 test2_登录_工厂PC端.py[line:70] INFO 登录接口测试结果:用例总数1条，其中通过用例1条，失败用例0条
2019-06-11 11:44:53,553 test2_登录_工厂PC端.py[line:70] INFO 登录接口测试结果:用例总数1条，其中通过用例1条，失败用例0条
2019-06-11 11:44:53,625 test3_发送验证码.py[line:18] INFO 本次接口测试请求地址为：http://192.168.3.214:8802/zlead/member/sendVerifyCode

2019-06-11 11:44:53,625 test3_发送验证码.py[line:18] INFO 本次接口测试请求地址为：http://192.168.3.214:8802/zlead/member/sendVerifyCode

2019-06-11 11:44:53,625 test3_发送验证码.py[line:18] INFO 本次接口测试请求地址为：http://192.168.3.214:8802/zlead/member/sendVerifyCode

2019-06-11 11:44:53,666 test3_发送验证码.py[line:39] INFO 第1条用例"发送验证码成功"执行开始
2019-06-11 11:44:53,666 test3_发送验证码.py[line:39] INFO 第1条用例"发送验证码成功"执行开始
2019-06-11 11:44:53,666 test3_发送验证码.py[line:39] INFO 第1条用例"发送验证码成功"执行开始
2019-06-11 11:44:53,706 test3_发送验证码.py[line:41] INFO 发出请求数据：http://192.168.3.214:8802/zlead/member/sendVerifyCode{'phone': '15500000000'}
2019-06-11 11:44:53,706 test3_发送验证码.py[line:41] INFO 发出请求数据：http://192.168.3.214:8802/zlead/member/sendVerifyCode{'phone': '15500000000'}
2019-06-11 11:44:53,706 test3_发送验证码.py[line:41] INFO 发出请求数据：http://192.168.3.214:8802/zlead/member/sendVerifyCode{'phone': '15500000000'}
2019-06-11 11:44:54,006 test3_发送验证码.py[line:43] INFO 返回请求数据：{'code': 1, 'message': '验证码发送成功', 'data': '', 'success': True}
2019-06-11 11:44:54,006 test3_发送验证码.py[line:43] INFO 返回请求数据：{'code': 1, 'message': '验证码发送成功', 'data': '', 'success': True}
2019-06-11 11:44:54,006 test3_发送验证码.py[line:43] INFO 返回请求数据：{'code': 1, 'message': '验证码发送成功', 'data': '', 'success': True}
2019-06-11 11:44:54,143 test3_发送验证码.py[line:47] INFO 第1条用例执行结束，执行结果:通过!

2019-06-11 11:44:54,143 test3_发送验证码.py[line:47] INFO 第1条用例执行结束，执行结果:通过!

2019-06-11 11:44:54,143 test3_发送验证码.py[line:47] INFO 第1条用例执行结束，执行结果:通过!

2019-06-11 11:44:54,180 test3_发送验证码.py[line:55] INFO 发送验证码接口测试结果:用例总数1条，其中通过用例1条，失败用例0条
2019-06-11 11:44:54,180 test3_发送验证码.py[line:55] INFO 发送验证码接口测试结果:用例总数1条，其中通过用例1条，失败用例0条
2019-06-11 11:44:54,180 test3_发送验证码.py[line:55] INFO 发送验证码接口测试结果:用例总数1条，其中通过用例1条，失败用例0条
2019-06-11 11:44:54,215 test3_提交订单.py[line:19] INFO 本次接口测试请求地址为：http://192.168.3.214:8802//zlead/order/addOrder

2019-06-11 11:44:54,215 test3_提交订单.py[line:19] INFO 本次接口测试请求地址为：http://192.168.3.214:8802//zlead/order/addOrder

2019-06-11 11:44:54,215 test3_提交订单.py[line:19] INFO 本次接口测试请求地址为：http://192.168.3.214:8802//zlead/order/addOrder

2019-06-11 11:44:54,215 test3_提交订单.py[line:19] INFO 本次接口测试请求地址为：http://192.168.3.214:8802//zlead/order/addOrder

2019-06-11 11:44:54,331 test3_提交订单.py[line:49] INFO 第1条用例"提交订单成功"开始执行
2019-06-11 11:44:54,331 test3_提交订单.py[line:49] INFO 第1条用例"提交订单成功"开始执行
2019-06-11 11:44:54,331 test3_提交订单.py[line:49] INFO 第1条用例"提交订单成功"开始执行
2019-06-11 11:44:54,331 test3_提交订单.py[line:49] INFO 第1条用例"提交订单成功"开始执行
2019-06-11 11:44:54,457 test3_提交订单.py[line:52] INFO 请求数据:{'goodsId': '3581', 'buyNum': '1', 'buyType': '1', 'addressId': '1638', 'storeBuyType': '1', 'orderType': '0'}
2019-06-11 11:44:54,457 test3_提交订单.py[line:52] INFO 请求数据:{'goodsId': '3581', 'buyNum': '1', 'buyType': '1', 'addressId': '1638', 'storeBuyType': '1', 'orderType': '0'}
2019-06-11 11:44:54,457 test3_提交订单.py[line:52] INFO 请求数据:{'goodsId': '3581', 'buyNum': '1', 'buyType': '1', 'addressId': '1638', 'storeBuyType': '1', 'orderType': '0'}
2019-06-11 11:44:54,457 test3_提交订单.py[line:52] INFO 请求数据:{'goodsId': '3581', 'buyNum': '1', 'buyType': '1', 'addressId': '1638', 'storeBuyType': '1', 'orderType': '0'}
2019-06-11 11:44:54,549 test3_提交订单.py[line:54] INFO 返回数据:{'code': 1, 'message': '提交订单成功', 'data': {'orderType': 0, 'orderId': 50004707, 'orderSn': '201906111013'}, 'success': True}
2019-06-11 11:44:54,549 test3_提交订单.py[line:54] INFO 返回数据:{'code': 1, 'message': '提交订单成功', 'data': {'orderType': 0, 'orderId': 50004707, 'orderSn': '201906111013'}, 'success': True}
2019-06-11 11:44:54,549 test3_提交订单.py[line:54] INFO 返回数据:{'code': 1, 'message': '提交订单成功', 'data': {'orderType': 0, 'orderId': 50004707, 'orderSn': '201906111013'}, 'success': True}
2019-06-11 11:44:54,549 test3_提交订单.py[line:54] INFO 返回数据:{'code': 1, 'message': '提交订单成功', 'data': {'orderType': 0, 'orderId': 50004707, 'orderSn': '201906111013'}, 'success': True}
2019-06-11 11:44:54,630 test3_提交订单.py[line:57] INFO 预期结果：提交订单成功
2019-06-11 11:44:54,630 test3_提交订单.py[line:57] INFO 预期结果：提交订单成功
2019-06-11 11:44:54,630 test3_提交订单.py[line:57] INFO 预期结果：提交订单成功
2019-06-11 11:44:54,630 test3_提交订单.py[line:57] INFO 预期结果：提交订单成功
2019-06-11 11:44:54,702 test3_提交订单.py[line:61] INFO 第1条用例执行结束，执行结果:通过!

2019-06-11 11:44:54,702 test3_提交订单.py[line:61] INFO 第1条用例执行结束，执行结果:通过!

2019-06-11 11:44:54,702 test3_提交订单.py[line:61] INFO 第1条用例执行结束，执行结果:通过!

2019-06-11 11:44:54,702 test3_提交订单.py[line:61] INFO 第1条用例执行结束，执行结果:通过!

2019-06-11 11:44:54,778 test3_提交订单.py[line:49] INFO 第2条用例"提交订单成功"开始执行
2019-06-11 11:44:54,778 test3_提交订单.py[line:49] INFO 第2条用例"提交订单成功"开始执行
2019-06-11 11:44:54,778 test3_提交订单.py[line:49] INFO 第2条用例"提交订单成功"开始执行
2019-06-11 11:44:54,778 test3_提交订单.py[line:49] INFO 第2条用例"提交订单成功"开始执行
2019-06-11 11:44:54,837 test3_提交订单.py[line:52] INFO 请求数据:{'goodsId': '3581', 'buyNum': '1', 'buyType': '1', 'addressId': '1638', 'storeBuyType': '1', 'orderType': '0'}
2019-06-11 11:44:54,837 test3_提交订单.py[line:52] INFO 请求数据:{'goodsId': '3581', 'buyNum': '1', 'buyType': '1', 'addressId': '1638', 'storeBuyType': '1', 'orderType': '0'}
2019-06-11 11:44:54,837 test3_提交订单.py[line:52] INFO 请求数据:{'goodsId': '3581', 'buyNum': '1', 'buyType': '1', 'addressId': '1638', 'storeBuyType': '1', 'orderType': '0'}
2019-06-11 11:44:54,837 test3_提交订单.py[line:52] INFO 请求数据:{'goodsId': '3581', 'buyNum': '1', 'buyType': '1', 'addressId': '1638', 'storeBuyType': '1', 'orderType': '0'}
2019-06-11 11:44:54,930 test3_提交订单.py[line:54] INFO 返回数据:{'code': 1, 'message': '提交订单成功', 'data': {'orderType': 0, 'orderId': 50004708, 'orderSn': '201906115286'}, 'success': True}
2019-06-11 11:44:54,930 test3_提交订单.py[line:54] INFO 返回数据:{'code': 1, 'message': '提交订单成功', 'data': {'orderType': 0, 'orderId': 50004708, 'orderSn': '201906115286'}, 'success': True}
2019-06-11 11:44:54,930 test3_提交订单.py[line:54] INFO 返回数据:{'code': 1, 'message': '提交订单成功', 'data': {'orderType': 0, 'orderId': 50004708, 'orderSn': '201906115286'}, 'success': True}
2019-06-11 11:44:54,930 test3_提交订单.py[line:54] INFO 返回数据:{'code': 1, 'message': '提交订单成功', 'data': {'orderType': 0, 'orderId': 50004708, 'orderSn': '201906115286'}, 'success': True}
2019-06-11 11:44:55,042 test3_提交订单.py[line:57] INFO 预期结果：提交订单成功
2019-06-11 11:44:55,042 test3_提交订单.py[line:57] INFO 预期结果：提交订单成功
2019-06-11 11:44:55,042 test3_提交订单.py[line:57] INFO 预期结果：提交订单成功
2019-06-11 11:44:55,042 test3_提交订单.py[line:57] INFO 预期结果：提交订单成功
2019-06-11 11:44:55,122 test3_提交订单.py[line:61] INFO 第2条用例执行结束，执行结果:通过!

2019-06-11 11:44:55,122 test3_提交订单.py[line:61] INFO 第2条用例执行结束，执行结果:通过!

2019-06-11 11:44:55,122 test3_提交订单.py[line:61] INFO 第2条用例执行结束，执行结果:通过!

2019-06-11 11:44:55,122 test3_提交订单.py[line:61] INFO 第2条用例执行结束，执行结果:通过!

2019-06-11 11:44:55,215 test3_提交订单.py[line:71] INFO 提交订单接口测试结果:用例总数1条，其中通过用例1条，失败用例0条
2019-06-11 11:44:55,215 test3_提交订单.py[line:71] INFO 提交订单接口测试结果:用例总数1条，其中通过用例1条，失败用例0条
2019-06-11 11:44:55,215 test3_提交订单.py[line:71] INFO 提交订单接口测试结果:用例总数1条，其中通过用例1条，失败用例0条
2019-06-11 11:44:55,215 test3_提交订单.py[line:71] INFO 提交订单接口测试结果:用例总数1条，其中通过用例1条，失败用例0条
2019-06-11 11:44:55,274 test3_查询购物车.py[line:19] INFO 本次接口测试请求地址为：http://192.168.3.214:8802/zlead/shopcart/shoppingCartGoods

2019-06-11 11:44:55,274 test3_查询购物车.py[line:19] INFO 本次接口测试请求地址为：http://192.168.3.214:8802/zlead/shopcart/shoppingCartGoods

2019-06-11 11:44:55,274 test3_查询购物车.py[line:19] INFO 本次接口测试请求地址为：http://192.168.3.214:8802/zlead/shopcart/shoppingCartGoods

2019-06-11 11:44:55,274 test3_查询购物车.py[line:19] INFO 本次接口测试请求地址为：http://192.168.3.214:8802/zlead/shopcart/shoppingCartGoods

2019-06-11 11:44:55,274 test3_查询购物车.py[line:19] INFO 本次接口测试请求地址为：http://192.168.3.214:8802/zlead/shopcart/shoppingCartGoods

2019-06-11 11:44:55,463 test3_查询购物车.py[line:52] INFO 请求数据:{'code': 1, 'message': '返回购物车信息!', 'data': [{'goodsList': [{'goodsImg': 'http://210.22.139.138:58803/myapp/uploads/attach/201904/d1/7038e72a94d142f4983ba78b86c76beb.jpg', 'goodsId': 3423, 'count': 1, 'isMarketable': 1, 'facId': 35, 'shopName': '龙华建材经销公司商城', 'agentDiscount': 0.5, 'prodType': 0, 'thisGoodsModel': '', 'modelName': '网络特供110', 'specNames': '19*19', 'goodsPointPrice': 0.0, 'goodsPrice': 10.0, 'thisGoodsAttr': ['黄'], 'storeName': None, 'id': 14437, 'shopId': 710, 'stock': 10, 'goodsName': '金刚石小锯片锋利耐磨云石片波纹型瓷砖大理'}], 'shopName': '龙华建材经销公司', 'facId': {'factory_id': 35}, 'shopId': 710}, {'goodsList': [{'goodsImg': 'http://210.22.139.138:58803/myapp/uploads/attach/201904/d1/791739b0b7cf40aab268e34d07f4237d.jpg', 'goodsId': 3581, 'count': 3, 'isMarketable': 1, 'facId': 42, 'shopName': '王猛五金厂', 'agentDiscount': 0.5, 'prodType': 0, 'thisGoodsModel': '', 'modelName': 'DD_00001', 'specNames': None, 'goodsPointPrice': 0.0, 'goodsPrice': 99.0, 'thisGoodsAttr': ['200M', '室内', '红'], 'storeName': None, 'id': 14510, 'shopId': 721, 'stock': 999999976, 'goodsName': '灯灯灯灯灯灯灯'}], 'shopName': '王猛五金厂', 'facId': {'factory_id': 42}, 'shopId': 721}], 'success': True}
2019-06-11 11:44:55,463 test3_查询购物车.py[line:52] INFO 请求数据:{'code': 1, 'message': '返回购物车信息!', 'data': [{'goodsList': [{'goodsImg': 'http://210.22.139.138:58803/myapp/uploads/attach/201904/d1/7038e72a94d142f4983ba78b86c76beb.jpg', 'goodsId': 3423, 'count': 1, 'isMarketable': 1, 'facId': 35, 'shopName': '龙华建材经销公司商城', 'agentDiscount': 0.5, 'prodType': 0, 'thisGoodsModel': '', 'modelName': '网络特供110', 'specNames': '19*19', 'goodsPointPrice': 0.0, 'goodsPrice': 10.0, 'thisGoodsAttr': ['黄'], 'storeName': None, 'id': 14437, 'shopId': 710, 'stock': 10, 'goodsName': '金刚石小锯片锋利耐磨云石片波纹型瓷砖大理'}], 'shopName': '龙华建材经销公司', 'facId': {'factory_id': 35}, 'shopId': 710}, {'goodsList': [{'goodsImg': 'http://210.22.139.138:58803/myapp/uploads/attach/201904/d1/791739b0b7cf40aab268e34d07f4237d.jpg', 'goodsId': 3581, 'count': 3, 'isMarketable': 1, 'facId': 42, 'shopName': '王猛五金厂', 'agentDiscount': 0.5, 'prodType': 0, 'thisGoodsModel': '', 'modelName': 'DD_00001', 'specNames': None, 'goodsPointPrice': 0.0, 'goodsPrice': 99.0, 'thisGoodsAttr': ['200M', '室内', '红'], 'storeName': None, 'id': 14510, 'shopId': 721, 'stock': 999999976, 'goodsName': '灯灯灯灯灯灯灯'}], 'shopName': '王猛五金厂', 'facId': {'factory_id': 42}, 'shopId': 721}], 'success': True}
2019-06-11 11:44:55,463 test3_查询购物车.py[line:52] INFO 请求数据:{'code': 1, 'message': '返回购物车信息!', 'data': [{'goodsList': [{'goodsImg': 'http://210.22.139.138:58803/myapp/uploads/attach/201904/d1/7038e72a94d142f4983ba78b86c76beb.jpg', 'goodsId': 3423, 'count': 1, 'isMarketable': 1, 'facId': 35, 'shopName': '龙华建材经销公司商城', 'agentDiscount': 0.5, 'prodType': 0, 'thisGoodsModel': '', 'modelName': '网络特供110', 'specNames': '19*19', 'goodsPointPrice': 0.0, 'goodsPrice': 10.0, 'thisGoodsAttr': ['黄'], 'storeName': None, 'id': 14437, 'shopId': 710, 'stock': 10, 'goodsName': '金刚石小锯片锋利耐磨云石片波纹型瓷砖大理'}], 'shopName': '龙华建材经销公司', 'facId': {'factory_id': 35}, 'shopId': 710}, {'goodsList': [{'goodsImg': 'http://210.22.139.138:58803/myapp/uploads/attach/201904/d1/791739b0b7cf40aab268e34d07f4237d.jpg', 'goodsId': 3581, 'count': 3, 'isMarketable': 1, 'facId': 42, 'shopName': '王猛五金厂', 'agentDiscount': 0.5, 'prodType': 0, 'thisGoodsModel': '', 'modelName': 'DD_00001', 'specNames': None, 'goodsPointPrice': 0.0, 'goodsPrice': 99.0, 'thisGoodsAttr': ['200M', '室内', '红'], 'storeName': None, 'id': 14510, 'shopId': 721, 'stock': 999999976, 'goodsName': '灯灯灯灯灯灯灯'}], 'shopName': '王猛五金厂', 'facId': {'factory_id': 42}, 'shopId': 721}], 'success': True}
2019-06-11 11:44:55,463 test3_查询购物车.py[line:52] INFO 请求数据:{'code': 1, 'message': '返回购物车信息!', 'data': [{'goodsList': [{'goodsImg': 'http://210.22.139.138:58803/myapp/uploads/attach/201904/d1/7038e72a94d142f4983ba78b86c76beb.jpg', 'goodsId': 3423, 'count': 1, 'isMarketable': 1, 'facId': 35, 'shopName': '龙华建材经销公司商城', 'agentDiscount': 0.5, 'prodType': 0, 'thisGoodsModel': '', 'modelName': '网络特供110', 'specNames': '19*19', 'goodsPointPrice': 0.0, 'goodsPrice': 10.0, 'thisGoodsAttr': ['黄'], 'storeName': None, 'id': 14437, 'shopId': 710, 'stock': 10, 'goodsName': '金刚石小锯片锋利耐磨云石片波纹型瓷砖大理'}], 'shopName': '龙华建材经销公司', 'facId': {'factory_id': 35}, 'shopId': 710}, {'goodsList': [{'goodsImg': 'http://210.22.139.138:58803/myapp/uploads/attach/201904/d1/791739b0b7cf40aab268e34d07f4237d.jpg', 'goodsId': 3581, 'count': 3, 'isMarketable': 1, 'facId': 42, 'shopName': '王猛五金厂', 'agentDiscount': 0.5, 'prodType': 0, 'thisGoodsModel': '', 'modelName': 'DD_00001', 'specNames': None, 'goodsPointPrice': 0.0, 'goodsPrice': 99.0, 'thisGoodsAttr': ['200M', '室内', '红'], 'storeName': None, 'id': 14510, 'shopId': 721, 'stock': 999999976, 'goodsName': '灯灯灯灯灯灯灯'}], 'shopName': '王猛五金厂', 'facId': {'factory_id': 42}, 'shopId': 721}], 'success': True}
2019-06-11 11:44:55,463 test3_查询购物车.py[line:52] INFO 请求数据:{'code': 1, 'message': '返回购物车信息!', 'data': [{'goodsList': [{'goodsImg': 'http://210.22.139.138:58803/myapp/uploads/attach/201904/d1/7038e72a94d142f4983ba78b86c76beb.jpg', 'goodsId': 3423, 'count': 1, 'isMarketable': 1, 'facId': 35, 'shopName': '龙华建材经销公司商城', 'agentDiscount': 0.5, 'prodType': 0, 'thisGoodsModel': '', 'modelName': '网络特供110', 'specNames': '19*19', 'goodsPointPrice': 0.0, 'goodsPrice': 10.0, 'thisGoodsAttr': ['黄'], 'storeName': None, 'id': 14437, 'shopId': 710, 'stock': 10, 'goodsName': '金刚石小锯片锋利耐磨云石片波纹型瓷砖大理'}], 'shopName': '龙华建材经销公司', 'facId': {'factory_id': 35}, 'shopId': 710}, {'goodsList': [{'goodsImg': 'http://210.22.139.138:58803/myapp/uploads/attach/201904/d1/791739b0b7cf40aab268e34d07f4237d.jpg', 'goodsId': 3581, 'count': 3, 'isMarketable': 1, 'facId': 42, 'shopName': '王猛五金厂', 'agentDiscount': 0.5, 'prodType': 0, 'thisGoodsModel': '', 'modelName': 'DD_00001', 'specNames': None, 'goodsPointPrice': 0.0, 'goodsPrice': 99.0, 'thisGoodsAttr': ['200M', '室内', '红'], 'storeName': None, 'id': 14510, 'shopId': 721, 'stock': 999999976, 'goodsName': '灯灯灯灯灯灯灯'}], 'shopName': '王猛五金厂', 'facId': {'factory_id': 42}, 'shopId': 721}], 'success': True}
2019-06-11 11:44:55,913 test3_查询购物车.py[line:62] INFO 执行SQL查询:SELECT sum(count) from t_shopping_cart where member_id = (SELECT id from t_member where member_id = '15500000000') and is_buy = '0'
2019-06-11 11:44:55,913 test3_查询购物车.py[line:62] INFO 执行SQL查询:SELECT sum(count) from t_shopping_cart where member_id = (SELECT id from t_member where member_id = '15500000000') and is_buy = '0'
2019-06-11 11:44:55,913 test3_查询购物车.py[line:62] INFO 执行SQL查询:SELECT sum(count) from t_shopping_cart where member_id = (SELECT id from t_member where member_id = '15500000000') and is_buy = '0'
2019-06-11 11:44:55,913 test3_查询购物车.py[line:62] INFO 执行SQL查询:SELECT sum(count) from t_shopping_cart where member_id = (SELECT id from t_member where member_id = '15500000000') and is_buy = '0'
2019-06-11 11:44:55,913 test3_查询购物车.py[line:62] INFO 执行SQL查询:SELECT sum(count) from t_shopping_cart where member_id = (SELECT id from t_member where member_id = '15500000000') and is_buy = '0'
2019-06-11 11:44:56,270 test3_查询购物车.py[line:67] INFO 查询购物车成功
2019-06-11 11:44:56,270 test3_查询购物车.py[line:67] INFO 查询购物车成功
2019-06-11 11:44:56,270 test3_查询购物车.py[line:67] INFO 查询购物车成功
2019-06-11 11:44:56,270 test3_查询购物车.py[line:67] INFO 查询购物车成功
2019-06-11 11:44:56,270 test3_查询购物车.py[line:67] INFO 查询购物车成功
2019-06-11 11:44:56,376 test3_查询购物车.py[line:72] INFO 查看购物车接口测试结果:用例总数1条，其中通过用例1条，失败用例0条
2019-06-11 11:44:56,376 test3_查询购物车.py[line:72] INFO 查看购物车接口测试结果:用例总数1条，其中通过用例1条，失败用例0条
2019-06-11 11:44:56,376 test3_查询购物车.py[line:72] INFO 查看购物车接口测试结果:用例总数1条，其中通过用例1条，失败用例0条
2019-06-11 11:44:56,376 test3_查询购物车.py[line:72] INFO 查看购物车接口测试结果:用例总数1条，其中通过用例1条，失败用例0条
2019-06-11 11:44:56,376 test3_查询购物车.py[line:72] INFO 查看购物车接口测试结果:用例总数1条，其中通过用例1条，失败用例0条
2019-06-11 11:44:56,507 test3_添加地址.py[line:22] INFO 本次接口测试请求地址为：http://192.168.3.214:8802/zlead/memaddr/addOrUpdateMemberAddress

2019-06-11 11:44:56,507 test3_添加地址.py[line:22] INFO 本次接口测试请求地址为：http://192.168.3.214:8802/zlead/memaddr/addOrUpdateMemberAddress

2019-06-11 11:44:56,507 test3_添加地址.py[line:22] INFO 本次接口测试请求地址为：http://192.168.3.214:8802/zlead/memaddr/addOrUpdateMemberAddress

2019-06-11 11:44:56,507 test3_添加地址.py[line:22] INFO 本次接口测试请求地址为：http://192.168.3.214:8802/zlead/memaddr/addOrUpdateMemberAddress

2019-06-11 11:44:56,507 test3_添加地址.py[line:22] INFO 本次接口测试请求地址为：http://192.168.3.214:8802/zlead/memaddr/addOrUpdateMemberAddress

2019-06-11 11:44:56,507 test3_添加地址.py[line:22] INFO 本次接口测试请求地址为：http://192.168.3.214:8802/zlead/memaddr/addOrUpdateMemberAddress

2019-06-11 11:44:56,664 test3_添加地址.py[line:53] INFO 获取cookie成功，cookies=<RequestsCookieJar[<Cookie JSESSIONID=D987BEE27332D49CF39F0A5FA36C11B0 for 192.168.3.214/>]>
2019-06-11 11:44:56,664 test3_添加地址.py[line:53] INFO 获取cookie成功，cookies=<RequestsCookieJar[<Cookie JSESSIONID=D987BEE27332D49CF39F0A5FA36C11B0 for 192.168.3.214/>]>
2019-06-11 11:44:56,664 test3_添加地址.py[line:53] INFO 获取cookie成功，cookies=<RequestsCookieJar[<Cookie JSESSIONID=D987BEE27332D49CF39F0A5FA36C11B0 for 192.168.3.214/>]>
2019-06-11 11:44:56,664 test3_添加地址.py[line:53] INFO 获取cookie成功，cookies=<RequestsCookieJar[<Cookie JSESSIONID=D987BEE27332D49CF39F0A5FA36C11B0 for 192.168.3.214/>]>
2019-06-11 11:44:56,664 test3_添加地址.py[line:53] INFO 获取cookie成功，cookies=<RequestsCookieJar[<Cookie JSESSIONID=D987BEE27332D49CF39F0A5FA36C11B0 for 192.168.3.214/>]>
2019-06-11 11:44:56,664 test3_添加地址.py[line:53] INFO 获取cookie成功，cookies=<RequestsCookieJar[<Cookie JSESSIONID=D987BEE27332D49CF39F0A5FA36C11B0 for 192.168.3.214/>]>
2019-06-11 11:44:56,792 test3_添加地址.py[line:55] INFO 登录成功
2019-06-11 11:44:56,792 test3_添加地址.py[line:55] INFO 登录成功
2019-06-11 11:44:56,792 test3_添加地址.py[line:55] INFO 登录成功
2019-06-11 11:44:56,792 test3_添加地址.py[line:55] INFO 登录成功
2019-06-11 11:44:56,792 test3_添加地址.py[line:55] INFO 登录成功
2019-06-11 11:44:56,792 test3_添加地址.py[line:55] INFO 登录成功
2019-06-11 11:44:56,897 test3_添加地址.py[line:60] INFO 第1条用例"添加购物车成功"开始执行
2019-06-11 11:44:56,897 test3_添加地址.py[line:60] INFO 第1条用例"添加购物车成功"开始执行
2019-06-11 11:44:56,897 test3_添加地址.py[line:60] INFO 第1条用例"添加购物车成功"开始执行
2019-06-11 11:44:56,897 test3_添加地址.py[line:60] INFO 第1条用例"添加购物车成功"开始执行
2019-06-11 11:44:56,897 test3_添加地址.py[line:60] INFO 第1条用例"添加购物车成功"开始执行
2019-06-11 11:44:56,897 test3_添加地址.py[line:60] INFO 第1条用例"添加购物车成功"开始执行
2019-06-11 11:44:56,982 test3_添加地址.py[line:65] INFO 请求数据:{'memberName': '徐徐', 'phone': '13100000000', 'provinceName': '上海市', 'cityName': '市辖区', 'countyName': '黄浦区', 'detailAddress': '泛太平洋大厦', 'isDefault': '1', 'type': '1'}
2019-06-11 11:44:56,982 test3_添加地址.py[line:65] INFO 请求数据:{'memberName': '徐徐', 'phone': '13100000000', 'provinceName': '上海市', 'cityName': '市辖区', 'countyName': '黄浦区', 'detailAddress': '泛太平洋大厦', 'isDefault': '1', 'type': '1'}
2019-06-11 11:44:56,982 test3_添加地址.py[line:65] INFO 请求数据:{'memberName': '徐徐', 'phone': '13100000000', 'provinceName': '上海市', 'cityName': '市辖区', 'countyName': '黄浦区', 'detailAddress': '泛太平洋大厦', 'isDefault': '1', 'type': '1'}
2019-06-11 11:44:56,982 test3_添加地址.py[line:65] INFO 请求数据:{'memberName': '徐徐', 'phone': '13100000000', 'provinceName': '上海市', 'cityName': '市辖区', 'countyName': '黄浦区', 'detailAddress': '泛太平洋大厦', 'isDefault': '1', 'type': '1'}
2019-06-11 11:44:56,982 test3_添加地址.py[line:65] INFO 请求数据:{'memberName': '徐徐', 'phone': '13100000000', 'provinceName': '上海市', 'cityName': '市辖区', 'countyName': '黄浦区', 'detailAddress': '泛太平洋大厦', 'isDefault': '1', 'type': '1'}
2019-06-11 11:44:56,982 test3_添加地址.py[line:65] INFO 请求数据:{'memberName': '徐徐', 'phone': '13100000000', 'provinceName': '上海市', 'cityName': '市辖区', 'countyName': '黄浦区', 'detailAddress': '泛太平洋大厦', 'isDefault': '1', 'type': '1'}
2019-06-11 11:44:57,159 test3_添加地址.py[line:69] INFO 返回数据:{"code":1,"message":"地址添加成功！","data":"","success":true}
2019-06-11 11:44:57,159 test3_添加地址.py[line:69] INFO 返回数据:{"code":1,"message":"地址添加成功！","data":"","success":true}
2019-06-11 11:44:57,159 test3_添加地址.py[line:69] INFO 返回数据:{"code":1,"message":"地址添加成功！","data":"","success":true}
2019-06-11 11:44:57,159 test3_添加地址.py[line:69] INFO 返回数据:{"code":1,"message":"地址添加成功！","data":"","success":true}
2019-06-11 11:44:57,159 test3_添加地址.py[line:69] INFO 返回数据:{"code":1,"message":"地址添加成功！","data":"","success":true}
2019-06-11 11:44:57,159 test3_添加地址.py[line:69] INFO 返回数据:{"code":1,"message":"地址添加成功！","data":"","success":true}
2019-06-11 11:44:57,335 test3_添加地址.py[line:74] INFO 地址添加成功！
2019-06-11 11:44:57,335 test3_添加地址.py[line:74] INFO 地址添加成功！
2019-06-11 11:44:57,335 test3_添加地址.py[line:74] INFO 地址添加成功！
2019-06-11 11:44:57,335 test3_添加地址.py[line:74] INFO 地址添加成功！
2019-06-11 11:44:57,335 test3_添加地址.py[line:74] INFO 地址添加成功！
2019-06-11 11:44:57,335 test3_添加地址.py[line:74] INFO 地址添加成功！
2019-06-11 11:44:57,457 test3_添加地址.py[line:79] INFO 第1条用例执行结束，执行结果:通过!

2019-06-11 11:44:57,457 test3_添加地址.py[line:79] INFO 第1条用例执行结束，执行结果:通过!

2019-06-11 11:44:57,457 test3_添加地址.py[line:79] INFO 第1条用例执行结束，执行结果:通过!

2019-06-11 11:44:57,457 test3_添加地址.py[line:79] INFO 第1条用例执行结束，执行结果:通过!

2019-06-11 11:44:57,457 test3_添加地址.py[line:79] INFO 第1条用例执行结束，执行结果:通过!

2019-06-11 11:44:57,457 test3_添加地址.py[line:79] INFO 第1条用例执行结束，执行结果:通过!

2019-06-11 11:44:57,550 test3_添加地址.py[line:92] INFO 添加地址模块测试结果:用例总数1其中通过用例1条，失败用例0条
2019-06-11 11:44:57,550 test3_添加地址.py[line:92] INFO 添加地址模块测试结果:用例总数1其中通过用例1条，失败用例0条
2019-06-11 11:44:57,550 test3_添加地址.py[line:92] INFO 添加地址模块测试结果:用例总数1其中通过用例1条，失败用例0条
2019-06-11 11:44:57,550 test3_添加地址.py[line:92] INFO 添加地址模块测试结果:用例总数1其中通过用例1条，失败用例0条
2019-06-11 11:44:57,550 test3_添加地址.py[line:92] INFO 添加地址模块测试结果:用例总数1其中通过用例1条，失败用例0条
2019-06-11 11:44:57,550 test3_添加地址.py[line:92] INFO 添加地址模块测试结果:用例总数1其中通过用例1条，失败用例0条
2019-06-11 11:44:57,639 test3_立即购买商品详情页.py[line:19] INFO 本次接口测试请求地址为：http://192.168.3.214:8802//zlead/order/newConfirmOrder

2019-06-11 11:44:57,639 test3_立即购买商品详情页.py[line:19] INFO 本次接口测试请求地址为：http://192.168.3.214:8802//zlead/order/newConfirmOrder

2019-06-11 11:44:57,639 test3_立即购买商品详情页.py[line:19] INFO 本次接口测试请求地址为：http://192.168.3.214:8802//zlead/order/newConfirmOrder

2019-06-11 11:44:57,639 test3_立即购买商品详情页.py[line:19] INFO 本次接口测试请求地址为：http://192.168.3.214:8802//zlead/order/newConfirmOrder

2019-06-11 11:44:57,639 test3_立即购买商品详情页.py[line:19] INFO 本次接口测试请求地址为：http://192.168.3.214:8802//zlead/order/newConfirmOrder

2019-06-11 11:44:57,639 test3_立即购买商品详情页.py[line:19] INFO 本次接口测试请求地址为：http://192.168.3.214:8802//zlead/order/newConfirmOrder

2019-06-11 11:44:57,639 test3_立即购买商品详情页.py[line:19] INFO 本次接口测试请求地址为：http://192.168.3.214:8802//zlead/order/newConfirmOrder

2019-06-11 11:44:57,876 test3_立即购买商品详情页.py[line:47] INFO 第1条用例"提交订单成功"开始执行
2019-06-11 11:44:57,876 test3_立即购买商品详情页.py[line:47] INFO 第1条用例"提交订单成功"开始执行
2019-06-11 11:44:57,876 test3_立即购买商品详情页.py[line:47] INFO 第1条用例"提交订单成功"开始执行
2019-06-11 11:44:57,876 test3_立即购买商品详情页.py[line:47] INFO 第1条用例"提交订单成功"开始执行
2019-06-11 11:44:57,876 test3_立即购买商品详情页.py[line:47] INFO 第1条用例"提交订单成功"开始执行
2019-06-11 11:44:57,876 test3_立即购买商品详情页.py[line:47] INFO 第1条用例"提交订单成功"开始执行
2019-06-11 11:44:57,876 test3_立即购买商品详情页.py[line:47] INFO 第1条用例"提交订单成功"开始执行
2019-06-11 11:44:57,970 test3_立即购买商品详情页.py[line:50] INFO 请求数据:{'goodsId': 3511, 'buyNum': 1}
2019-06-11 11:44:57,970 test3_立即购买商品详情页.py[line:50] INFO 请求数据:{'goodsId': 3511, 'buyNum': 1}
2019-06-11 11:44:57,970 test3_立即购买商品详情页.py[line:50] INFO 请求数据:{'goodsId': 3511, 'buyNum': 1}
2019-06-11 11:44:57,970 test3_立即购买商品详情页.py[line:50] INFO 请求数据:{'goodsId': 3511, 'buyNum': 1}
2019-06-11 11:44:57,970 test3_立即购买商品详情页.py[line:50] INFO 请求数据:{'goodsId': 3511, 'buyNum': 1}
2019-06-11 11:44:57,970 test3_立即购买商品详情页.py[line:50] INFO 请求数据:{'goodsId': 3511, 'buyNum': 1}
2019-06-11 11:44:57,970 test3_立即购买商品详情页.py[line:50] INFO 请求数据:{'goodsId': 3511, 'buyNum': 1}
2019-06-11 11:44:58,079 test3_立即购买商品详情页.py[line:55] INFO 返回数据:{'code': 4, 'message': '库存不足，无法购买', 'data': '', 'success': False}
2019-06-11 11:44:58,079 test3_立即购买商品详情页.py[line:55] INFO 返回数据:{'code': 4, 'message': '库存不足，无法购买', 'data': '', 'success': False}
2019-06-11 11:44:58,079 test3_立即购买商品详情页.py[line:55] INFO 返回数据:{'code': 4, 'message': '库存不足，无法购买', 'data': '', 'success': False}
2019-06-11 11:44:58,079 test3_立即购买商品详情页.py[line:55] INFO 返回数据:{'code': 4, 'message': '库存不足，无法购买', 'data': '', 'success': False}
2019-06-11 11:44:58,079 test3_立即购买商品详情页.py[line:55] INFO 返回数据:{'code': 4, 'message': '库存不足，无法购买', 'data': '', 'success': False}
2019-06-11 11:44:58,079 test3_立即购买商品详情页.py[line:55] INFO 返回数据:{'code': 4, 'message': '库存不足，无法购买', 'data': '', 'success': False}
2019-06-11 11:44:58,079 test3_立即购买商品详情页.py[line:55] INFO 返回数据:{'code': 4, 'message': '库存不足，无法购买', 'data': '', 'success': False}
2019-06-11 11:44:58,194 test3_立即购买商品详情页.py[line:67] INFO 第1条用例执行结束，执行结果:失败
2019-06-11 11:44:58,194 test3_立即购买商品详情页.py[line:67] INFO 第1条用例执行结束，执行结果:失败
2019-06-11 11:44:58,194 test3_立即购买商品详情页.py[line:67] INFO 第1条用例执行结束，执行结果:失败
2019-06-11 11:44:58,194 test3_立即购买商品详情页.py[line:67] INFO 第1条用例执行结束，执行结果:失败
2019-06-11 11:44:58,194 test3_立即购买商品详情页.py[line:67] INFO 第1条用例执行结束，执行结果:失败
2019-06-11 11:44:58,194 test3_立即购买商品详情页.py[line:67] INFO 第1条用例执行结束，执行结果:失败
2019-06-11 11:44:58,194 test3_立即购买商品详情页.py[line:67] INFO 第1条用例执行结束，执行结果:失败
2019-06-11 11:44:58,304 test3_立即购买商品详情页.py[line:47] INFO 第2条用例"提交订单成功"开始执行
2019-06-11 11:44:58,304 test3_立即购买商品详情页.py[line:47] INFO 第2条用例"提交订单成功"开始执行
2019-06-11 11:44:58,304 test3_立即购买商品详情页.py[line:47] INFO 第2条用例"提交订单成功"开始执行
2019-06-11 11:44:58,304 test3_立即购买商品详情页.py[line:47] INFO 第2条用例"提交订单成功"开始执行
2019-06-11 11:44:58,304 test3_立即购买商品详情页.py[line:47] INFO 第2条用例"提交订单成功"开始执行
2019-06-11 11:44:58,304 test3_立即购买商品详情页.py[line:47] INFO 第2条用例"提交订单成功"开始执行
2019-06-11 11:44:58,304 test3_立即购买商品详情页.py[line:47] INFO 第2条用例"提交订单成功"开始执行
2019-06-11 11:44:58,413 test3_立即购买商品详情页.py[line:50] INFO 请求数据:{'goodsId': 3511, 'buyNum': 1}
2019-06-11 11:44:58,413 test3_立即购买商品详情页.py[line:50] INFO 请求数据:{'goodsId': 3511, 'buyNum': 1}
2019-06-11 11:44:58,413 test3_立即购买商品详情页.py[line:50] INFO 请求数据:{'goodsId': 3511, 'buyNum': 1}
2019-06-11 11:44:58,413 test3_立即购买商品详情页.py[line:50] INFO 请求数据:{'goodsId': 3511, 'buyNum': 1}
2019-06-11 11:44:58,413 test3_立即购买商品详情页.py[line:50] INFO 请求数据:{'goodsId': 3511, 'buyNum': 1}
2019-06-11 11:44:58,413 test3_立即购买商品详情页.py[line:50] INFO 请求数据:{'goodsId': 3511, 'buyNum': 1}
2019-06-11 11:44:58,413 test3_立即购买商品详情页.py[line:50] INFO 请求数据:{'goodsId': 3511, 'buyNum': 1}
2019-06-11 11:44:58,539 test3_立即购买商品详情页.py[line:55] INFO 返回数据:{'code': 4, 'message': '库存不足，无法购买', 'data': '', 'success': False}
2019-06-11 11:44:58,539 test3_立即购买商品详情页.py[line:55] INFO 返回数据:{'code': 4, 'message': '库存不足，无法购买', 'data': '', 'success': False}
2019-06-11 11:44:58,539 test3_立即购买商品详情页.py[line:55] INFO 返回数据:{'code': 4, 'message': '库存不足，无法购买', 'data': '', 'success': False}
2019-06-11 11:44:58,539 test3_立即购买商品详情页.py[line:55] INFO 返回数据:{'code': 4, 'message': '库存不足，无法购买', 'data': '', 'success': False}
2019-06-11 11:44:58,539 test3_立即购买商品详情页.py[line:55] INFO 返回数据:{'code': 4, 'message': '库存不足，无法购买', 'data': '', 'success': False}
2019-06-11 11:44:58,539 test3_立即购买商品详情页.py[line:55] INFO 返回数据:{'code': 4, 'message': '库存不足，无法购买', 'data': '', 'success': False}
2019-06-11 11:44:58,539 test3_立即购买商品详情页.py[line:55] INFO 返回数据:{'code': 4, 'message': '库存不足，无法购买', 'data': '', 'success': False}
2019-06-11 11:44:58,655 test3_立即购买商品详情页.py[line:67] INFO 第2条用例执行结束，执行结果:失败
2019-06-11 11:44:58,655 test3_立即购买商品详情页.py[line:67] INFO 第2条用例执行结束，执行结果:失败
2019-06-11 11:44:58,655 test3_立即购买商品详情页.py[line:67] INFO 第2条用例执行结束，执行结果:失败
2019-06-11 11:44:58,655 test3_立即购买商品详情页.py[line:67] INFO 第2条用例执行结束，执行结果:失败
2019-06-11 11:44:58,655 test3_立即购买商品详情页.py[line:67] INFO 第2条用例执行结束，执行结果:失败
2019-06-11 11:44:58,655 test3_立即购买商品详情页.py[line:67] INFO 第2条用例执行结束，执行结果:失败
2019-06-11 11:44:58,655 test3_立即购买商品详情页.py[line:67] INFO 第2条用例执行结束，执行结果:失败
2019-06-11 11:44:58,764 test3_立即购买商品详情页.py[line:70] INFO 立即购买(商品详情)接口测试结果:用例总数2条，其中通过用例0条，失败用例2条
2019-06-11 11:44:58,764 test3_立即购买商品详情页.py[line:70] INFO 立即购买(商品详情)接口测试结果:用例总数2条，其中通过用例0条，失败用例2条
2019-06-11 11:44:58,764 test3_立即购买商品详情页.py[line:70] INFO 立即购买(商品详情)接口测试结果:用例总数2条，其中通过用例0条，失败用例2条
2019-06-11 11:44:58,764 test3_立即购买商品详情页.py[line:70] INFO 立即购买(商品详情)接口测试结果:用例总数2条，其中通过用例0条，失败用例2条
2019-06-11 11:44:58,764 test3_立即购买商品详情页.py[line:70] INFO 立即购买(商品详情)接口测试结果:用例总数2条，其中通过用例0条，失败用例2条
2019-06-11 11:44:58,764 test3_立即购买商品详情页.py[line:70] INFO 立即购买(商品详情)接口测试结果:用例总数2条，其中通过用例0条，失败用例2条
2019-06-11 11:44:58,764 test3_立即购买商品详情页.py[line:70] INFO 立即购买(商品详情)接口测试结果:用例总数2条，其中通过用例0条，失败用例2条
2019-06-11 11:44:58,872 test3_购物车流程.py[line:21] INFO 本次接口测试请求地址为：http://192.168.3.214:8802//zlead/shopcart/deleteShoppingCart

2019-06-11 11:44:58,872 test3_购物车流程.py[line:21] INFO 本次接口测试请求地址为：http://192.168.3.214:8802//zlead/shopcart/deleteShoppingCart

2019-06-11 11:44:58,872 test3_购物车流程.py[line:21] INFO 本次接口测试请求地址为：http://192.168.3.214:8802//zlead/shopcart/deleteShoppingCart

2019-06-11 11:44:58,872 test3_购物车流程.py[line:21] INFO 本次接口测试请求地址为：http://192.168.3.214:8802//zlead/shopcart/deleteShoppingCart

2019-06-11 11:44:58,872 test3_购物车流程.py[line:21] INFO 本次接口测试请求地址为：http://192.168.3.214:8802//zlead/shopcart/deleteShoppingCart

2019-06-11 11:44:58,872 test3_购物车流程.py[line:21] INFO 本次接口测试请求地址为：http://192.168.3.214:8802//zlead/shopcart/deleteShoppingCart

2019-06-11 11:44:58,872 test3_购物车流程.py[line:21] INFO 本次接口测试请求地址为：http://192.168.3.214:8802//zlead/shopcart/deleteShoppingCart

2019-06-11 11:44:58,872 test3_购物车流程.py[line:21] INFO 本次接口测试请求地址为：http://192.168.3.214:8802//zlead/shopcart/deleteShoppingCart

2019-06-11 11:44:58,980 test3_购物车流程.py[line:35] INFO 开始登录
2019-06-11 11:44:58,980 test3_购物车流程.py[line:35] INFO 开始登录
2019-06-11 11:44:58,980 test3_购物车流程.py[line:35] INFO 开始登录
2019-06-11 11:44:58,980 test3_购物车流程.py[line:35] INFO 开始登录
2019-06-11 11:44:58,980 test3_购物车流程.py[line:35] INFO 开始登录
2019-06-11 11:44:58,980 test3_购物车流程.py[line:35] INFO 开始登录
2019-06-11 11:44:58,980 test3_购物车流程.py[line:35] INFO 开始登录
2019-06-11 11:44:58,980 test3_购物车流程.py[line:35] INFO 开始登录
2019-06-11 11:44:59,070 test3_购物车流程.py[line:39] INFO 请求数据信息为：{'account': '15500000000', 'password': '111111'}
2019-06-11 11:44:59,070 test3_购物车流程.py[line:39] INFO 请求数据信息为：{'account': '15500000000', 'password': '111111'}
2019-06-11 11:44:59,070 test3_购物车流程.py[line:39] INFO 请求数据信息为：{'account': '15500000000', 'password': '111111'}
2019-06-11 11:44:59,070 test3_购物车流程.py[line:39] INFO 请求数据信息为：{'account': '15500000000', 'password': '111111'}
2019-06-11 11:44:59,070 test3_购物车流程.py[line:39] INFO 请求数据信息为：{'account': '15500000000', 'password': '111111'}
2019-06-11 11:44:59,070 test3_购物车流程.py[line:39] INFO 请求数据信息为：{'account': '15500000000', 'password': '111111'}
2019-06-11 11:44:59,070 test3_购物车流程.py[line:39] INFO 请求数据信息为：{'account': '15500000000', 'password': '111111'}
2019-06-11 11:44:59,070 test3_购物车流程.py[line:39] INFO 请求数据信息为：{'account': '15500000000', 'password': '111111'}
2019-06-11 11:44:59,213 test3_购物车流程.py[line:41] INFO 返回数据信息为：{'code': 1, 'message': '登录成功', 'data': {'headImg': None, 'memberType': 3, 'memberId': 2723, 'username': '15500000000'}, 'success': True}
2019-06-11 11:44:59,213 test3_购物车流程.py[line:41] INFO 返回数据信息为：{'code': 1, 'message': '登录成功', 'data': {'headImg': None, 'memberType': 3, 'memberId': 2723, 'username': '15500000000'}, 'success': True}
2019-06-11 11:44:59,213 test3_购物车流程.py[line:41] INFO 返回数据信息为：{'code': 1, 'message': '登录成功', 'data': {'headImg': None, 'memberType': 3, 'memberId': 2723, 'username': '15500000000'}, 'success': True}
2019-06-11 11:44:59,213 test3_购物车流程.py[line:41] INFO 返回数据信息为：{'code': 1, 'message': '登录成功', 'data': {'headImg': None, 'memberType': 3, 'memberId': 2723, 'username': '15500000000'}, 'success': True}
2019-06-11 11:44:59,213 test3_购物车流程.py[line:41] INFO 返回数据信息为：{'code': 1, 'message': '登录成功', 'data': {'headImg': None, 'memberType': 3, 'memberId': 2723, 'username': '15500000000'}, 'success': True}
2019-06-11 11:44:59,213 test3_购物车流程.py[line:41] INFO 返回数据信息为：{'code': 1, 'message': '登录成功', 'data': {'headImg': None, 'memberType': 3, 'memberId': 2723, 'username': '15500000000'}, 'success': True}
2019-06-11 11:44:59,213 test3_购物车流程.py[line:41] INFO 返回数据信息为：{'code': 1, 'message': '登录成功', 'data': {'headImg': None, 'memberType': 3, 'memberId': 2723, 'username': '15500000000'}, 'success': True}
2019-06-11 11:44:59,213 test3_购物车流程.py[line:41] INFO 返回数据信息为：{'code': 1, 'message': '登录成功', 'data': {'headImg': None, 'memberType': 3, 'memberId': 2723, 'username': '15500000000'}, 'success': True}
2019-06-11 11:44:59,431 test3_购物车流程.py[line:44] INFO 登录成功
2019-06-11 11:44:59,431 test3_购物车流程.py[line:44] INFO 登录成功
2019-06-11 11:44:59,431 test3_购物车流程.py[line:44] INFO 登录成功
2019-06-11 11:44:59,431 test3_购物车流程.py[line:44] INFO 登录成功
2019-06-11 11:44:59,431 test3_购物车流程.py[line:44] INFO 登录成功
2019-06-11 11:44:59,431 test3_购物车流程.py[line:44] INFO 登录成功
2019-06-11 11:44:59,431 test3_购物车流程.py[line:44] INFO 登录成功
2019-06-11 11:44:59,431 test3_购物车流程.py[line:44] INFO 登录成功
2019-06-11 11:44:59,573 test3_购物车流程.py[line:48] INFO 加入购物车开始
2019-06-11 11:44:59,573 test3_购物车流程.py[line:48] INFO 加入购物车开始
2019-06-11 11:44:59,573 test3_购物车流程.py[line:48] INFO 加入购物车开始
2019-06-11 11:44:59,573 test3_购物车流程.py[line:48] INFO 加入购物车开始
2019-06-11 11:44:59,573 test3_购物车流程.py[line:48] INFO 加入购物车开始
2019-06-11 11:44:59,573 test3_购物车流程.py[line:48] INFO 加入购物车开始
2019-06-11 11:44:59,573 test3_购物车流程.py[line:48] INFO 加入购物车开始
2019-06-11 11:44:59,573 test3_购物车流程.py[line:48] INFO 加入购物车开始
2019-06-11 11:44:59,831 test3_购物车流程.py[line:54] INFO 添加购物车成功
2019-06-11 11:44:59,831 test3_购物车流程.py[line:54] INFO 添加购物车成功
2019-06-11 11:44:59,831 test3_购物车流程.py[line:54] INFO 添加购物车成功
2019-06-11 11:44:59,831 test3_购物车流程.py[line:54] INFO 添加购物车成功
2019-06-11 11:44:59,831 test3_购物车流程.py[line:54] INFO 添加购物车成功
2019-06-11 11:44:59,831 test3_购物车流程.py[line:54] INFO 添加购物车成功
2019-06-11 11:44:59,831 test3_购物车流程.py[line:54] INFO 添加购物车成功
2019-06-11 11:44:59,831 test3_购物车流程.py[line:54] INFO 添加购物车成功
2019-06-11 11:44:59,916 test3_购物车流程.py[line:59] INFO 查询购物车开始
2019-06-11 11:44:59,916 test3_购物车流程.py[line:59] INFO 查询购物车开始
2019-06-11 11:44:59,916 test3_购物车流程.py[line:59] INFO 查询购物车开始
2019-06-11 11:44:59,916 test3_购物车流程.py[line:59] INFO 查询购物车开始
2019-06-11 11:44:59,916 test3_购物车流程.py[line:59] INFO 查询购物车开始
2019-06-11 11:44:59,916 test3_购物车流程.py[line:59] INFO 查询购物车开始
2019-06-11 11:44:59,916 test3_购物车流程.py[line:59] INFO 查询购物车开始
2019-06-11 11:44:59,916 test3_购物车流程.py[line:59] INFO 查询购物车开始
2019-06-11 11:45:00,046 test3_购物车流程.py[line:61] INFO 返回数据:{'code': 1, 'message': '返回购物车信息!', 'data': [{'goodsList': [{'goodsImg': 'http://210.22.139.138:58803/myapp/uploads/attach/201904/d2/0f9158d4d7654ce8a723810ad2ce2108.jpg', 'goodsId': 3748, 'count': 1, 'isMarketable': 1, 'facId': 43, 'shopName': '施勤丰五金厂商城', 'agentDiscount': 0.6, 'prodType': 0, 'thisGoodsModel': '', 'modelName': '重口味', 'specNames': None, 'goodsPointPrice': 0.0, 'goodsPrice': 6.6, 'thisGoodsAttr': ['200', '黑'], 'storeName': None, 'id': 14515, 'shopId': 722, 'stock': 138, 'goodsName': '天业乐哈哈后来就好了回来后回来了回来了呵'}], 'shopName': '施勤丰五金厂', 'facId': {'factory_id': 43}, 'shopId': 722}, {'goodsList': [{'goodsImg': 'http://210.22.139.138:58803/myapp/uploads/attach/201904/d1/7038e72a94d142f4983ba78b86c76beb.jpg', 'goodsId': 3423, 'count': 1, 'isMarketable': 1, 'facId': 35, 'shopName': '龙华建材经销公司商城', 'agentDiscount': 0.5, 'prodType': 0, 'thisGoodsModel': '', 'modelName': '网络特供110', 'specNames': '19*19', 'goodsPointPrice': 0.0, 'goodsPrice': 10.0, 'thisGoodsAttr': ['黄'], 'storeName': None, 'id': 14437, 'shopId': 710, 'stock': 10, 'goodsName': '金刚石小锯片锋利耐磨云石片波纹型瓷砖大理'}], 'shopName': '龙华建材经销公司', 'facId': {'factory_id': 35}, 'shopId': 710}, {'goodsList': [{'goodsImg': 'http://210.22.139.138:58803/myapp/uploads/attach/201904/d1/791739b0b7cf40aab268e34d07f4237d.jpg', 'goodsId': 3581, 'count': 3, 'isMarketable': 1, 'facId': 42, 'shopName': '王猛五金厂', 'agentDiscount': 0.5, 'prodType': 0, 'thisGoodsModel': '', 'modelName': 'DD_00001', 'specNames': None, 'goodsPointPrice': 0.0, 'goodsPrice': 99.0, 'thisGoodsAttr': ['200M', '室内', '红'], 'storeName': None, 'id': 14510, 'shopId': 721, 'stock': 999999976, 'goodsName': '灯灯灯灯灯灯灯'}], 'shopName': '王猛五金厂', 'facId': {'factory_id': 42}, 'shopId': 721}], 'success': True}
2019-06-11 11:45:00,046 test3_购物车流程.py[line:61] INFO 返回数据:{'code': 1, 'message': '返回购物车信息!', 'data': [{'goodsList': [{'goodsImg': 'http://210.22.139.138:58803/myapp/uploads/attach/201904/d2/0f9158d4d7654ce8a723810ad2ce2108.jpg', 'goodsId': 3748, 'count': 1, 'isMarketable': 1, 'facId': 43, 'shopName': '施勤丰五金厂商城', 'agentDiscount': 0.6, 'prodType': 0, 'thisGoodsModel': '', 'modelName': '重口味', 'specNames': None, 'goodsPointPrice': 0.0, 'goodsPrice': 6.6, 'thisGoodsAttr': ['200', '黑'], 'storeName': None, 'id': 14515, 'shopId': 722, 'stock': 138, 'goodsName': '天业乐哈哈后来就好了回来后回来了回来了呵'}], 'shopName': '施勤丰五金厂', 'facId': {'factory_id': 43}, 'shopId': 722}, {'goodsList': [{'goodsImg': 'http://210.22.139.138:58803/myapp/uploads/attach/201904/d1/7038e72a94d142f4983ba78b86c76beb.jpg', 'goodsId': 3423, 'count': 1, 'isMarketable': 1, 'facId': 35, 'shopName': '龙华建材经销公司商城', 'agentDiscount': 0.5, 'prodType': 0, 'thisGoodsModel': '', 'modelName': '网络特供110', 'specNames': '19*19', 'goodsPointPrice': 0.0, 'goodsPrice': 10.0, 'thisGoodsAttr': ['黄'], 'storeName': None, 'id': 14437, 'shopId': 710, 'stock': 10, 'goodsName': '金刚石小锯片锋利耐磨云石片波纹型瓷砖大理'}], 'shopName': '龙华建材经销公司', 'facId': {'factory_id': 35}, 'shopId': 710}, {'goodsList': [{'goodsImg': 'http://210.22.139.138:58803/myapp/uploads/attach/201904/d1/791739b0b7cf40aab268e34d07f4237d.jpg', 'goodsId': 3581, 'count': 3, 'isMarketable': 1, 'facId': 42, 'shopName': '王猛五金厂', 'agentDiscount': 0.5, 'prodType': 0, 'thisGoodsModel': '', 'modelName': 'DD_00001', 'specNames': None, 'goodsPointPrice': 0.0, 'goodsPrice': 99.0, 'thisGoodsAttr': ['200M', '室内', '红'], 'storeName': None, 'id': 14510, 'shopId': 721, 'stock': 999999976, 'goodsName': '灯灯灯灯灯灯灯'}], 'shopName': '王猛五金厂', 'facId': {'factory_id': 42}, 'shopId': 721}], 'success': True}
2019-06-11 11:45:00,046 test3_购物车流程.py[line:61] INFO 返回数据:{'code': 1, 'message': '返回购物车信息!', 'data': [{'goodsList': [{'goodsImg': 'http://210.22.139.138:58803/myapp/uploads/attach/201904/d2/0f9158d4d7654ce8a723810ad2ce2108.jpg', 'goodsId': 3748, 'count': 1, 'isMarketable': 1, 'facId': 43, 'shopName': '施勤丰五金厂商城', 'agentDiscount': 0.6, 'prodType': 0, 'thisGoodsModel': '', 'modelName': '重口味', 'specNames': None, 'goodsPointPrice': 0.0, 'goodsPrice': 6.6, 'thisGoodsAttr': ['200', '黑'], 'storeName': None, 'id': 14515, 'shopId': 722, 'stock': 138, 'goodsName': '天业乐哈哈后来就好了回来后回来了回来了呵'}], 'shopName': '施勤丰五金厂', 'facId': {'factory_id': 43}, 'shopId': 722}, {'goodsList': [{'goodsImg': 'http://210.22.139.138:58803/myapp/uploads/attach/201904/d1/7038e72a94d142f4983ba78b86c76beb.jpg', 'goodsId': 3423, 'count': 1, 'isMarketable': 1, 'facId': 35, 'shopName': '龙华建材经销公司商城', 'agentDiscount': 0.5, 'prodType': 0, 'thisGoodsModel': '', 'modelName': '网络特供110', 'specNames': '19*19', 'goodsPointPrice': 0.0, 'goodsPrice': 10.0, 'thisGoodsAttr': ['黄'], 'storeName': None, 'id': 14437, 'shopId': 710, 'stock': 10, 'goodsName': '金刚石小锯片锋利耐磨云石片波纹型瓷砖大理'}], 'shopName': '龙华建材经销公司', 'facId': {'factory_id': 35}, 'shopId': 710}, {'goodsList': [{'goodsImg': 'http://210.22.139.138:58803/myapp/uploads/attach/201904/d1/791739b0b7cf40aab268e34d07f4237d.jpg', 'goodsId': 3581, 'count': 3, 'isMarketable': 1, 'facId': 42, 'shopName': '王猛五金厂', 'agentDiscount': 0.5, 'prodType': 0, 'thisGoodsModel': '', 'modelName': 'DD_00001', 'specNames': None, 'goodsPointPrice': 0.0, 'goodsPrice': 99.0, 'thisGoodsAttr': ['200M', '室内', '红'], 'storeName': None, 'id': 14510, 'shopId': 721, 'stock': 999999976, 'goodsName': '灯灯灯灯灯灯灯'}], 'shopName': '王猛五金厂', 'facId': {'factory_id': 42}, 'shopId': 721}], 'success': True}
2019-06-11 11:45:00,046 test3_购物车流程.py[line:61] INFO 返回数据:{'code': 1, 'message': '返回购物车信息!', 'data': [{'goodsList': [{'goodsImg': 'http://210.22.139.138:58803/myapp/uploads/attach/201904/d2/0f9158d4d7654ce8a723810ad2ce2108.jpg', 'goodsId': 3748, 'count': 1, 'isMarketable': 1, 'facId': 43, 'shopName': '施勤丰五金厂商城', 'agentDiscount': 0.6, 'prodType': 0, 'thisGoodsModel': '', 'modelName': '重口味', 'specNames': None, 'goodsPointPrice': 0.0, 'goodsPrice': 6.6, 'thisGoodsAttr': ['200', '黑'], 'storeName': None, 'id': 14515, 'shopId': 722, 'stock': 138, 'goodsName': '天业乐哈哈后来就好了回来后回来了回来了呵'}], 'shopName': '施勤丰五金厂', 'facId': {'factory_id': 43}, 'shopId': 722}, {'goodsList': [{'goodsImg': 'http://210.22.139.138:58803/myapp/uploads/attach/201904/d1/7038e72a94d142f4983ba78b86c76beb.jpg', 'goodsId': 3423, 'count': 1, 'isMarketable': 1, 'facId': 35, 'shopName': '龙华建材经销公司商城', 'agentDiscount': 0.5, 'prodType': 0, 'thisGoodsModel': '', 'modelName': '网络特供110', 'specNames': '19*19', 'goodsPointPrice': 0.0, 'goodsPrice': 10.0, 'thisGoodsAttr': ['黄'], 'storeName': None, 'id': 14437, 'shopId': 710, 'stock': 10, 'goodsName': '金刚石小锯片锋利耐磨云石片波纹型瓷砖大理'}], 'shopName': '龙华建材经销公司', 'facId': {'factory_id': 35}, 'shopId': 710}, {'goodsList': [{'goodsImg': 'http://210.22.139.138:58803/myapp/uploads/attach/201904/d1/791739b0b7cf40aab268e34d07f4237d.jpg', 'goodsId': 3581, 'count': 3, 'isMarketable': 1, 'facId': 42, 'shopName': '王猛五金厂', 'agentDiscount': 0.5, 'prodType': 0, 'thisGoodsModel': '', 'modelName': 'DD_00001', 'specNames': None, 'goodsPointPrice': 0.0, 'goodsPrice': 99.0, 'thisGoodsAttr': ['200M', '室内', '红'], 'storeName': None, 'id': 14510, 'shopId': 721, 'stock': 999999976, 'goodsName': '灯灯灯灯灯灯灯'}], 'shopName': '王猛五金厂', 'facId': {'factory_id': 42}, 'shopId': 721}], 'success': True}
2019-06-11 11:45:00,046 test3_购物车流程.py[line:61] INFO 返回数据:{'code': 1, 'message': '返回购物车信息!', 'data': [{'goodsList': [{'goodsImg': 'http://210.22.139.138:58803/myapp/uploads/attach/201904/d2/0f9158d4d7654ce8a723810ad2ce2108.jpg', 'goodsId': 3748, 'count': 1, 'isMarketable': 1, 'facId': 43, 'shopName': '施勤丰五金厂商城', 'agentDiscount': 0.6, 'prodType': 0, 'thisGoodsModel': '', 'modelName': '重口味', 'specNames': None, 'goodsPointPrice': 0.0, 'goodsPrice': 6.6, 'thisGoodsAttr': ['200', '黑'], 'storeName': None, 'id': 14515, 'shopId': 722, 'stock': 138, 'goodsName': '天业乐哈哈后来就好了回来后回来了回来了呵'}], 'shopName': '施勤丰五金厂', 'facId': {'factory_id': 43}, 'shopId': 722}, {'goodsList': [{'goodsImg': 'http://210.22.139.138:58803/myapp/uploads/attach/201904/d1/7038e72a94d142f4983ba78b86c76beb.jpg', 'goodsId': 3423, 'count': 1, 'isMarketable': 1, 'facId': 35, 'shopName': '龙华建材经销公司商城', 'agentDiscount': 0.5, 'prodType': 0, 'thisGoodsModel': '', 'modelName': '网络特供110', 'specNames': '19*19', 'goodsPointPrice': 0.0, 'goodsPrice': 10.0, 'thisGoodsAttr': ['黄'], 'storeName': None, 'id': 14437, 'shopId': 710, 'stock': 10, 'goodsName': '金刚石小锯片锋利耐磨云石片波纹型瓷砖大理'}], 'shopName': '龙华建材经销公司', 'facId': {'factory_id': 35}, 'shopId': 710}, {'goodsList': [{'goodsImg': 'http://210.22.139.138:58803/myapp/uploads/attach/201904/d1/791739b0b7cf40aab268e34d07f4237d.jpg', 'goodsId': 3581, 'count': 3, 'isMarketable': 1, 'facId': 42, 'shopName': '王猛五金厂', 'agentDiscount': 0.5, 'prodType': 0, 'thisGoodsModel': '', 'modelName': 'DD_00001', 'specNames': None, 'goodsPointPrice': 0.0, 'goodsPrice': 99.0, 'thisGoodsAttr': ['200M', '室内', '红'], 'storeName': None, 'id': 14510, 'shopId': 721, 'stock': 999999976, 'goodsName': '灯灯灯灯灯灯灯'}], 'shopName': '王猛五金厂', 'facId': {'factory_id': 42}, 'shopId': 721}], 'success': True}
2019-06-11 11:45:00,046 test3_购物车流程.py[line:61] INFO 返回数据:{'code': 1, 'message': '返回购物车信息!', 'data': [{'goodsList': [{'goodsImg': 'http://210.22.139.138:58803/myapp/uploads/attach/201904/d2/0f9158d4d7654ce8a723810ad2ce2108.jpg', 'goodsId': 3748, 'count': 1, 'isMarketable': 1, 'facId': 43, 'shopName': '施勤丰五金厂商城', 'agentDiscount': 0.6, 'prodType': 0, 'thisGoodsModel': '', 'modelName': '重口味', 'specNames': None, 'goodsPointPrice': 0.0, 'goodsPrice': 6.6, 'thisGoodsAttr': ['200', '黑'], 'storeName': None, 'id': 14515, 'shopId': 722, 'stock': 138, 'goodsName': '天业乐哈哈后来就好了回来后回来了回来了呵'}], 'shopName': '施勤丰五金厂', 'facId': {'factory_id': 43}, 'shopId': 722}, {'goodsList': [{'goodsImg': 'http://210.22.139.138:58803/myapp/uploads/attach/201904/d1/7038e72a94d142f4983ba78b86c76beb.jpg', 'goodsId': 3423, 'count': 1, 'isMarketable': 1, 'facId': 35, 'shopName': '龙华建材经销公司商城', 'agentDiscount': 0.5, 'prodType': 0, 'thisGoodsModel': '', 'modelName': '网络特供110', 'specNames': '19*19', 'goodsPointPrice': 0.0, 'goodsPrice': 10.0, 'thisGoodsAttr': ['黄'], 'storeName': None, 'id': 14437, 'shopId': 710, 'stock': 10, 'goodsName': '金刚石小锯片锋利耐磨云石片波纹型瓷砖大理'}], 'shopName': '龙华建材经销公司', 'facId': {'factory_id': 35}, 'shopId': 710}, {'goodsList': [{'goodsImg': 'http://210.22.139.138:58803/myapp/uploads/attach/201904/d1/791739b0b7cf40aab268e34d07f4237d.jpg', 'goodsId': 3581, 'count': 3, 'isMarketable': 1, 'facId': 42, 'shopName': '王猛五金厂', 'agentDiscount': 0.5, 'prodType': 0, 'thisGoodsModel': '', 'modelName': 'DD_00001', 'specNames': None, 'goodsPointPrice': 0.0, 'goodsPrice': 99.0, 'thisGoodsAttr': ['200M', '室内', '红'], 'storeName': None, 'id': 14510, 'shopId': 721, 'stock': 999999976, 'goodsName': '灯灯灯灯灯灯灯'}], 'shopName': '王猛五金厂', 'facId': {'factory_id': 42}, 'shopId': 721}], 'success': True}
2019-06-11 11:45:00,046 test3_购物车流程.py[line:61] INFO 返回数据:{'code': 1, 'message': '返回购物车信息!', 'data': [{'goodsList': [{'goodsImg': 'http://210.22.139.138:58803/myapp/uploads/attach/201904/d2/0f9158d4d7654ce8a723810ad2ce2108.jpg', 'goodsId': 3748, 'count': 1, 'isMarketable': 1, 'facId': 43, 'shopName': '施勤丰五金厂商城', 'agentDiscount': 0.6, 'prodType': 0, 'thisGoodsModel': '', 'modelName': '重口味', 'specNames': None, 'goodsPointPrice': 0.0, 'goodsPrice': 6.6, 'thisGoodsAttr': ['200', '黑'], 'storeName': None, 'id': 14515, 'shopId': 722, 'stock': 138, 'goodsName': '天业乐哈哈后来就好了回来后回来了回来了呵'}], 'shopName': '施勤丰五金厂', 'facId': {'factory_id': 43}, 'shopId': 722}, {'goodsList': [{'goodsImg': 'http://210.22.139.138:58803/myapp/uploads/attach/201904/d1/7038e72a94d142f4983ba78b86c76beb.jpg', 'goodsId': 3423, 'count': 1, 'isMarketable': 1, 'facId': 35, 'shopName': '龙华建材经销公司商城', 'agentDiscount': 0.5, 'prodType': 0, 'thisGoodsModel': '', 'modelName': '网络特供110', 'specNames': '19*19', 'goodsPointPrice': 0.0, 'goodsPrice': 10.0, 'thisGoodsAttr': ['黄'], 'storeName': None, 'id': 14437, 'shopId': 710, 'stock': 10, 'goodsName': '金刚石小锯片锋利耐磨云石片波纹型瓷砖大理'}], 'shopName': '龙华建材经销公司', 'facId': {'factory_id': 35}, 'shopId': 710}, {'goodsList': [{'goodsImg': 'http://210.22.139.138:58803/myapp/uploads/attach/201904/d1/791739b0b7cf40aab268e34d07f4237d.jpg', 'goodsId': 3581, 'count': 3, 'isMarketable': 1, 'facId': 42, 'shopName': '王猛五金厂', 'agentDiscount': 0.5, 'prodType': 0, 'thisGoodsModel': '', 'modelName': 'DD_00001', 'specNames': None, 'goodsPointPrice': 0.0, 'goodsPrice': 99.0, 'thisGoodsAttr': ['200M', '室内', '红'], 'storeName': None, 'id': 14510, 'shopId': 721, 'stock': 999999976, 'goodsName': '灯灯灯灯灯灯灯'}], 'shopName': '王猛五金厂', 'facId': {'factory_id': 42}, 'shopId': 721}], 'success': True}
2019-06-11 11:45:00,046 test3_购物车流程.py[line:61] INFO 返回数据:{'code': 1, 'message': '返回购物车信息!', 'data': [{'goodsList': [{'goodsImg': 'http://210.22.139.138:58803/myapp/uploads/attach/201904/d2/0f9158d4d7654ce8a723810ad2ce2108.jpg', 'goodsId': 3748, 'count': 1, 'isMarketable': 1, 'facId': 43, 'shopName': '施勤丰五金厂商城', 'agentDiscount': 0.6, 'prodType': 0, 'thisGoodsModel': '', 'modelName': '重口味', 'specNames': None, 'goodsPointPrice': 0.0, 'goodsPrice': 6.6, 'thisGoodsAttr': ['200', '黑'], 'storeName': None, 'id': 14515, 'shopId': 722, 'stock': 138, 'goodsName': '天业乐哈哈后来就好了回来后回来了回来了呵'}], 'shopName': '施勤丰五金厂', 'facId': {'factory_id': 43}, 'shopId': 722}, {'goodsList': [{'goodsImg': 'http://210.22.139.138:58803/myapp/uploads/attach/201904/d1/7038e72a94d142f4983ba78b86c76beb.jpg', 'goodsId': 3423, 'count': 1, 'isMarketable': 1, 'facId': 35, 'shopName': '龙华建材经销公司商城', 'agentDiscount': 0.5, 'prodType': 0, 'thisGoodsModel': '', 'modelName': '网络特供110', 'specNames': '19*19', 'goodsPointPrice': 0.0, 'goodsPrice': 10.0, 'thisGoodsAttr': ['黄'], 'storeName': None, 'id': 14437, 'shopId': 710, 'stock': 10, 'goodsName': '金刚石小锯片锋利耐磨云石片波纹型瓷砖大理'}], 'shopName': '龙华建材经销公司', 'facId': {'factory_id': 35}, 'shopId': 710}, {'goodsList': [{'goodsImg': 'http://210.22.139.138:58803/myapp/uploads/attach/201904/d1/791739b0b7cf40aab268e34d07f4237d.jpg', 'goodsId': 3581, 'count': 3, 'isMarketable': 1, 'facId': 42, 'shopName': '王猛五金厂', 'agentDiscount': 0.5, 'prodType': 0, 'thisGoodsModel': '', 'modelName': 'DD_00001', 'specNames': None, 'goodsPointPrice': 0.0, 'goodsPrice': 99.0, 'thisGoodsAttr': ['200M', '室内', '红'], 'storeName': None, 'id': 14510, 'shopId': 721, 'stock': 999999976, 'goodsName': '灯灯灯灯灯灯灯'}], 'shopName': '王猛五金厂', 'facId': {'factory_id': 42}, 'shopId': 721}], 'success': True}
2019-06-11 11:45:00,813 test3_购物车流程.py[line:66] INFO 查询购物车成功
2019-06-11 11:45:00,813 test3_购物车流程.py[line:66] INFO 查询购物车成功
2019-06-11 11:45:00,813 test3_购物车流程.py[line:66] INFO 查询购物车成功
2019-06-11 11:45:00,813 test3_购物车流程.py[line:66] INFO 查询购物车成功
2019-06-11 11:45:00,813 test3_购物车流程.py[line:66] INFO 查询购物车成功
2019-06-11 11:45:00,813 test3_购物车流程.py[line:66] INFO 查询购物车成功
2019-06-11 11:45:00,813 test3_购物车流程.py[line:66] INFO 查询购物车成功
2019-06-11 11:45:00,813 test3_购物车流程.py[line:66] INFO 查询购物车成功
2019-06-11 11:45:01,289 test3_购物车流程.py[line:70] INFO 删除购物车开始
2019-06-11 11:45:01,289 test3_购物车流程.py[line:70] INFO 删除购物车开始
2019-06-11 11:45:01,289 test3_购物车流程.py[line:70] INFO 删除购物车开始
2019-06-11 11:45:01,289 test3_购物车流程.py[line:70] INFO 删除购物车开始
2019-06-11 11:45:01,289 test3_购物车流程.py[line:70] INFO 删除购物车开始
2019-06-11 11:45:01,289 test3_购物车流程.py[line:70] INFO 删除购物车开始
2019-06-11 11:45:01,289 test3_购物车流程.py[line:70] INFO 删除购物车开始
2019-06-11 11:45:01,289 test3_购物车流程.py[line:70] INFO 删除购物车开始
2019-06-11 11:45:01,687 test3_购物车流程.py[line:72] INFO 返回数据信息为：{'code': 1, 'message': '删除购物车成功', 'data': '', 'success': True}
2019-06-11 11:45:01,687 test3_购物车流程.py[line:72] INFO 返回数据信息为：{'code': 1, 'message': '删除购物车成功', 'data': '', 'success': True}
2019-06-11 11:45:01,687 test3_购物车流程.py[line:72] INFO 返回数据信息为：{'code': 1, 'message': '删除购物车成功', 'data': '', 'success': True}
2019-06-11 11:45:01,687 test3_购物车流程.py[line:72] INFO 返回数据信息为：{'code': 1, 'message': '删除购物车成功', 'data': '', 'success': True}
2019-06-11 11:45:01,687 test3_购物车流程.py[line:72] INFO 返回数据信息为：{'code': 1, 'message': '删除购物车成功', 'data': '', 'success': True}
2019-06-11 11:45:01,687 test3_购物车流程.py[line:72] INFO 返回数据信息为：{'code': 1, 'message': '删除购物车成功', 'data': '', 'success': True}
2019-06-11 11:45:01,687 test3_购物车流程.py[line:72] INFO 返回数据信息为：{'code': 1, 'message': '删除购物车成功', 'data': '', 'success': True}
2019-06-11 11:45:01,687 test3_购物车流程.py[line:72] INFO 返回数据信息为：{'code': 1, 'message': '删除购物车成功', 'data': '', 'success': True}
2019-06-11 11:45:01,964 test3_购物车流程.py[line:74] INFO 删除购物车开始
2019-06-11 11:45:01,964 test3_购物车流程.py[line:74] INFO 删除购物车开始
2019-06-11 11:45:01,964 test3_购物车流程.py[line:74] INFO 删除购物车开始
2019-06-11 11:45:01,964 test3_购物车流程.py[line:74] INFO 删除购物车开始
2019-06-11 11:45:01,964 test3_购物车流程.py[line:74] INFO 删除购物车开始
2019-06-11 11:45:01,964 test3_购物车流程.py[line:74] INFO 删除购物车开始
2019-06-11 11:45:01,964 test3_购物车流程.py[line:74] INFO 删除购物车开始
2019-06-11 11:45:01,964 test3_购物车流程.py[line:74] INFO 删除购物车开始
2019-06-11 11:45:02,168 test3_购物车流程.py[line:81] INFO 删除购物车接口测试结果:用例总数1条，其中通过用例1条，失败用例0条
2019-06-11 11:45:02,168 test3_购物车流程.py[line:81] INFO 删除购物车接口测试结果:用例总数1条，其中通过用例1条，失败用例0条
2019-06-11 11:45:02,168 test3_购物车流程.py[line:81] INFO 删除购物车接口测试结果:用例总数1条，其中通过用例1条，失败用例0条
2019-06-11 11:45:02,168 test3_购物车流程.py[line:81] INFO 删除购物车接口测试结果:用例总数1条，其中通过用例1条，失败用例0条
2019-06-11 11:45:02,168 test3_购物车流程.py[line:81] INFO 删除购物车接口测试结果:用例总数1条，其中通过用例1条，失败用例0条
2019-06-11 11:45:02,168 test3_购物车流程.py[line:81] INFO 删除购物车接口测试结果:用例总数1条，其中通过用例1条，失败用例0条
2019-06-11 11:45:02,168 test3_购物车流程.py[line:81] INFO 删除购物车接口测试结果:用例总数1条，其中通过用例1条，失败用例0条
2019-06-11 11:45:02,168 test3_购物车流程.py[line:81] INFO 删除购物车接口测试结果:用例总数1条，其中通过用例1条，失败用例0条
2019-06-11 11:45:02,257 test9_加入购物车.py[line:21] INFO 本次接口测试请求地址为：http://192.168.3.214:8802/zlead/shopcart/addShoppingCart

2019-06-11 11:45:02,257 test9_加入购物车.py[line:21] INFO 本次接口测试请求地址为：http://192.168.3.214:8802/zlead/shopcart/addShoppingCart

2019-06-11 11:45:02,257 test9_加入购物车.py[line:21] INFO 本次接口测试请求地址为：http://192.168.3.214:8802/zlead/shopcart/addShoppingCart

2019-06-11 11:45:02,257 test9_加入购物车.py[line:21] INFO 本次接口测试请求地址为：http://192.168.3.214:8802/zlead/shopcart/addShoppingCart

2019-06-11 11:45:02,257 test9_加入购物车.py[line:21] INFO 本次接口测试请求地址为：http://192.168.3.214:8802/zlead/shopcart/addShoppingCart

2019-06-11 11:45:02,257 test9_加入购物车.py[line:21] INFO 本次接口测试请求地址为：http://192.168.3.214:8802/zlead/shopcart/addShoppingCart

2019-06-11 11:45:02,257 test9_加入购物车.py[line:21] INFO 本次接口测试请求地址为：http://192.168.3.214:8802/zlead/shopcart/addShoppingCart

2019-06-11 11:45:02,257 test9_加入购物车.py[line:21] INFO 本次接口测试请求地址为：http://192.168.3.214:8802/zlead/shopcart/addShoppingCart

2019-06-11 11:45:02,425 test9_加入购物车.py[line:47] INFO 获取cookie成功，cookies=<RequestsCookieJar[<Cookie JSESSIONID=B94053B0EA979948A140F5FCA1B20209 for 192.168.3.214/>]>
2019-06-11 11:45:02,425 test9_加入购物车.py[line:47] INFO 获取cookie成功，cookies=<RequestsCookieJar[<Cookie JSESSIONID=B94053B0EA979948A140F5FCA1B20209 for 192.168.3.214/>]>
2019-06-11 11:45:02,425 test9_加入购物车.py[line:47] INFO 获取cookie成功，cookies=<RequestsCookieJar[<Cookie JSESSIONID=B94053B0EA979948A140F5FCA1B20209 for 192.168.3.214/>]>
2019-06-11 11:45:02,425 test9_加入购物车.py[line:47] INFO 获取cookie成功，cookies=<RequestsCookieJar[<Cookie JSESSIONID=B94053B0EA979948A140F5FCA1B20209 for 192.168.3.214/>]>
2019-06-11 11:45:02,425 test9_加入购物车.py[line:47] INFO 获取cookie成功，cookies=<RequestsCookieJar[<Cookie JSESSIONID=B94053B0EA979948A140F5FCA1B20209 for 192.168.3.214/>]>
2019-06-11 11:45:02,425 test9_加入购物车.py[line:47] INFO 获取cookie成功，cookies=<RequestsCookieJar[<Cookie JSESSIONID=B94053B0EA979948A140F5FCA1B20209 for 192.168.3.214/>]>
2019-06-11 11:45:02,425 test9_加入购物车.py[line:47] INFO 获取cookie成功，cookies=<RequestsCookieJar[<Cookie JSESSIONID=B94053B0EA979948A140F5FCA1B20209 for 192.168.3.214/>]>
2019-06-11 11:45:02,425 test9_加入购物车.py[line:47] INFO 获取cookie成功，cookies=<RequestsCookieJar[<Cookie JSESSIONID=B94053B0EA979948A140F5FCA1B20209 for 192.168.3.214/>]>
2019-06-11 11:45:02,645 test9_加入购物车.py[line:49] INFO 登录成功
2019-06-11 11:45:02,645 test9_加入购物车.py[line:49] INFO 登录成功
2019-06-11 11:45:02,645 test9_加入购物车.py[line:49] INFO 登录成功
2019-06-11 11:45:02,645 test9_加入购物车.py[line:49] INFO 登录成功
2019-06-11 11:45:02,645 test9_加入购物车.py[line:49] INFO 登录成功
2019-06-11 11:45:02,645 test9_加入购物车.py[line:49] INFO 登录成功
2019-06-11 11:45:02,645 test9_加入购物车.py[line:49] INFO 登录成功
2019-06-11 11:45:02,645 test9_加入购物车.py[line:49] INFO 登录成功
2019-06-11 11:45:02,796 test9_加入购物车.py[line:54] INFO 第1条用例"添加购物车成功"开始执行
2019-06-11 11:45:02,796 test9_加入购物车.py[line:54] INFO 第1条用例"添加购物车成功"开始执行
2019-06-11 11:45:02,796 test9_加入购物车.py[line:54] INFO 第1条用例"添加购物车成功"开始执行
2019-06-11 11:45:02,796 test9_加入购物车.py[line:54] INFO 第1条用例"添加购物车成功"开始执行
2019-06-11 11:45:02,796 test9_加入购物车.py[line:54] INFO 第1条用例"添加购物车成功"开始执行
2019-06-11 11:45:02,796 test9_加入购物车.py[line:54] INFO 第1条用例"添加购物车成功"开始执行
2019-06-11 11:45:02,796 test9_加入购物车.py[line:54] INFO 第1条用例"添加购物车成功"开始执行
2019-06-11 11:45:02,796 test9_加入购物车.py[line:54] INFO 第1条用例"添加购物车成功"开始执行
2019-06-11 11:45:02,944 test9_加入购物车.py[line:58] INFO 请求数据:{'goodsId': '3581', 'count': '1', 'buyType': '0'}
2019-06-11 11:45:02,944 test9_加入购物车.py[line:58] INFO 请求数据:{'goodsId': '3581', 'count': '1', 'buyType': '0'}
2019-06-11 11:45:02,944 test9_加入购物车.py[line:58] INFO 请求数据:{'goodsId': '3581', 'count': '1', 'buyType': '0'}
2019-06-11 11:45:02,944 test9_加入购物车.py[line:58] INFO 请求数据:{'goodsId': '3581', 'count': '1', 'buyType': '0'}
2019-06-11 11:45:02,944 test9_加入购物车.py[line:58] INFO 请求数据:{'goodsId': '3581', 'count': '1', 'buyType': '0'}
2019-06-11 11:45:02,944 test9_加入购物车.py[line:58] INFO 请求数据:{'goodsId': '3581', 'count': '1', 'buyType': '0'}
2019-06-11 11:45:02,944 test9_加入购物车.py[line:58] INFO 请求数据:{'goodsId': '3581', 'count': '1', 'buyType': '0'}
2019-06-11 11:45:02,944 test9_加入购物车.py[line:58] INFO 请求数据:{'goodsId': '3581', 'count': '1', 'buyType': '0'}
2019-06-11 11:45:03,102 test9_加入购物车.py[line:62] INFO 返回数据:{'code': 1, 'message': '添加购物车成功！', 'data': '', 'success': True}
2019-06-11 11:45:03,102 test9_加入购物车.py[line:62] INFO 返回数据:{'code': 1, 'message': '添加购物车成功！', 'data': '', 'success': True}
2019-06-11 11:45:03,102 test9_加入购物车.py[line:62] INFO 返回数据:{'code': 1, 'message': '添加购物车成功！', 'data': '', 'success': True}
2019-06-11 11:45:03,102 test9_加入购物车.py[line:62] INFO 返回数据:{'code': 1, 'message': '添加购物车成功！', 'data': '', 'success': True}
2019-06-11 11:45:03,102 test9_加入购物车.py[line:62] INFO 返回数据:{'code': 1, 'message': '添加购物车成功！', 'data': '', 'success': True}
2019-06-11 11:45:03,102 test9_加入购物车.py[line:62] INFO 返回数据:{'code': 1, 'message': '添加购物车成功！', 'data': '', 'success': True}
2019-06-11 11:45:03,102 test9_加入购物车.py[line:62] INFO 返回数据:{'code': 1, 'message': '添加购物车成功！', 'data': '', 'success': True}
2019-06-11 11:45:03,102 test9_加入购物车.py[line:62] INFO 返回数据:{'code': 1, 'message': '添加购物车成功！', 'data': '', 'success': True}
2019-06-11 11:45:03,266 test9_加入购物车.py[line:66] INFO 添加购物车成功！
2019-06-11 11:45:03,266 test9_加入购物车.py[line:66] INFO 添加购物车成功！
2019-06-11 11:45:03,266 test9_加入购物车.py[line:66] INFO 添加购物车成功！
2019-06-11 11:45:03,266 test9_加入购物车.py[line:66] INFO 添加购物车成功！
2019-06-11 11:45:03,266 test9_加入购物车.py[line:66] INFO 添加购物车成功！
2019-06-11 11:45:03,266 test9_加入购物车.py[line:66] INFO 添加购物车成功！
2019-06-11 11:45:03,266 test9_加入购物车.py[line:66] INFO 添加购物车成功！
2019-06-11 11:45:03,266 test9_加入购物车.py[line:66] INFO 添加购物车成功！
2019-06-11 11:45:03,398 test9_加入购物车.py[line:70] INFO 第1条用例执行结束，执行结果:通过!

2019-06-11 11:45:03,398 test9_加入购物车.py[line:70] INFO 第1条用例执行结束，执行结果:通过!

2019-06-11 11:45:03,398 test9_加入购物车.py[line:70] INFO 第1条用例执行结束，执行结果:通过!

2019-06-11 11:45:03,398 test9_加入购物车.py[line:70] INFO 第1条用例执行结束，执行结果:通过!

2019-06-11 11:45:03,398 test9_加入购物车.py[line:70] INFO 第1条用例执行结束，执行结果:通过!

2019-06-11 11:45:03,398 test9_加入购物车.py[line:70] INFO 第1条用例执行结束，执行结果:通过!

2019-06-11 11:45:03,398 test9_加入购物车.py[line:70] INFO 第1条用例执行结束，执行结果:通过!

2019-06-11 11:45:03,398 test9_加入购物车.py[line:70] INFO 第1条用例执行结束，执行结果:通过!

2019-06-11 11:45:03,495 test9_加入购物车.py[line:54] INFO 第2条用例"添加购物车失败"开始执行
2019-06-11 11:45:03,495 test9_加入购物车.py[line:54] INFO 第2条用例"添加购物车失败"开始执行
2019-06-11 11:45:03,495 test9_加入购物车.py[line:54] INFO 第2条用例"添加购物车失败"开始执行
2019-06-11 11:45:03,495 test9_加入购物车.py[line:54] INFO 第2条用例"添加购物车失败"开始执行
2019-06-11 11:45:03,495 test9_加入购物车.py[line:54] INFO 第2条用例"添加购物车失败"开始执行
2019-06-11 11:45:03,495 test9_加入购物车.py[line:54] INFO 第2条用例"添加购物车失败"开始执行
2019-06-11 11:45:03,495 test9_加入购物车.py[line:54] INFO 第2条用例"添加购物车失败"开始执行
2019-06-11 11:45:03,495 test9_加入购物车.py[line:54] INFO 第2条用例"添加购物车失败"开始执行
2019-06-11 11:45:03,618 test9_加入购物车.py[line:58] INFO 请求数据:{'goodsId': '4102', 'count': '10', 'buyType': '0'}
2019-06-11 11:45:03,618 test9_加入购物车.py[line:58] INFO 请求数据:{'goodsId': '4102', 'count': '10', 'buyType': '0'}
2019-06-11 11:45:03,618 test9_加入购物车.py[line:58] INFO 请求数据:{'goodsId': '4102', 'count': '10', 'buyType': '0'}
2019-06-11 11:45:03,618 test9_加入购物车.py[line:58] INFO 请求数据:{'goodsId': '4102', 'count': '10', 'buyType': '0'}
2019-06-11 11:45:03,618 test9_加入购物车.py[line:58] INFO 请求数据:{'goodsId': '4102', 'count': '10', 'buyType': '0'}
2019-06-11 11:45:03,618 test9_加入购物车.py[line:58] INFO 请求数据:{'goodsId': '4102', 'count': '10', 'buyType': '0'}
2019-06-11 11:45:03,618 test9_加入购物车.py[line:58] INFO 请求数据:{'goodsId': '4102', 'count': '10', 'buyType': '0'}
2019-06-11 11:45:03,618 test9_加入购物车.py[line:58] INFO 请求数据:{'goodsId': '4102', 'count': '10', 'buyType': '0'}
2019-06-11 11:45:03,774 test9_加入购物车.py[line:62] INFO 返回数据:{'code': 2, 'message': '库存不足，无法加入购物车', 'data': '', 'success': False}
2019-06-11 11:45:03,774 test9_加入购物车.py[line:62] INFO 返回数据:{'code': 2, 'message': '库存不足，无法加入购物车', 'data': '', 'success': False}
2019-06-11 11:45:03,774 test9_加入购物车.py[line:62] INFO 返回数据:{'code': 2, 'message': '库存不足，无法加入购物车', 'data': '', 'success': False}
2019-06-11 11:45:03,774 test9_加入购物车.py[line:62] INFO 返回数据:{'code': 2, 'message': '库存不足，无法加入购物车', 'data': '', 'success': False}
2019-06-11 11:45:03,774 test9_加入购物车.py[line:62] INFO 返回数据:{'code': 2, 'message': '库存不足，无法加入购物车', 'data': '', 'success': False}
2019-06-11 11:45:03,774 test9_加入购物车.py[line:62] INFO 返回数据:{'code': 2, 'message': '库存不足，无法加入购物车', 'data': '', 'success': False}
2019-06-11 11:45:03,774 test9_加入购物车.py[line:62] INFO 返回数据:{'code': 2, 'message': '库存不足，无法加入购物车', 'data': '', 'success': False}
2019-06-11 11:45:03,774 test9_加入购物车.py[line:62] INFO 返回数据:{'code': 2, 'message': '库存不足，无法加入购物车', 'data': '', 'success': False}
2019-06-11 11:45:03,927 test9_加入购物车.py[line:66] INFO 库存不足，无法加入购物车
2019-06-11 11:45:03,927 test9_加入购物车.py[line:66] INFO 库存不足，无法加入购物车
2019-06-11 11:45:03,927 test9_加入购物车.py[line:66] INFO 库存不足，无法加入购物车
2019-06-11 11:45:03,927 test9_加入购物车.py[line:66] INFO 库存不足，无法加入购物车
2019-06-11 11:45:03,927 test9_加入购物车.py[line:66] INFO 库存不足，无法加入购物车
2019-06-11 11:45:03,927 test9_加入购物车.py[line:66] INFO 库存不足，无法加入购物车
2019-06-11 11:45:03,927 test9_加入购物车.py[line:66] INFO 库存不足，无法加入购物车
2019-06-11 11:45:03,927 test9_加入购物车.py[line:66] INFO 库存不足，无法加入购物车
2019-06-11 11:45:04,081 test9_加入购物车.py[line:70] INFO 第2条用例执行结束，执行结果:通过!

2019-06-11 11:45:04,081 test9_加入购物车.py[line:70] INFO 第2条用例执行结束，执行结果:通过!

2019-06-11 11:45:04,081 test9_加入购物车.py[line:70] INFO 第2条用例执行结束，执行结果:通过!

2019-06-11 11:45:04,081 test9_加入购物车.py[line:70] INFO 第2条用例执行结束，执行结果:通过!

2019-06-11 11:45:04,081 test9_加入购物车.py[line:70] INFO 第2条用例执行结束，执行结果:通过!

2019-06-11 11:45:04,081 test9_加入购物车.py[line:70] INFO 第2条用例执行结束，执行结果:通过!

2019-06-11 11:45:04,081 test9_加入购物车.py[line:70] INFO 第2条用例执行结束，执行结果:通过!

2019-06-11 11:45:04,081 test9_加入购物车.py[line:70] INFO 第2条用例执行结束，执行结果:通过!

2019-06-11 11:45:04,193 test9_加入购物车.py[line:104] INFO 加入购物车模块测试结果:用例总数2其中通过用例2条，失败用例0条
2019-06-11 11:45:04,193 test9_加入购物车.py[line:104] INFO 加入购物车模块测试结果:用例总数2其中通过用例2条，失败用例0条
2019-06-11 11:45:04,193 test9_加入购物车.py[line:104] INFO 加入购物车模块测试结果:用例总数2其中通过用例2条，失败用例0条
2019-06-11 11:45:04,193 test9_加入购物车.py[line:104] INFO 加入购物车模块测试结果:用例总数2其中通过用例2条，失败用例0条
2019-06-11 11:45:04,193 test9_加入购物车.py[line:104] INFO 加入购物车模块测试结果:用例总数2其中通过用例2条，失败用例0条
2019-06-11 11:45:04,193 test9_加入购物车.py[line:104] INFO 加入购物车模块测试结果:用例总数2其中通过用例2条，失败用例0条
2019-06-11 11:45:04,193 test9_加入购物车.py[line:104] INFO 加入购物车模块测试结果:用例总数2其中通过用例2条，失败用例0条
2019-06-11 11:45:04,193 test9_加入购物车.py[line:104] INFO 加入购物车模块测试结果:用例总数2其中通过用例2条，失败用例0条
